{"timestamp":"2026-01-11T23:33:37.049062Z","level":"info","event":"DAG bundles loaded: dags-folder, example_dags","logger":"airflow.dag_processing.bundles.manager.DagBundlesManager","filename":"manager.py","lineno":179}
{"timestamp":"2026-01-11T23:33:37.049573Z","level":"info","event":"Filling up the DagBag from /repos/labs/airflow/dags/mongodb_rs_rollback.py","logger":"airflow.models.dagbag.DagBag","filename":"dagbag.py","lineno":593}
{"timestamp":"2026-01-11T23:33:37.152112Z","level":"info","event":"Task instance is in running state","logger":"task.stdout"}
{"timestamp":"2026-01-11T23:33:37.152227Z","level":"info","event":" Previous state of the Task instance: TaskInstanceState.QUEUED","logger":"task.stdout"}
{"timestamp":"2026-01-11T23:33:37.152355Z","level":"info","event":"Current task name:downgrade_secondaries_sequentially","logger":"task.stdout"}
{"timestamp":"2026-01-11T23:33:37.152401Z","level":"info","event":"Dag name:mongodb_rs_rollback_v8_to_v7","logger":"task.stdout"}
{"timestamp":"2026-01-11T23:33:37.268825Z","level":"info","event":"Starting downgrade for secondary: db-2","logger":"task.stdout"}
{"timestamp":"2026-01-11T23:33:37.325518Z","level":"warning","event":"No Host Key Verification. This won't protect against Man-In-The-Middle attacks","logger":"airflow.task.hooks.airflow.providers.ssh.hooks.ssh.SSHHook","filename":"ssh.py","lineno":297}
{"timestamp":"2026-01-11T23:33:37.336198Z","level":"info","event":"Connected (version 2.0, client OpenSSH_8.7)","logger":"paramiko.transport","filename":"transport.py","lineno":1944}
{"timestamp":"2026-01-11T23:33:37.426460Z","level":"info","event":"Authentication (publickey) successful!","logger":"paramiko.transport","filename":"transport.py","lineno":1944}
{"timestamp":"2026-01-11T23:34:24.862507Z","level":"info","event":"Downgrade output for db-2:","logger":"task.stdout"}
{"timestamp":"2026-01-11T23:34:24.862735Z","level":"info","event":"Starting Rollback on db-2...","logger":"task.stdout"}
{"timestamp":"2026-01-11T23:34:24.862828Z","level":"info","event":"Detected OS: rocky","logger":"task.stdout"}
{"timestamp":"2026-01-11T23:34:24.862880Z","level":"info","event":"Stopping MongoDB...","logger":"task.stdout"}
{"timestamp":"2026-01-11T23:34:24.862949Z","level":"info","event":"Running RHEL/Rocky downgrade path...","logger":"task.stdout"}
{"timestamp":"2026-01-11T23:34:24.863004Z","level":"info","event":"Switching Repositories...","logger":"task.stdout"}
{"timestamp":"2026-01-11T23:34:24.863050Z","level":"info","event":"<*> All done!","logger":"task.stdout"}
{"timestamp":"2026-01-11T23:34:24.863093Z","level":"info","event":"* Enabling the Percona Server for MongoDB 7.0 repository","logger":"task.stdout"}
{"timestamp":"2026-01-11T23:34:24.863136Z","level":"info","event":"<*> All done!","logger":"task.stdout"}
{"timestamp":"2026-01-11T23:34:24.863180Z","level":"info","event":"Downgrading to Percona Server for MongoDB 7.0...","logger":"task.stdout"}
{"timestamp":"2026-01-11T23:34:24.863227Z","level":"info","event":"Percona Server for MongoDB 7.0 release/x86_64 Y 3.8 kB/s | 1.5 kB     00:00","logger":"task.stdout"}
{"timestamp":"2026-01-11T23:34:24.863281Z","level":"info","event":"Dependencies resolved.","logger":"task.stdout"}
{"timestamp":"2026-01-11T23:34:24.863332Z","level":"info","event":"================================================================================","logger":"task.stdout"}
{"timestamp":"2026-01-11T23:34:24.863378Z","level":"info","event":" Package                     Arch   Version       Repository               Size","logger":"task.stdout"}
{"timestamp":"2026-01-11T23:34:24.863428Z","level":"info","event":"================================================================================","logger":"task.stdout"}
{"timestamp":"2026-01-11T23:34:24.863472Z","level":"info","event":"Downgrading:","logger":"task.stdout"}
{"timestamp":"2026-01-11T23:34:24.863519Z","level":"info","event":" percona-server-mongodb      x86_64 7.0.28-15.el9 psmdb-70-release-x86_64 8.2 k","logger":"task.stdout"}
{"timestamp":"2026-01-11T23:34:24.863582Z","level":"info","event":" percona-server-mongodb-mongos","logger":"task.stdout"}
{"timestamp":"2026-01-11T23:34:24.863651Z","level":"info","event":"                             x86_64 7.0.28-15.el9 psmdb-70-release-x86_64  25 M","logger":"task.stdout"}
{"timestamp":"2026-01-11T23:34:24.863718Z","level":"info","event":" percona-server-mongodb-server","logger":"task.stdout"}
{"timestamp":"2026-01-11T23:34:24.863785Z","level":"info","event":"                             x86_64 7.0.28-15.el9 psmdb-70-release-x86_64  57 M","logger":"task.stdout"}
{"timestamp":"2026-01-11T23:34:24.863839Z","level":"info","event":" percona-server-mongodb-tools","logger":"task.stdout"}
{"timestamp":"2026-01-11T23:34:24.863880Z","level":"info","event":"                             x86_64 7.0.28-15.el9 psmdb-70-release-x86_64  32 M","logger":"task.stdout"}
{"timestamp":"2026-01-11T23:34:24.863938Z","level":"info","event":"","logger":"task.stdout"}
{"timestamp":"2026-01-11T23:34:24.863975Z","level":"info","event":"Transaction Summary","logger":"task.stdout"}
{"timestamp":"2026-01-11T23:34:24.864008Z","level":"info","event":"================================================================================","logger":"task.stdout"}
{"timestamp":"2026-01-11T23:34:24.864041Z","level":"info","event":"Downgrade  4 Packages","logger":"task.stdout"}
{"timestamp":"2026-01-11T23:34:24.864073Z","level":"info","event":"","logger":"task.stdout"}
{"timestamp":"2026-01-11T23:34:24.864105Z","level":"info","event":"Total download size: 115 M","logger":"task.stdout"}
{"timestamp":"2026-01-11T23:34:24.864137Z","level":"info","event":"Downloading Packages:","logger":"task.stdout"}
{"timestamp":"2026-01-11T23:34:24.864168Z","level":"info","event":"(1/4): percona-server-mongodb-7.0.28-15.el9.x86  20 kB/s | 8.2 kB     00:00","logger":"task.stdout"}
{"timestamp":"2026-01-11T23:34:24.864199Z","level":"info","event":"(2/4): percona-server-mongodb-mongos-7.0.28-15. 5.8 MB/s |  25 MB     00:04","logger":"task.stdout"}
{"timestamp":"2026-01-11T23:34:24.864230Z","level":"info","event":"(3/4): percona-server-mongodb-tools-7.0.28-15.e 8.2 MB/s |  32 MB     00:03","logger":"task.stdout"}
{"timestamp":"2026-01-11T23:34:24.864262Z","level":"info","event":"(4/4): percona-server-mongodb-server-7.0.28-15. 7.8 MB/s |  57 MB     00:07","logger":"task.stdout"}
{"timestamp":"2026-01-11T23:34:24.864293Z","level":"info","event":"--------------------------------------------------------------------------------","logger":"task.stdout"}
{"timestamp":"2026-01-11T23:34:24.864325Z","level":"info","event":"Total                                            16 MB/s | 115 MB     00:07","logger":"task.stdout"}
{"timestamp":"2026-01-11T23:34:24.864357Z","level":"info","event":"Running transaction check","logger":"task.stdout"}
{"timestamp":"2026-01-11T23:34:24.864388Z","level":"info","event":"Transaction check succeeded.","logger":"task.stdout"}
{"timestamp":"2026-01-11T23:34:24.864419Z","level":"info","event":"Running transaction test","logger":"task.stdout"}
{"timestamp":"2026-01-11T23:34:24.864450Z","level":"info","event":"Transaction test succeeded.","logger":"task.stdout"}
{"timestamp":"2026-01-11T23:34:24.864481Z","level":"info","event":"Running transaction","logger":"task.stdout"}
{"timestamp":"2026-01-11T23:34:24.864511Z","level":"info","event":"  Preparing        :                                                        1/1","logger":"task.stdout"}
{"timestamp":"2026-01-11T23:34:24.864543Z","level":"info","event":"  Downgrading      : percona-server-mongodb-tools-7.0.28-15.el9.x86_64      1/8","logger":"task.stdout"}
{"timestamp":"2026-01-11T23:34:24.864574Z","level":"info","event":"  Running scriptlet: percona-server-mongodb-server-7.0.28-15.el9.x86_64     2/8","logger":"task.stdout"}
{"timestamp":"2026-01-11T23:34:24.864604Z","level":"info","event":"  Downgrading      : percona-server-mongodb-server-7.0.28-15.el9.x86_64     2/8","logger":"task.stdout"}
{"timestamp":"2026-01-11T23:34:24.864635Z","level":"info","event":"warning: /etc/mongod.conf created as /etc/mongod.conf.rpmnew","logger":"task.stdout"}
{"timestamp":"2026-01-11T23:34:24.864666Z","level":"info","event":"","logger":"task.stdout"}
{"timestamp":"2026-01-11T23:34:24.864703Z","level":"info","event":"  Running scriptlet: percona-server-mongodb-server-7.0.28-15.el9.x86_64     2/8","logger":"task.stdout"}
{"timestamp":"2026-01-11T23:34:24.864737Z","level":"info","event":" * To start the service, configure your engine and start mongod","logger":"task.stdout"}
{"timestamp":"2026-01-11T23:34:24.864770Z","level":"info","event":"","logger":"task.stdout"}
{"timestamp":"2026-01-11T23:34:24.864813Z","level":"info","event":"  Running scriptlet: percona-server-mongodb-mongos-7.0.28-15.el9.x86_64     3/8","logger":"task.stdout"}
{"timestamp":"2026-01-11T23:34:24.864849Z","level":"info","event":"  Downgrading      : percona-server-mongodb-mongos-7.0.28-15.el9.x86_64     3/8","logger":"task.stdout"}
{"timestamp":"2026-01-11T23:34:24.864891Z","level":"info","event":"  Running scriptlet: percona-server-mongodb-mongos-7.0.28-15.el9.x86_64     3/8","logger":"task.stdout"}
{"timestamp":"2026-01-11T23:34:24.864950Z","level":"info","event":"  Downgrading      : percona-server-mongodb-7.0.28-15.el9.x86_64            4/8","logger":"task.stdout"}
{"timestamp":"2026-01-11T23:34:24.864989Z","level":"info","event":"  Cleanup          : percona-server-mongodb-8.0.16-5.el9.x86_64             5/8","logger":"task.stdout"}
{"timestamp":"2026-01-11T23:34:24.865022Z","level":"info","event":"  Cleanup          : percona-server-mongodb-mongos-8.0.16-5.el9.x86_64      6/8","logger":"task.stdout"}
{"timestamp":"2026-01-11T23:34:24.865054Z","level":"info","event":"  Running scriptlet: percona-server-mongodb-mongos-8.0.16-5.el9.x86_64      6/8","logger":"task.stdout"}
{"timestamp":"2026-01-11T23:34:24.865085Z","level":"info","event":"  Running scriptlet: percona-server-mongodb-server-8.0.16-5.el9.x86_64      7/8","logger":"task.stdout"}
{"timestamp":"2026-01-11T23:34:24.865118Z","level":"info","event":"  Cleanup          : percona-server-mongodb-server-8.0.16-5.el9.x86_64      7/8","logger":"task.stdout"}
{"timestamp":"2026-01-11T23:34:24.865153Z","level":"info","event":"  Running scriptlet: percona-server-mongodb-server-8.0.16-5.el9.x86_64      7/8","logger":"task.stdout"}
{"timestamp":"2026-01-11T23:34:24.865185Z","level":"info","event":"  Cleanup          : percona-server-mongodb-tools-8.0.16-5.el9.x86_64       8/8","logger":"task.stdout"}
{"timestamp":"2026-01-11T23:34:24.865217Z","level":"info","event":"  Running scriptlet: percona-server-mongodb-tools-8.0.16-5.el9.x86_64       8/8","logger":"task.stdout"}
{"timestamp":"2026-01-11T23:34:24.865249Z","level":"info","event":"  Verifying        : percona-server-mongodb-7.0.28-15.el9.x86_64            1/8","logger":"task.stdout"}
{"timestamp":"2026-01-11T23:34:24.865281Z","level":"info","event":"  Verifying        : percona-server-mongodb-8.0.16-5.el9.x86_64             2/8","logger":"task.stdout"}
{"timestamp":"2026-01-11T23:34:24.865313Z","level":"info","event":"  Verifying        : percona-server-mongodb-mongos-7.0.28-15.el9.x86_64     3/8","logger":"task.stdout"}
{"timestamp":"2026-01-11T23:34:24.865344Z","level":"info","event":"  Verifying        : percona-server-mongodb-mongos-8.0.16-5.el9.x86_64      4/8","logger":"task.stdout"}
{"timestamp":"2026-01-11T23:34:24.865376Z","level":"info","event":"  Verifying        : percona-server-mongodb-server-7.0.28-15.el9.x86_64     5/8","logger":"task.stdout"}
{"timestamp":"2026-01-11T23:34:24.865407Z","level":"info","event":"  Verifying        : percona-server-mongodb-server-8.0.16-5.el9.x86_64      6/8","logger":"task.stdout"}
{"timestamp":"2026-01-11T23:34:24.865438Z","level":"info","event":"  Verifying        : percona-server-mongodb-tools-7.0.28-15.el9.x86_64      7/8","logger":"task.stdout"}
{"timestamp":"2026-01-11T23:34:24.865467Z","level":"info","event":"  Verifying        : percona-server-mongodb-tools-8.0.16-5.el9.x86_64       8/8","logger":"task.stdout"}
{"timestamp":"2026-01-11T23:34:24.865498Z","level":"info","event":"","logger":"task.stdout"}
{"timestamp":"2026-01-11T23:34:24.865528Z","level":"info","event":"Downgraded:","logger":"task.stdout"}
{"timestamp":"2026-01-11T23:34:24.865564Z","level":"info","event":"  percona-server-mongodb-7.0.28-15.el9.x86_64","logger":"task.stdout"}
{"timestamp":"2026-01-11T23:34:24.865651Z","level":"info","event":"  percona-server-mongodb-mongos-7.0.28-15.el9.x86_64","logger":"task.stdout"}
{"timestamp":"2026-01-11T23:34:24.865692Z","level":"info","event":"  percona-server-mongodb-server-7.0.28-15.el9.x86_64","logger":"task.stdout"}
{"timestamp":"2026-01-11T23:34:24.865727Z","level":"info","event":"  percona-server-mongodb-tools-7.0.28-15.el9.x86_64","logger":"task.stdout"}
{"timestamp":"2026-01-11T23:34:24.865759Z","level":"info","event":"","logger":"task.stdout"}
{"timestamp":"2026-01-11T23:34:24.865790Z","level":"info","event":"Complete!","logger":"task.stdout"}
{"timestamp":"2026-01-11T23:34:24.865834Z","level":"info","event":"Starting MongoDB...","logger":"task.stdout"}
{"timestamp":"2026-01-11T23:34:24.865868Z","level":"info","event":"Waiting for health check...","logger":"task.stdout"}
{"timestamp":"2026-01-11T23:34:24.865926Z","level":"info","event":"MongoDB is up!","logger":"task.stdout"}
{"timestamp":"2026-01-11T23:34:24.865964Z","level":"info","event":"","logger":"task.stdout"}
{"timestamp":"2026-01-11T23:34:24.865996Z","level":"info","event":"Waiting for db-2 to rejoin as SECONDARY...","logger":"task.stdout"}
{"timestamp":"2026-01-11T23:34:24.868683Z","level":"info","event":"Current state of db-2: (not reachable/healthy)","logger":"task.stdout"}
{"timestamp":"2026-01-11T23:34:34.878727Z","level":"info","event":"Current state of db-2: SECONDARY","logger":"task.stdout"}
{"timestamp":"2026-01-11T23:34:34.878892Z","level":"info","event":"db-2 is healthy and caught up.","logger":"task.stdout"}
{"timestamp":"2026-01-11T23:34:34.878953Z","level":"info","event":"Starting downgrade for secondary: db-3","logger":"task.stdout"}
{"timestamp":"2026-01-11T23:34:34.931161Z","level":"warning","event":"No Host Key Verification. This won't protect against Man-In-The-Middle attacks","logger":"airflow.task.hooks.airflow.providers.ssh.hooks.ssh.SSHHook","filename":"ssh.py","lineno":297}
{"timestamp":"2026-01-11T23:34:34.941853Z","level":"info","event":"Connected (version 2.0, client OpenSSH_8.7)","logger":"paramiko.transport","filename":"transport.py","lineno":1944}
{"timestamp":"2026-01-11T23:34:35.026058Z","level":"info","event":"Authentication (publickey) successful!","logger":"paramiko.transport","filename":"transport.py","lineno":1944}
{"timestamp":"2026-01-11T23:35:13.342124Z","level":"info","event":"Downgrade output for db-3:","logger":"task.stdout"}
{"timestamp":"2026-01-11T23:35:13.342368Z","level":"info","event":"Starting Rollback on db-3...","logger":"task.stdout"}
{"timestamp":"2026-01-11T23:35:13.342460Z","level":"info","event":"Detected OS: rocky","logger":"task.stdout"}
{"timestamp":"2026-01-11T23:35:13.342522Z","level":"info","event":"Stopping MongoDB...","logger":"task.stdout"}
{"timestamp":"2026-01-11T23:35:13.342568Z","level":"info","event":"Running RHEL/Rocky downgrade path...","logger":"task.stdout"}
{"timestamp":"2026-01-11T23:35:13.342611Z","level":"info","event":"Switching Repositories...","logger":"task.stdout"}
{"timestamp":"2026-01-11T23:35:13.342660Z","level":"info","event":"<*> All done!","logger":"task.stdout"}
{"timestamp":"2026-01-11T23:35:13.342729Z","level":"info","event":"* Enabling the Percona Server for MongoDB 7.0 repository","logger":"task.stdout"}
{"timestamp":"2026-01-11T23:35:13.342779Z","level":"info","event":"<*> All done!","logger":"task.stdout"}
{"timestamp":"2026-01-11T23:35:13.342841Z","level":"info","event":"Downgrading to Percona Server for MongoDB 7.0...","logger":"task.stdout"}
{"timestamp":"2026-01-11T23:35:13.342891Z","level":"info","event":"Percona Server for MongoDB 7.0 release/x86_64 Y 3.7 kB/s | 1.5 kB     00:00","logger":"task.stdout"}
{"timestamp":"2026-01-11T23:35:13.342936Z","level":"info","event":"Dependencies resolved.","logger":"task.stdout"}
{"timestamp":"2026-01-11T23:35:13.342977Z","level":"info","event":"================================================================================","logger":"task.stdout"}
{"timestamp":"2026-01-11T23:35:13.343029Z","level":"info","event":" Package                     Arch   Version       Repository               Size","logger":"task.stdout"}
{"timestamp":"2026-01-11T23:35:13.343105Z","level":"info","event":"================================================================================","logger":"task.stdout"}
{"timestamp":"2026-01-11T23:35:13.343160Z","level":"info","event":"Downgrading:","logger":"task.stdout"}
{"timestamp":"2026-01-11T23:35:13.343205Z","level":"info","event":" percona-server-mongodb      x86_64 7.0.28-15.el9 psmdb-70-release-x86_64 8.2 k","logger":"task.stdout"}
{"timestamp":"2026-01-11T23:35:13.343247Z","level":"info","event":" percona-server-mongodb-mongos","logger":"task.stdout"}
{"timestamp":"2026-01-11T23:35:13.343288Z","level":"info","event":"                             x86_64 7.0.28-15.el9 psmdb-70-release-x86_64  25 M","logger":"task.stdout"}
{"timestamp":"2026-01-11T23:35:13.343328Z","level":"info","event":" percona-server-mongodb-server","logger":"task.stdout"}
{"timestamp":"2026-01-11T23:35:13.343374Z","level":"info","event":"                             x86_64 7.0.28-15.el9 psmdb-70-release-x86_64  57 M","logger":"task.stdout"}
{"timestamp":"2026-01-11T23:35:13.343424Z","level":"info","event":" percona-server-mongodb-tools","logger":"task.stdout"}
{"timestamp":"2026-01-11T23:35:13.343480Z","level":"info","event":"                             x86_64 7.0.28-15.el9 psmdb-70-release-x86_64  32 M","logger":"task.stdout"}
{"timestamp":"2026-01-11T23:35:13.343517Z","level":"info","event":"","logger":"task.stdout"}
{"timestamp":"2026-01-11T23:35:13.343550Z","level":"info","event":"Transaction Summary","logger":"task.stdout"}
{"timestamp":"2026-01-11T23:35:13.343582Z","level":"info","event":"================================================================================","logger":"task.stdout"}
{"timestamp":"2026-01-11T23:35:13.343614Z","level":"info","event":"Downgrade  4 Packages","logger":"task.stdout"}
{"timestamp":"2026-01-11T23:35:13.343645Z","level":"info","event":"","logger":"task.stdout"}
{"timestamp":"2026-01-11T23:35:13.343676Z","level":"info","event":"Total download size: 115 M","logger":"task.stdout"}
{"timestamp":"2026-01-11T23:35:13.343708Z","level":"info","event":"Downloading Packages:","logger":"task.stdout"}
{"timestamp":"2026-01-11T23:35:13.343741Z","level":"info","event":"(1/4): percona-server-mongodb-7.0.28-15.el9.x86  20 kB/s | 8.2 kB     00:00","logger":"task.stdout"}
{"timestamp":"2026-01-11T23:35:13.343773Z","level":"info","event":"(2/4): percona-server-mongodb-mongos-7.0.28-15. 6.2 MB/s |  25 MB     00:03","logger":"task.stdout"}
{"timestamp":"2026-01-11T23:35:13.343815Z","level":"info","event":"(3/4): percona-server-mongodb-tools-7.0.28-15.e 7.7 MB/s |  32 MB     00:04","logger":"task.stdout"}
{"timestamp":"2026-01-11T23:35:13.343849Z","level":"info","event":"(4/4): percona-server-mongodb-server-7.0.28-15. 6.8 MB/s |  57 MB     00:08","logger":"task.stdout"}
{"timestamp":"2026-01-11T23:35:13.343881Z","level":"info","event":"--------------------------------------------------------------------------------","logger":"task.stdout"}
{"timestamp":"2026-01-11T23:35:13.343913Z","level":"info","event":"Total                                            14 MB/s | 115 MB     00:08","logger":"task.stdout"}
{"timestamp":"2026-01-11T23:35:13.343945Z","level":"info","event":"Running transaction check","logger":"task.stdout"}
{"timestamp":"2026-01-11T23:35:13.343975Z","level":"info","event":"Transaction check succeeded.","logger":"task.stdout"}
{"timestamp":"2026-01-11T23:35:13.344006Z","level":"info","event":"Running transaction test","logger":"task.stdout"}
{"timestamp":"2026-01-11T23:35:13.344036Z","level":"info","event":"Transaction test succeeded.","logger":"task.stdout"}
{"timestamp":"2026-01-11T23:35:13.344066Z","level":"info","event":"Running transaction","logger":"task.stdout"}
{"timestamp":"2026-01-11T23:35:13.344097Z","level":"info","event":"  Preparing        :                                                        1/1","logger":"task.stdout"}
{"timestamp":"2026-01-11T23:35:13.344131Z","level":"info","event":"  Downgrading      : percona-server-mongodb-tools-7.0.28-15.el9.x86_64      1/8","logger":"task.stdout"}
{"timestamp":"2026-01-11T23:35:13.344163Z","level":"info","event":"  Running scriptlet: percona-server-mongodb-server-7.0.28-15.el9.x86_64     2/8","logger":"task.stdout"}
{"timestamp":"2026-01-11T23:35:13.344193Z","level":"info","event":"  Downgrading      : percona-server-mongodb-server-7.0.28-15.el9.x86_64     2/8","logger":"task.stdout"}
{"timestamp":"2026-01-11T23:35:13.344223Z","level":"info","event":"warning: /etc/mongod.conf created as /etc/mongod.conf.rpmnew","logger":"task.stdout"}
{"timestamp":"2026-01-11T23:35:13.344255Z","level":"info","event":"","logger":"task.stdout"}
{"timestamp":"2026-01-11T23:35:13.344287Z","level":"info","event":"  Running scriptlet: percona-server-mongodb-server-7.0.28-15.el9.x86_64     2/8","logger":"task.stdout"}
{"timestamp":"2026-01-11T23:35:13.344318Z","level":"info","event":" * To start the service, configure your engine and start mongod","logger":"task.stdout"}
{"timestamp":"2026-01-11T23:35:13.344349Z","level":"info","event":"","logger":"task.stdout"}
{"timestamp":"2026-01-11T23:35:13.344380Z","level":"info","event":"  Running scriptlet: percona-server-mongodb-mongos-7.0.28-15.el9.x86_64     3/8","logger":"task.stdout"}
{"timestamp":"2026-01-11T23:35:13.344410Z","level":"info","event":"  Downgrading      : percona-server-mongodb-mongos-7.0.28-15.el9.x86_64     3/8","logger":"task.stdout"}
{"timestamp":"2026-01-11T23:35:13.344441Z","level":"info","event":"  Running scriptlet: percona-server-mongodb-mongos-7.0.28-15.el9.x86_64     3/8","logger":"task.stdout"}
{"timestamp":"2026-01-11T23:35:13.344471Z","level":"info","event":"  Downgrading      : percona-server-mongodb-7.0.28-15.el9.x86_64            4/8","logger":"task.stdout"}
{"timestamp":"2026-01-11T23:35:13.344502Z","level":"info","event":"  Cleanup          : percona-server-mongodb-8.0.16-5.el9.x86_64             5/8","logger":"task.stdout"}
{"timestamp":"2026-01-11T23:35:13.344532Z","level":"info","event":"  Cleanup          : percona-server-mongodb-mongos-8.0.16-5.el9.x86_64      6/8","logger":"task.stdout"}
{"timestamp":"2026-01-11T23:35:13.344562Z","level":"info","event":"  Running scriptlet: percona-server-mongodb-mongos-8.0.16-5.el9.x86_64      6/8","logger":"task.stdout"}
{"timestamp":"2026-01-11T23:35:13.344592Z","level":"info","event":"  Running scriptlet: percona-server-mongodb-server-8.0.16-5.el9.x86_64      7/8","logger":"task.stdout"}
{"timestamp":"2026-01-11T23:35:13.344622Z","level":"info","event":"  Cleanup          : percona-server-mongodb-server-8.0.16-5.el9.x86_64      7/8","logger":"task.stdout"}
{"timestamp":"2026-01-11T23:35:13.344651Z","level":"info","event":"  Running scriptlet: percona-server-mongodb-server-8.0.16-5.el9.x86_64      7/8","logger":"task.stdout"}
{"timestamp":"2026-01-11T23:35:13.344681Z","level":"info","event":"  Cleanup          : percona-server-mongodb-tools-8.0.16-5.el9.x86_64       8/8","logger":"task.stdout"}
{"timestamp":"2026-01-11T23:35:13.344712Z","level":"info","event":"  Running scriptlet: percona-server-mongodb-tools-8.0.16-5.el9.x86_64       8/8","logger":"task.stdout"}
{"timestamp":"2026-01-11T23:35:13.344743Z","level":"info","event":"  Verifying        : percona-server-mongodb-7.0.28-15.el9.x86_64            1/8","logger":"task.stdout"}
{"timestamp":"2026-01-11T23:35:13.344773Z","level":"info","event":"  Verifying        : percona-server-mongodb-8.0.16-5.el9.x86_64             2/8","logger":"task.stdout"}
{"timestamp":"2026-01-11T23:35:13.344814Z","level":"info","event":"  Verifying        : percona-server-mongodb-mongos-7.0.28-15.el9.x86_64     3/8","logger":"task.stdout"}
{"timestamp":"2026-01-11T23:35:13.344847Z","level":"info","event":"  Verifying        : percona-server-mongodb-mongos-8.0.16-5.el9.x86_64      4/8","logger":"task.stdout"}
{"timestamp":"2026-01-11T23:35:13.344879Z","level":"info","event":"  Verifying        : percona-server-mongodb-server-7.0.28-15.el9.x86_64     5/8","logger":"task.stdout"}
{"timestamp":"2026-01-11T23:35:13.344913Z","level":"info","event":"  Verifying        : percona-server-mongodb-server-8.0.16-5.el9.x86_64      6/8","logger":"task.stdout"}
{"timestamp":"2026-01-11T23:35:13.344944Z","level":"info","event":"  Verifying        : percona-server-mongodb-tools-7.0.28-15.el9.x86_64      7/8","logger":"task.stdout"}
{"timestamp":"2026-01-11T23:35:13.344974Z","level":"info","event":"  Verifying        : percona-server-mongodb-tools-8.0.16-5.el9.x86_64       8/8","logger":"task.stdout"}
{"timestamp":"2026-01-11T23:35:13.345004Z","level":"info","event":"","logger":"task.stdout"}
{"timestamp":"2026-01-11T23:35:13.345034Z","level":"info","event":"Downgraded:","logger":"task.stdout"}
{"timestamp":"2026-01-11T23:35:13.345064Z","level":"info","event":"  percona-server-mongodb-7.0.28-15.el9.x86_64","logger":"task.stdout"}
{"timestamp":"2026-01-11T23:35:13.345138Z","level":"info","event":"  percona-server-mongodb-mongos-7.0.28-15.el9.x86_64","logger":"task.stdout"}
{"timestamp":"2026-01-11T23:35:13.345183Z","level":"info","event":"  percona-server-mongodb-server-7.0.28-15.el9.x86_64","logger":"task.stdout"}
{"timestamp":"2026-01-11T23:35:13.345218Z","level":"info","event":"  percona-server-mongodb-tools-7.0.28-15.el9.x86_64","logger":"task.stdout"}
{"timestamp":"2026-01-11T23:35:13.345251Z","level":"info","event":"","logger":"task.stdout"}
{"timestamp":"2026-01-11T23:35:13.345283Z","level":"info","event":"Complete!","logger":"task.stdout"}
{"timestamp":"2026-01-11T23:35:13.345316Z","level":"info","event":"Starting MongoDB...","logger":"task.stdout"}
{"timestamp":"2026-01-11T23:35:13.345346Z","level":"info","event":"Waiting for health check...","logger":"task.stdout"}
{"timestamp":"2026-01-11T23:35:13.345377Z","level":"info","event":"MongoDB is up!","logger":"task.stdout"}
{"timestamp":"2026-01-11T23:35:13.345408Z","level":"info","event":"","logger":"task.stdout"}
{"timestamp":"2026-01-11T23:35:13.345439Z","level":"info","event":"Waiting for db-3 to rejoin as SECONDARY...","logger":"task.stdout"}
{"timestamp":"2026-01-11T23:35:13.345471Z","level":"info","event":"Current state of db-3: (not reachable/healthy)","logger":"task.stdout"}
{"timestamp":"2026-01-11T23:35:23.346230Z","level":"info","event":"Current state of db-3: SECONDARY","logger":"task.stdout"}
{"timestamp":"2026-01-11T23:35:23.346395Z","level":"info","event":"db-3 is healthy and caught up.","logger":"task.stdout"}
{"timestamp":"2026-01-11T23:35:23.346394Z","level":"info","event":"Done. Returned value was: None","logger":"airflow.task.operators.airflow.providers.standard.decorators.python._PythonDecoratedOperator","filename":"python.py","lineno":215}
{"timestamp":"2026-01-11T23:35:23.364395Z","level":"info","event":"Task instance in success state","logger":"task.stdout"}
{"timestamp":"2026-01-11T23:35:23.364505Z","level":"info","event":" Previous state of the Task instance: TaskInstanceState.RUNNING","logger":"task.stdout"}
{"timestamp":"2026-01-11T23:35:23.364634Z","level":"info","event":"Task operator:<Task(_PythonDecoratedOperator): downgrade_secondaries_sequentially>","logger":"task.stdout"}
