{"timestamp":"2026-01-05T00:01:12.776672Z","level":"info","event":"DAG bundles loaded: dags-folder, example_dags","logger":"airflow.dag_processing.bundles.manager.DagBundlesManager","filename":"manager.py","lineno":179}
{"timestamp":"2026-01-05T00:01:12.777202Z","level":"info","event":"Filling up the DagBag from /repos/labs/airflow/dags/mongodb_rs_upgrade.py","logger":"airflow.models.dagbag.DagBag","filename":"dagbag.py","lineno":593}
{"timestamp":"2026-01-05T00:01:12.884008Z","level":"info","event":"Task instance is in running state","logger":"task.stdout"}
{"timestamp":"2026-01-05T00:01:12.884124Z","level":"info","event":" Previous state of the Task instance: TaskInstanceState.QUEUED","logger":"task.stdout"}
{"timestamp":"2026-01-05T00:01:12.884256Z","level":"info","event":"Current task name:upgrade_secondaries_sequentially","logger":"task.stdout"}
{"timestamp":"2026-01-05T00:01:12.884312Z","level":"info","event":"Dag name:mongodb_rs_upgrade_v7_to_v8","logger":"task.stdout"}
{"timestamp":"2026-01-05T00:01:12.893466Z","level":"info","event":"Starting upgrade for secondary: db-2","logger":"task.stdout"}
{"timestamp":"2026-01-05T00:01:12.936351Z","level":"warning","event":"No Host Key Verification. This won't protect against Man-In-The-Middle attacks","logger":"airflow.task.hooks.airflow.providers.ssh.hooks.ssh.SSHHook","filename":"ssh.py","lineno":297}
{"timestamp":"2026-01-05T00:01:12.947064Z","level":"info","event":"Connected (version 2.0, client OpenSSH_8.7)","logger":"paramiko.transport","filename":"transport.py","lineno":1944}
{"timestamp":"2026-01-05T00:01:13.008955Z","level":"info","event":"Authentication (publickey) successful!","logger":"paramiko.transport","filename":"transport.py","lineno":1944}
{"timestamp":"2026-01-05T00:02:01.495915Z","level":"info","event":"Upgrade output for db-2:","logger":"task.stdout"}
{"timestamp":"2026-01-05T00:02:01.496191Z","level":"info","event":"Starting Upgrade on db-2...","logger":"task.stdout"}
{"timestamp":"2026-01-05T00:02:01.496282Z","level":"info","event":"Detected OS: rocky","logger":"task.stdout"}
{"timestamp":"2026-01-05T00:02:01.496359Z","level":"info","event":"Stopping MongoDB...","logger":"task.stdout"}
{"timestamp":"2026-01-05T00:02:01.496412Z","level":"info","event":"Running RHEL/Rocky upgrade path...","logger":"task.stdout"}
{"timestamp":"2026-01-05T00:02:01.496460Z","level":"info","event":"Installing Percona Server for MongoDB 8.0...","logger":"task.stdout"}
{"timestamp":"2026-01-05T00:02:01.496499Z","level":"info","event":"* Enabling the Percona Server for MongoDB 8.0 repository","logger":"task.stdout"}
{"timestamp":"2026-01-05T00:02:01.496539Z","level":"info","event":"<*> All done!","logger":"task.stdout"}
{"timestamp":"2026-01-05T00:02:01.496592Z","level":"info","event":"Percona Server for MongoDB 8.0 release/x86_64 Y 3.9 kB/s | 1.5 kB     00:00","logger":"task.stdout"}
{"timestamp":"2026-01-05T00:02:01.496647Z","level":"info","event":"Package percona-server-mongodb-7.0.24-13.el9.x86_64 is already installed.","logger":"task.stdout"}
{"timestamp":"2026-01-05T00:02:01.496704Z","level":"info","event":"Dependencies resolved.","logger":"task.stdout"}
{"timestamp":"2026-01-05T00:02:01.496763Z","level":"info","event":"================================================================================","logger":"task.stdout"}
{"timestamp":"2026-01-05T00:02:01.496834Z","level":"info","event":" Package                      Arch   Version      Repository               Size","logger":"task.stdout"}
{"timestamp":"2026-01-05T00:02:01.496869Z","level":"info","event":"================================================================================","logger":"task.stdout"}
{"timestamp":"2026-01-05T00:02:01.496902Z","level":"info","event":"Upgrading:","logger":"task.stdout"}
{"timestamp":"2026-01-05T00:02:01.496934Z","level":"info","event":" percona-server-mongodb       x86_64 8.0.16-5.el9 psmdb-80-release-x86_64 8.2 k","logger":"task.stdout"}
{"timestamp":"2026-01-05T00:02:01.496966Z","level":"info","event":" percona-server-mongodb-mongos","logger":"task.stdout"}
{"timestamp":"2026-01-05T00:02:01.496996Z","level":"info","event":"                              x86_64 8.0.16-5.el9 psmdb-80-release-x86_64  31 M","logger":"task.stdout"}
{"timestamp":"2026-01-05T00:02:01.497038Z","level":"info","event":" percona-server-mongodb-server","logger":"task.stdout"}
{"timestamp":"2026-01-05T00:02:01.497074Z","level":"info","event":"                              x86_64 8.0.16-5.el9 psmdb-80-release-x86_64  66 M","logger":"task.stdout"}
{"timestamp":"2026-01-05T00:02:01.497106Z","level":"info","event":" percona-server-mongodb-tools x86_64 8.0.16-5.el9 psmdb-80-release-x86_64  32 M","logger":"task.stdout"}
{"timestamp":"2026-01-05T00:02:01.497137Z","level":"info","event":"","logger":"task.stdout"}
{"timestamp":"2026-01-05T00:02:01.497169Z","level":"info","event":"Transaction Summary","logger":"task.stdout"}
{"timestamp":"2026-01-05T00:02:01.497200Z","level":"info","event":"================================================================================","logger":"task.stdout"}
{"timestamp":"2026-01-05T00:02:01.497231Z","level":"info","event":"Upgrade  4 Packages","logger":"task.stdout"}
{"timestamp":"2026-01-05T00:02:01.497261Z","level":"info","event":"","logger":"task.stdout"}
{"timestamp":"2026-01-05T00:02:01.497292Z","level":"info","event":"Total download size: 129 M","logger":"task.stdout"}
{"timestamp":"2026-01-05T00:02:01.497332Z","level":"info","event":"Downloading Packages:","logger":"task.stdout"}
{"timestamp":"2026-01-05T00:02:01.497375Z","level":"info","event":"(1/4): percona-server-mongodb-8.0.16-5.el9.x86_  20 kB/s | 8.2 kB     00:00","logger":"task.stdout"}
{"timestamp":"2026-01-05T00:02:01.497410Z","level":"info","event":"(2/4): percona-server-mongodb-mongos-8.0.16-5.e 5.9 MB/s |  31 MB     00:05","logger":"task.stdout"}
{"timestamp":"2026-01-05T00:02:01.497442Z","level":"info","event":"(3/4): percona-server-mongodb-tools-8.0.16-5.el 5.8 MB/s |  32 MB     00:05","logger":"task.stdout"}
{"timestamp":"2026-01-05T00:02:01.497473Z","level":"info","event":"(4/4): percona-server-mongodb-server-8.0.16-5.e 8.1 MB/s |  66 MB     00:08","logger":"task.stdout"}
{"timestamp":"2026-01-05T00:02:01.497505Z","level":"info","event":"--------------------------------------------------------------------------------","logger":"task.stdout"}
{"timestamp":"2026-01-05T00:02:01.497537Z","level":"info","event":"Total                                            16 MB/s | 129 MB     00:08","logger":"task.stdout"}
{"timestamp":"2026-01-05T00:02:01.497568Z","level":"info","event":"Running transaction check","logger":"task.stdout"}
{"timestamp":"2026-01-05T00:02:01.497598Z","level":"info","event":"Transaction check succeeded.","logger":"task.stdout"}
{"timestamp":"2026-01-05T00:02:01.497628Z","level":"info","event":"Running transaction test","logger":"task.stdout"}
{"timestamp":"2026-01-05T00:02:01.497660Z","level":"info","event":"Transaction test succeeded.","logger":"task.stdout"}
{"timestamp":"2026-01-05T00:02:01.497691Z","level":"info","event":"Running transaction","logger":"task.stdout"}
{"timestamp":"2026-01-05T00:02:01.497724Z","level":"info","event":"  Preparing        :                                                        1/1","logger":"task.stdout"}
{"timestamp":"2026-01-05T00:02:01.497791Z","level":"info","event":"  Upgrading        : percona-server-mongodb-tools-8.0.16-5.el9.x86_64       1/8","logger":"task.stdout"}
{"timestamp":"2026-01-05T00:02:01.497833Z","level":"info","event":"  Running scriptlet: percona-server-mongodb-server-8.0.16-5.el9.x86_64      2/8","logger":"task.stdout"}
{"timestamp":"2026-01-05T00:02:01.497870Z","level":"info","event":"  Upgrading        : percona-server-mongodb-server-8.0.16-5.el9.x86_64      2/8","logger":"task.stdout"}
{"timestamp":"2026-01-05T00:02:01.497906Z","level":"info","event":"warning: /etc/mongod.conf created as /etc/mongod.conf.rpmnew","logger":"task.stdout"}
{"timestamp":"2026-01-05T00:02:01.497941Z","level":"info","event":"","logger":"task.stdout"}
{"timestamp":"2026-01-05T00:02:01.497975Z","level":"info","event":"  Running scriptlet: percona-server-mongodb-server-8.0.16-5.el9.x86_64      2/8","logger":"task.stdout"}
{"timestamp":"2026-01-05T00:02:01.498014Z","level":"info","event":" * To start the service, configure your engine and start mongod","logger":"task.stdout"}
{"timestamp":"2026-01-05T00:02:01.498049Z","level":"info","event":"** Join Percona Squad! **","logger":"task.stdout"}
{"timestamp":"2026-01-05T00:02:01.498082Z","level":"info","event":"","logger":"task.stdout"}
{"timestamp":"2026-01-05T00:02:01.498114Z","level":"info","event":"Participate in monthly SWAG raffles, get early access to new product features,","logger":"task.stdout"}
{"timestamp":"2026-01-05T00:02:01.498147Z","level":"info","event":"invite-only ”ask me anything” sessions with database performance experts.","logger":"task.stdout"}
{"timestamp":"2026-01-05T00:02:01.498180Z","level":"info","event":"","logger":"task.stdout"}
{"timestamp":"2026-01-05T00:02:01.498211Z","level":"info","event":"Interested? Fill in the form at https://squad.percona.com/mongodb","logger":"task.stdout"}
{"timestamp":"2026-01-05T00:02:01.498243Z","level":"info","event":"","logger":"task.stdout"}
{"timestamp":"2026-01-05T00:02:01.498272Z","level":"info","event":"","logger":"task.stdout"}
{"timestamp":"2026-01-05T00:02:01.498302Z","level":"info","event":"  Running scriptlet: percona-server-mongodb-mongos-8.0.16-5.el9.x86_64      3/8","logger":"task.stdout"}
{"timestamp":"2026-01-05T00:02:01.498350Z","level":"info","event":"  Upgrading        : percona-server-mongodb-mongos-8.0.16-5.el9.x86_64      3/8","logger":"task.stdout"}
{"timestamp":"2026-01-05T00:02:01.498384Z","level":"info","event":"  Running scriptlet: percona-server-mongodb-mongos-8.0.16-5.el9.x86_64      3/8","logger":"task.stdout"}
{"timestamp":"2026-01-05T00:02:01.498415Z","level":"info","event":"  Upgrading        : percona-server-mongodb-8.0.16-5.el9.x86_64             4/8","logger":"task.stdout"}
{"timestamp":"2026-01-05T00:02:01.498446Z","level":"info","event":"  Cleanup          : percona-server-mongodb-7.0.24-13.el9.x86_64            5/8","logger":"task.stdout"}
{"timestamp":"2026-01-05T00:02:01.498477Z","level":"info","event":"  Cleanup          : percona-server-mongodb-mongos-7.0.24-13.el9.x86_64     6/8","logger":"task.stdout"}
{"timestamp":"2026-01-05T00:02:01.498513Z","level":"info","event":"  Running scriptlet: percona-server-mongodb-mongos-7.0.24-13.el9.x86_64     6/8","logger":"task.stdout"}
{"timestamp":"2026-01-05T00:02:01.498546Z","level":"info","event":"  Running scriptlet: percona-server-mongodb-server-7.0.24-13.el9.x86_64     7/8","logger":"task.stdout"}
{"timestamp":"2026-01-05T00:02:01.498578Z","level":"info","event":"  Cleanup          : percona-server-mongodb-server-7.0.24-13.el9.x86_64     7/8","logger":"task.stdout"}
{"timestamp":"2026-01-05T00:02:01.498608Z","level":"info","event":"  Running scriptlet: percona-server-mongodb-server-7.0.24-13.el9.x86_64     7/8","logger":"task.stdout"}
{"timestamp":"2026-01-05T00:02:01.498640Z","level":"info","event":"  Cleanup          : percona-server-mongodb-tools-7.0.24-13.el9.x86_64      8/8","logger":"task.stdout"}
{"timestamp":"2026-01-05T00:02:01.498672Z","level":"info","event":"  Running scriptlet: percona-server-mongodb-tools-7.0.24-13.el9.x86_64      8/8","logger":"task.stdout"}
{"timestamp":"2026-01-05T00:02:01.498705Z","level":"info","event":"  Verifying        : percona-server-mongodb-8.0.16-5.el9.x86_64             1/8","logger":"task.stdout"}
{"timestamp":"2026-01-05T00:02:01.498736Z","level":"info","event":"  Verifying        : percona-server-mongodb-7.0.24-13.el9.x86_64            2/8","logger":"task.stdout"}
{"timestamp":"2026-01-05T00:02:01.498769Z","level":"info","event":"  Verifying        : percona-server-mongodb-mongos-8.0.16-5.el9.x86_64      3/8","logger":"task.stdout"}
{"timestamp":"2026-01-05T00:02:01.498799Z","level":"info","event":"  Verifying        : percona-server-mongodb-mongos-7.0.24-13.el9.x86_64     4/8","logger":"task.stdout"}
{"timestamp":"2026-01-05T00:02:01.498829Z","level":"info","event":"  Verifying        : percona-server-mongodb-server-8.0.16-5.el9.x86_64      5/8","logger":"task.stdout"}
{"timestamp":"2026-01-05T00:02:01.498863Z","level":"info","event":"  Verifying        : percona-server-mongodb-server-7.0.24-13.el9.x86_64     6/8","logger":"task.stdout"}
{"timestamp":"2026-01-05T00:02:01.498957Z","level":"info","event":"  Verifying        : percona-server-mongodb-tools-8.0.16-5.el9.x86_64       7/8","logger":"task.stdout"}
{"timestamp":"2026-01-05T00:02:01.499000Z","level":"info","event":"  Verifying        : percona-server-mongodb-tools-7.0.24-13.el9.x86_64      8/8","logger":"task.stdout"}
{"timestamp":"2026-01-05T00:02:01.499035Z","level":"info","event":"","logger":"task.stdout"}
{"timestamp":"2026-01-05T00:02:01.499069Z","level":"info","event":"Upgraded:","logger":"task.stdout"}
{"timestamp":"2026-01-05T00:02:01.499102Z","level":"info","event":"  percona-server-mongodb-8.0.16-5.el9.x86_64","logger":"task.stdout"}
{"timestamp":"2026-01-05T00:02:01.499134Z","level":"info","event":"  percona-server-mongodb-mongos-8.0.16-5.el9.x86_64","logger":"task.stdout"}
{"timestamp":"2026-01-05T00:02:01.499167Z","level":"info","event":"  percona-server-mongodb-server-8.0.16-5.el9.x86_64","logger":"task.stdout"}
{"timestamp":"2026-01-05T00:02:01.499198Z","level":"info","event":"  percona-server-mongodb-tools-8.0.16-5.el9.x86_64","logger":"task.stdout"}
{"timestamp":"2026-01-05T00:02:01.499228Z","level":"info","event":"","logger":"task.stdout"}
{"timestamp":"2026-01-05T00:02:01.499259Z","level":"info","event":"Complete!","logger":"task.stdout"}
{"timestamp":"2026-01-05T00:02:01.499289Z","level":"info","event":"Starting MongoDB...","logger":"task.stdout"}
{"timestamp":"2026-01-05T00:02:01.499320Z","level":"info","event":"Waiting for health check...","logger":"task.stdout"}
{"timestamp":"2026-01-05T00:02:01.499364Z","level":"info","event":"MongoDB is up!","logger":"task.stdout"}
{"timestamp":"2026-01-05T00:02:01.499396Z","level":"info","event":"","logger":"task.stdout"}
{"timestamp":"2026-01-05T00:02:01.499428Z","level":"info","event":"Waiting for db-2 to rejoin as SECONDARY...","logger":"task.stdout"}
{"timestamp":"2026-01-05T00:02:01.502405Z","level":"info","event":"Current state of db-2: SECONDARY","logger":"task.stdout"}
{"timestamp":"2026-01-05T00:02:01.502475Z","level":"info","event":"db-2 is healthy and caught up.","logger":"task.stdout"}
{"timestamp":"2026-01-05T00:02:01.502520Z","level":"info","event":"Starting upgrade for secondary: db-3","logger":"task.stdout"}
{"timestamp":"2026-01-05T00:02:01.544353Z","level":"warning","event":"No Host Key Verification. This won't protect against Man-In-The-Middle attacks","logger":"airflow.task.hooks.airflow.providers.ssh.hooks.ssh.SSHHook","filename":"ssh.py","lineno":297}
{"timestamp":"2026-01-05T00:02:01.555302Z","level":"info","event":"Connected (version 2.0, client OpenSSH_8.7)","logger":"paramiko.transport","filename":"transport.py","lineno":1944}
{"timestamp":"2026-01-05T00:02:01.613193Z","level":"info","event":"Authentication (publickey) successful!","logger":"paramiko.transport","filename":"transport.py","lineno":1944}
{"timestamp":"2026-01-05T00:02:42.378116Z","level":"info","event":"Upgrade output for db-3:","logger":"task.stdout"}
{"timestamp":"2026-01-05T00:02:42.378357Z","level":"info","event":"Starting Upgrade on db-3...","logger":"task.stdout"}
{"timestamp":"2026-01-05T00:02:42.378430Z","level":"info","event":"Detected OS: rocky","logger":"task.stdout"}
{"timestamp":"2026-01-05T00:02:42.378506Z","level":"info","event":"Stopping MongoDB...","logger":"task.stdout"}
{"timestamp":"2026-01-05T00:02:42.378560Z","level":"info","event":"Running RHEL/Rocky upgrade path...","logger":"task.stdout"}
{"timestamp":"2026-01-05T00:02:42.378609Z","level":"info","event":"Installing Percona Server for MongoDB 8.0...","logger":"task.stdout"}
{"timestamp":"2026-01-05T00:02:42.378655Z","level":"info","event":"* Enabling the Percona Server for MongoDB 8.0 repository","logger":"task.stdout"}
{"timestamp":"2026-01-05T00:02:42.378703Z","level":"info","event":"<*> All done!","logger":"task.stdout"}
{"timestamp":"2026-01-05T00:02:42.378744Z","level":"info","event":"Percona Server for MongoDB 8.0 release/x86_64 Y 3.7 kB/s | 1.5 kB     00:00","logger":"task.stdout"}
{"timestamp":"2026-01-05T00:02:42.378806Z","level":"info","event":"Package percona-server-mongodb-7.0.24-13.el9.x86_64 is already installed.","logger":"task.stdout"}
{"timestamp":"2026-01-05T00:02:42.378866Z","level":"info","event":"Dependencies resolved.","logger":"task.stdout"}
{"timestamp":"2026-01-05T00:02:42.378907Z","level":"info","event":"================================================================================","logger":"task.stdout"}
{"timestamp":"2026-01-05T00:02:42.378942Z","level":"info","event":" Package                      Arch   Version      Repository               Size","logger":"task.stdout"}
{"timestamp":"2026-01-05T00:02:42.378979Z","level":"info","event":"================================================================================","logger":"task.stdout"}
{"timestamp":"2026-01-05T00:02:42.379029Z","level":"info","event":"Upgrading:","logger":"task.stdout"}
{"timestamp":"2026-01-05T00:02:42.379078Z","level":"info","event":" percona-server-mongodb       x86_64 8.0.16-5.el9 psmdb-80-release-x86_64 8.2 k","logger":"task.stdout"}
{"timestamp":"2026-01-05T00:02:42.379129Z","level":"info","event":" percona-server-mongodb-mongos","logger":"task.stdout"}
{"timestamp":"2026-01-05T00:02:42.379185Z","level":"info","event":"                              x86_64 8.0.16-5.el9 psmdb-80-release-x86_64  31 M","logger":"task.stdout"}
{"timestamp":"2026-01-05T00:02:42.379242Z","level":"info","event":" percona-server-mongodb-server","logger":"task.stdout"}
{"timestamp":"2026-01-05T00:02:42.379302Z","level":"info","event":"                              x86_64 8.0.16-5.el9 psmdb-80-release-x86_64  66 M","logger":"task.stdout"}
{"timestamp":"2026-01-05T00:02:42.379373Z","level":"info","event":" percona-server-mongodb-tools x86_64 8.0.16-5.el9 psmdb-80-release-x86_64  32 M","logger":"task.stdout"}
{"timestamp":"2026-01-05T00:02:42.379427Z","level":"info","event":"","logger":"task.stdout"}
{"timestamp":"2026-01-05T00:02:42.379462Z","level":"info","event":"Transaction Summary","logger":"task.stdout"}
{"timestamp":"2026-01-05T00:02:42.379494Z","level":"info","event":"================================================================================","logger":"task.stdout"}
{"timestamp":"2026-01-05T00:02:42.379527Z","level":"info","event":"Upgrade  4 Packages","logger":"task.stdout"}
{"timestamp":"2026-01-05T00:02:42.379558Z","level":"info","event":"","logger":"task.stdout"}
{"timestamp":"2026-01-05T00:02:42.379588Z","level":"info","event":"Total download size: 129 M","logger":"task.stdout"}
{"timestamp":"2026-01-05T00:02:42.379619Z","level":"info","event":"Downloading Packages:","logger":"task.stdout"}
{"timestamp":"2026-01-05T00:02:42.379651Z","level":"info","event":"(1/4): percona-server-mongodb-8.0.16-5.el9.x86_  19 kB/s | 8.2 kB     00:00","logger":"task.stdout"}
{"timestamp":"2026-01-05T00:02:42.379682Z","level":"info","event":"(2/4): percona-server-mongodb-mongos-8.0.16-5.e 5.8 MB/s |  31 MB     00:05","logger":"task.stdout"}
{"timestamp":"2026-01-05T00:02:42.379714Z","level":"info","event":"(3/4): percona-server-mongodb-tools-8.0.16-5.el 4.7 MB/s |  32 MB     00:06","logger":"task.stdout"}
{"timestamp":"2026-01-05T00:02:42.379745Z","level":"info","event":"(4/4): percona-server-mongodb-server-8.0.16-5.e 6.7 MB/s |  66 MB     00:09","logger":"task.stdout"}
{"timestamp":"2026-01-05T00:02:42.379775Z","level":"info","event":"--------------------------------------------------------------------------------","logger":"task.stdout"}
{"timestamp":"2026-01-05T00:02:42.379806Z","level":"info","event":"Total                                            13 MB/s | 129 MB     00:09","logger":"task.stdout"}
{"timestamp":"2026-01-05T00:02:42.379837Z","level":"info","event":"Running transaction check","logger":"task.stdout"}
{"timestamp":"2026-01-05T00:02:42.379868Z","level":"info","event":"Transaction check succeeded.","logger":"task.stdout"}
{"timestamp":"2026-01-05T00:02:42.379899Z","level":"info","event":"Running transaction test","logger":"task.stdout"}
{"timestamp":"2026-01-05T00:02:42.379935Z","level":"info","event":"Transaction test succeeded.","logger":"task.stdout"}
{"timestamp":"2026-01-05T00:02:42.379968Z","level":"info","event":"Running transaction","logger":"task.stdout"}
{"timestamp":"2026-01-05T00:02:42.379999Z","level":"info","event":"  Preparing        :                                                        1/1","logger":"task.stdout"}
{"timestamp":"2026-01-05T00:02:42.380029Z","level":"info","event":"  Upgrading        : percona-server-mongodb-tools-8.0.16-5.el9.x86_64       1/8","logger":"task.stdout"}
{"timestamp":"2026-01-05T00:02:42.380059Z","level":"info","event":"  Running scriptlet: percona-server-mongodb-server-8.0.16-5.el9.x86_64      2/8","logger":"task.stdout"}
{"timestamp":"2026-01-05T00:02:42.380088Z","level":"info","event":"  Upgrading        : percona-server-mongodb-server-8.0.16-5.el9.x86_64      2/8","logger":"task.stdout"}
{"timestamp":"2026-01-05T00:02:42.380118Z","level":"info","event":"warning: /etc/mongod.conf created as /etc/mongod.conf.rpmnew","logger":"task.stdout"}
{"timestamp":"2026-01-05T00:02:42.380149Z","level":"info","event":"","logger":"task.stdout"}
{"timestamp":"2026-01-05T00:02:42.380178Z","level":"info","event":"  Running scriptlet: percona-server-mongodb-server-8.0.16-5.el9.x86_64      2/8","logger":"task.stdout"}
{"timestamp":"2026-01-05T00:02:42.380208Z","level":"info","event":" * To start the service, configure your engine and start mongod","logger":"task.stdout"}
{"timestamp":"2026-01-05T00:02:42.380239Z","level":"info","event":"** Join Percona Squad! **","logger":"task.stdout"}
{"timestamp":"2026-01-05T00:02:42.380271Z","level":"info","event":"","logger":"task.stdout"}
{"timestamp":"2026-01-05T00:02:42.380333Z","level":"info","event":"Participate in monthly SWAG raffles, get early access to new product features,","logger":"task.stdout"}
{"timestamp":"2026-01-05T00:02:42.380383Z","level":"info","event":"invite-only ”ask me anything” sessions with database performance experts.","logger":"task.stdout"}
{"timestamp":"2026-01-05T00:02:42.380420Z","level":"info","event":"","logger":"task.stdout"}
{"timestamp":"2026-01-05T00:02:42.380453Z","level":"info","event":"Interested? Fill in the form at https://squad.percona.com/mongodb","logger":"task.stdout"}
{"timestamp":"2026-01-05T00:02:42.380484Z","level":"info","event":"","logger":"task.stdout"}
{"timestamp":"2026-01-05T00:02:42.380515Z","level":"info","event":"","logger":"task.stdout"}
{"timestamp":"2026-01-05T00:02:42.380546Z","level":"info","event":"  Running scriptlet: percona-server-mongodb-mongos-8.0.16-5.el9.x86_64      3/8","logger":"task.stdout"}
{"timestamp":"2026-01-05T00:02:42.380577Z","level":"info","event":"  Upgrading        : percona-server-mongodb-mongos-8.0.16-5.el9.x86_64      3/8","logger":"task.stdout"}
{"timestamp":"2026-01-05T00:02:42.380609Z","level":"info","event":"  Running scriptlet: percona-server-mongodb-mongos-8.0.16-5.el9.x86_64      3/8","logger":"task.stdout"}
{"timestamp":"2026-01-05T00:02:42.380640Z","level":"info","event":"  Upgrading        : percona-server-mongodb-8.0.16-5.el9.x86_64             4/8","logger":"task.stdout"}
{"timestamp":"2026-01-05T00:02:42.380671Z","level":"info","event":"  Cleanup          : percona-server-mongodb-7.0.24-13.el9.x86_64            5/8","logger":"task.stdout"}
{"timestamp":"2026-01-05T00:02:42.380702Z","level":"info","event":"  Cleanup          : percona-server-mongodb-mongos-7.0.24-13.el9.x86_64     6/8","logger":"task.stdout"}
{"timestamp":"2026-01-05T00:02:42.380733Z","level":"info","event":"  Running scriptlet: percona-server-mongodb-mongos-7.0.24-13.el9.x86_64     6/8","logger":"task.stdout"}
{"timestamp":"2026-01-05T00:02:42.380763Z","level":"info","event":"  Running scriptlet: percona-server-mongodb-server-7.0.24-13.el9.x86_64     7/8","logger":"task.stdout"}
{"timestamp":"2026-01-05T00:02:42.380794Z","level":"info","event":"  Cleanup          : percona-server-mongodb-server-7.0.24-13.el9.x86_64     7/8","logger":"task.stdout"}
{"timestamp":"2026-01-05T00:02:42.380824Z","level":"info","event":"  Running scriptlet: percona-server-mongodb-server-7.0.24-13.el9.x86_64     7/8","logger":"task.stdout"}
{"timestamp":"2026-01-05T00:02:42.380861Z","level":"info","event":"  Cleanup          : percona-server-mongodb-tools-7.0.24-13.el9.x86_64      8/8","logger":"task.stdout"}
{"timestamp":"2026-01-05T00:02:42.380894Z","level":"info","event":"  Running scriptlet: percona-server-mongodb-tools-7.0.24-13.el9.x86_64      8/8","logger":"task.stdout"}
{"timestamp":"2026-01-05T00:02:42.380924Z","level":"info","event":"  Verifying        : percona-server-mongodb-8.0.16-5.el9.x86_64             1/8","logger":"task.stdout"}
{"timestamp":"2026-01-05T00:02:42.380955Z","level":"info","event":"  Verifying        : percona-server-mongodb-7.0.24-13.el9.x86_64            2/8","logger":"task.stdout"}
{"timestamp":"2026-01-05T00:02:42.380986Z","level":"info","event":"  Verifying        : percona-server-mongodb-mongos-8.0.16-5.el9.x86_64      3/8","logger":"task.stdout"}
{"timestamp":"2026-01-05T00:02:42.381017Z","level":"info","event":"  Verifying        : percona-server-mongodb-mongos-7.0.24-13.el9.x86_64     4/8","logger":"task.stdout"}
{"timestamp":"2026-01-05T00:02:42.381046Z","level":"info","event":"  Verifying        : percona-server-mongodb-server-8.0.16-5.el9.x86_64      5/8","logger":"task.stdout"}
{"timestamp":"2026-01-05T00:02:42.381076Z","level":"info","event":"  Verifying        : percona-server-mongodb-server-7.0.24-13.el9.x86_64     6/8","logger":"task.stdout"}
{"timestamp":"2026-01-05T00:02:42.381171Z","level":"info","event":"  Verifying        : percona-server-mongodb-tools-8.0.16-5.el9.x86_64       7/8","logger":"task.stdout"}
{"timestamp":"2026-01-05T00:02:42.381222Z","level":"info","event":"  Verifying        : percona-server-mongodb-tools-7.0.24-13.el9.x86_64      8/8","logger":"task.stdout"}
{"timestamp":"2026-01-05T00:02:42.381266Z","level":"info","event":"","logger":"task.stdout"}
{"timestamp":"2026-01-05T00:02:42.381302Z","level":"info","event":"Upgraded:","logger":"task.stdout"}
{"timestamp":"2026-01-05T00:02:42.381351Z","level":"info","event":"  percona-server-mongodb-8.0.16-5.el9.x86_64","logger":"task.stdout"}
{"timestamp":"2026-01-05T00:02:42.381388Z","level":"info","event":"  percona-server-mongodb-mongos-8.0.16-5.el9.x86_64","logger":"task.stdout"}
{"timestamp":"2026-01-05T00:02:42.381421Z","level":"info","event":"  percona-server-mongodb-server-8.0.16-5.el9.x86_64","logger":"task.stdout"}
{"timestamp":"2026-01-05T00:02:42.381453Z","level":"info","event":"  percona-server-mongodb-tools-8.0.16-5.el9.x86_64","logger":"task.stdout"}
{"timestamp":"2026-01-05T00:02:42.381484Z","level":"info","event":"","logger":"task.stdout"}
{"timestamp":"2026-01-05T00:02:42.381515Z","level":"info","event":"Complete!","logger":"task.stdout"}
{"timestamp":"2026-01-05T00:02:42.381546Z","level":"info","event":"Starting MongoDB...","logger":"task.stdout"}
{"timestamp":"2026-01-05T00:02:42.381577Z","level":"info","event":"Waiting for health check...","logger":"task.stdout"}
{"timestamp":"2026-01-05T00:02:42.381607Z","level":"info","event":"MongoDB is up!","logger":"task.stdout"}
{"timestamp":"2026-01-05T00:02:42.381637Z","level":"info","event":"","logger":"task.stdout"}
{"timestamp":"2026-01-05T00:02:42.381666Z","level":"info","event":"Waiting for db-3 to rejoin as SECONDARY...","logger":"task.stdout"}
{"timestamp":"2026-01-05T00:02:42.381696Z","level":"info","event":"Current state of db-3: SECONDARY","logger":"task.stdout"}
{"timestamp":"2026-01-05T00:02:42.381727Z","level":"info","event":"db-3 is healthy and caught up.","logger":"task.stdout"}
{"timestamp":"2026-01-05T00:02:42.379262Z","level":"info","event":"Done. Returned value was: None","logger":"airflow.task.operators.airflow.providers.standard.decorators.python._PythonDecoratedOperator","filename":"python.py","lineno":215}
{"timestamp":"2026-01-05T00:02:42.395852Z","level":"info","event":"Task instance in success state","logger":"task.stdout"}
{"timestamp":"2026-01-05T00:02:42.396018Z","level":"info","event":" Previous state of the Task instance: TaskInstanceState.RUNNING","logger":"task.stdout"}
{"timestamp":"2026-01-05T00:02:42.396176Z","level":"info","event":"Task operator:<Task(_PythonDecoratedOperator): upgrade_secondaries_sequentially>","logger":"task.stdout"}
