{"timestamp":"2026-01-14T00:16:14.754825Z","level":"info","event":"DAG bundles loaded: dags-folder, example_dags","logger":"airflow.dag_processing.bundles.manager.DagBundlesManager","filename":"manager.py","lineno":179}
{"timestamp":"2026-01-14T00:16:14.755386Z","level":"info","event":"Filling up the DagBag from /repos/labs/airflow/dags/mongodb_rs_rollback.py","logger":"airflow.models.dagbag.DagBag","filename":"dagbag.py","lineno":593}
{"timestamp":"2026-01-14T00:16:14.867978Z","level":"info","event":"Task instance is in running state","logger":"task.stdout"}
{"timestamp":"2026-01-14T00:16:14.868122Z","level":"info","event":" Previous state of the Task instance: TaskInstanceState.QUEUED","logger":"task.stdout"}
{"timestamp":"2026-01-14T00:16:14.868245Z","level":"info","event":"Current task name:downgrade_former_primary","logger":"task.stdout"}
{"timestamp":"2026-01-14T00:16:14.868304Z","level":"info","event":"Dag name:mongodb_rs_rollback_v8_to_v7","logger":"task.stdout"}
{"timestamp":"2026-01-14T00:16:14.868410Z","level":"info","event":"ssh_hook is not provided or invalid. Trying ssh_conn_id to create SSHHook.","logger":"airflow.task.operators.airflow.providers.ssh.operators.ssh.SSHOperator","filename":"ssh.py","lineno":126}
{"timestamp":"2026-01-14T00:16:14.868484Z","level":"info","event":"remote_host is provided explicitly. It will replace the remote_host which was defined in ssh_hook or predefined in connection of ssh_conn_id.","logger":"airflow.task.operators.airflow.providers.ssh.operators.ssh.SSHOperator","filename":"ssh.py","lineno":128}
{"timestamp":"2026-01-14T00:16:14.909063Z","level":"warning","event":"No Host Key Verification. This won't protect against Man-In-The-Middle attacks","logger":"airflow.task.hooks.airflow.providers.ssh.hooks.ssh.SSHHook","filename":"ssh.py","lineno":297}
{"timestamp":"2026-01-14T00:16:14.920335Z","level":"info","event":"Connected (version 2.0, client OpenSSH_8.7)","logger":"paramiko.transport","filename":"transport.py","lineno":1944}
{"timestamp":"2026-01-14T00:16:15.006594Z","level":"info","event":"Authentication (publickey) successful!","logger":"paramiko.transport","filename":"transport.py","lineno":1944}
{"timestamp":"2026-01-14T00:16:15.007236Z","level":"info","event":"Running command: \n    echo \"Starting Rollback on $(hostname)...\"\n    \n    # OS Detection\n    if [ -f /etc/os-release ]; then\n        . /etc/os-release\n        OS=$ID\n    else\n        echo \"Cannot detect OS, assuming Debian-based...\"\n        OS=debian\n    fi\n\n    echo \"Detected OS: $OS\"\n\n    echo \"Stopping MongoDB...\"\n    if command -v systemctl &> /dev/null; then\n        sudo systemctl stop mongod\n    else\n        sudo service mongod stop\n    fi\n    \n    if [[ \"$OS\" == \"debian\" || \"$OS\" == \"ubuntu\" ]]; then\n        echo \"Running Debian/Ubuntu downgrade path...\"\n        export DEBIAN_FRONTEND=noninteractive\n        \n        echo \"Switching Repositories...\"\n        sudo percona-release disable psmdb-80\n        sudo percona-release enable psmdb-70 release \n        sudo apt-get update\n        \n        echo \"Downgrading to Percona Server for MongoDB 7.0...\"\n        # --allow-downgrades is crucial here\n        sudo apt-get install -y --allow-downgrades percona-server-mongodb\n        \n    elif [[ \"$OS\" == \"rhel\" || \"$OS\" == \"rocky\" || \"$OS\" == \"centos\" || \"$OS\" == \"almalinux\" ]]; then\n        echo \"Running RHEL/Rocky downgrade path...\"\n        \n        echo \"Switching Repositories...\"\n        sudo percona-release disable psmdb-80\n        sudo percona-release enable psmdb-70 release\n        \n        echo \"Downgrading to Percona Server for MongoDB 7.0...\"\n        # dnf downgrade handles the version switch if the higher version package is removed or replaced\n        sudo dnf downgrade -y percona-server-mongodb\n        \n    else\n        echo \"Unsupported OS: $OS\"\n        exit 1\n    fi\n    \n    echo \"Starting MongoDB...\"\n    if command -v systemctl &> /dev/null; then\n        sudo systemctl start mongod\n    else\n        sudo service mongod start\n    fi\n    \n    echo \"Waiting for health check...\"\n    for i in {1..30}; do\n        if nc -z localhost 27017; then\n            echo \"MongoDB is up!\"\n            exit 0\n        fi\n        sleep 2\n    done\n    echo \"MongoDB failed to start!\"\n    exit 1\n    ","logger":"airflow.task.hooks.airflow.providers.ssh.hooks.ssh.SSHHook","filename":"ssh.py","lineno":448}
{"timestamp":"2026-01-14T00:16:15.238150Z","level":"info","event":"Starting Rollback on db-1...","logger":"airflow.task.hooks.airflow.providers.ssh.hooks.ssh.SSHHook","filename":"ssh.py","lineno":494}
{"timestamp":"2026-01-14T00:16:15.238379Z","level":"info","event":"Detected OS: rocky","logger":"airflow.task.hooks.airflow.providers.ssh.hooks.ssh.SSHHook","filename":"ssh.py","lineno":494}
{"timestamp":"2026-01-14T00:16:15.238531Z","level":"info","event":"Stopping MongoDB...","logger":"airflow.task.hooks.airflow.providers.ssh.hooks.ssh.SSHHook","filename":"ssh.py","lineno":494}
{"timestamp":"2026-01-14T00:16:30.594430Z","level":"info","event":"Running RHEL/Rocky downgrade path...","logger":"airflow.task.hooks.airflow.providers.ssh.hooks.ssh.SSHHook","filename":"ssh.py","lineno":494}
{"timestamp":"2026-01-14T00:16:30.594573Z","level":"info","event":"Switching Repositories...","logger":"airflow.task.hooks.airflow.providers.ssh.hooks.ssh.SSHHook","filename":"ssh.py","lineno":494}
{"timestamp":"2026-01-14T00:16:32.104960Z","level":"info","event":"<*> All done!","logger":"airflow.task.hooks.airflow.providers.ssh.hooks.ssh.SSHHook","filename":"ssh.py","lineno":494}
{"timestamp":"2026-01-14T00:16:33.619015Z","level":"info","event":"* Enabling the Percona Server for MongoDB 7.0 repository","logger":"airflow.task.hooks.airflow.providers.ssh.hooks.ssh.SSHHook","filename":"ssh.py","lineno":494}
{"timestamp":"2026-01-14T00:16:33.623917Z","level":"info","event":"<*> All done!","logger":"airflow.task.hooks.airflow.providers.ssh.hooks.ssh.SSHHook","filename":"ssh.py","lineno":494}
{"timestamp":"2026-01-14T00:16:33.625586Z","level":"info","event":"Downgrading to Percona Server for MongoDB 7.0...","logger":"airflow.task.hooks.airflow.providers.ssh.hooks.ssh.SSHHook","filename":"ssh.py","lineno":494}
{"timestamp":"2026-01-14T00:16:34.593833Z","level":"info","event":"Percona Backup MongoDB release/x86_64 YUM repos 7.3 kB/s | 3.0 kB     00:00    ","logger":"airflow.task.hooks.airflow.providers.ssh.hooks.ssh.SSHHook","filename":"ssh.py","lineno":494}
{"timestamp":"2026-01-14T00:16:35.006866Z","level":"info","event":"PMM2 Client release/x86_64 YUM repository       7.4 kB/s | 3.0 kB     00:00    ","logger":"airflow.task.hooks.airflow.providers.ssh.hooks.ssh.SSHHook","filename":"ssh.py","lineno":494}
{"timestamp":"2026-01-14T00:16:35.419548Z","level":"info","event":"PMM3 Client release/x86_64 YUM repository       7.3 kB/s | 3.0 kB     00:00    ","logger":"airflow.task.hooks.airflow.providers.ssh.hooks.ssh.SSHHook","filename":"ssh.py","lineno":494}
{"timestamp":"2026-01-14T00:16:35.823311Z","level":"info","event":"Percona Release release/noarch YUM repository   7.5 kB/s | 3.0 kB     00:00    ","logger":"airflow.task.hooks.airflow.providers.ssh.hooks.ssh.SSHHook","filename":"ssh.py","lineno":494}
{"timestamp":"2026-01-14T00:16:36.239752Z","level":"info","event":"Percona Server for MongoDB 7.0 release/x86_64 Y 3.7 kB/s | 1.5 kB     00:00    ","logger":"airflow.task.hooks.airflow.providers.ssh.hooks.ssh.SSHHook","filename":"ssh.py","lineno":494}
{"timestamp":"2026-01-14T00:16:37.270493Z","level":"info","event":"Percona Telemetry release/x86_64 YUM repository 2.9 kB/s | 3.0 kB     00:01    ","logger":"airflow.task.hooks.airflow.providers.ssh.hooks.ssh.SSHHook","filename":"ssh.py","lineno":494}
{"timestamp":"2026-01-14T00:16:43.100261Z","level":"info","event":"Rocky Linux 9 - BaseOS                          762  B/s | 4.3 kB     00:05    ","logger":"airflow.task.hooks.airflow.providers.ssh.hooks.ssh.SSHHook","filename":"ssh.py","lineno":494}
{"timestamp":"2026-01-14T00:16:43.933155Z","level":"info","event":"Rocky Linux 9 - AppStream                       6.2 kB/s | 4.8 kB     00:00    ","logger":"airflow.task.hooks.airflow.providers.ssh.hooks.ssh.SSHHook","filename":"ssh.py","lineno":494}
{"timestamp":"2026-01-14T00:16:49.508630Z","level":"info","event":"Rocky Linux 9 - Extras                          577  B/s | 3.1 kB     00:05    ","logger":"airflow.task.hooks.airflow.providers.ssh.hooks.ssh.SSHHook","filename":"ssh.py","lineno":494}
{"timestamp":"2026-01-14T00:16:49.593607Z","level":"info","event":"Dependencies resolved.","logger":"airflow.task.hooks.airflow.providers.ssh.hooks.ssh.SSHHook","filename":"ssh.py","lineno":494}
{"timestamp":"2026-01-14T00:16:49.594579Z","level":"info","event":"================================================================================","logger":"airflow.task.hooks.airflow.providers.ssh.hooks.ssh.SSHHook","filename":"ssh.py","lineno":494}
{"timestamp":"2026-01-14T00:16:49.594698Z","level":"info","event":" Package                     Arch   Version       Repository               Size","logger":"airflow.task.hooks.airflow.providers.ssh.hooks.ssh.SSHHook","filename":"ssh.py","lineno":494}
{"timestamp":"2026-01-14T00:16:49.594902Z","level":"info","event":"================================================================================","logger":"airflow.task.hooks.airflow.providers.ssh.hooks.ssh.SSHHook","filename":"ssh.py","lineno":494}
{"timestamp":"2026-01-14T00:16:49.594975Z","level":"info","event":"Downgrading:","logger":"airflow.task.hooks.airflow.providers.ssh.hooks.ssh.SSHHook","filename":"ssh.py","lineno":494}
{"timestamp":"2026-01-14T00:16:49.595030Z","level":"info","event":" percona-server-mongodb      x86_64 7.0.28-15.el9 psmdb-70-release-x86_64 8.2 k","logger":"airflow.task.hooks.airflow.providers.ssh.hooks.ssh.SSHHook","filename":"ssh.py","lineno":494}
{"timestamp":"2026-01-14T00:16:49.595079Z","level":"info","event":" percona-server-mongodb-mongos","logger":"airflow.task.hooks.airflow.providers.ssh.hooks.ssh.SSHHook","filename":"ssh.py","lineno":494}
{"timestamp":"2026-01-14T00:16:49.595126Z","level":"info","event":"                             x86_64 7.0.28-15.el9 psmdb-70-release-x86_64  25 M","logger":"airflow.task.hooks.airflow.providers.ssh.hooks.ssh.SSHHook","filename":"ssh.py","lineno":494}
{"timestamp":"2026-01-14T00:16:49.595171Z","level":"info","event":" percona-server-mongodb-server","logger":"airflow.task.hooks.airflow.providers.ssh.hooks.ssh.SSHHook","filename":"ssh.py","lineno":494}
{"timestamp":"2026-01-14T00:16:49.595209Z","level":"info","event":"                             x86_64 7.0.28-15.el9 psmdb-70-release-x86_64  57 M","logger":"airflow.task.hooks.airflow.providers.ssh.hooks.ssh.SSHHook","filename":"ssh.py","lineno":494}
{"timestamp":"2026-01-14T00:16:49.595247Z","level":"info","event":" percona-server-mongodb-tools","logger":"airflow.task.hooks.airflow.providers.ssh.hooks.ssh.SSHHook","filename":"ssh.py","lineno":494}
{"timestamp":"2026-01-14T00:16:49.595279Z","level":"info","event":"                             x86_64 7.0.28-15.el9 psmdb-70-release-x86_64  32 M","logger":"airflow.task.hooks.airflow.providers.ssh.hooks.ssh.SSHHook","filename":"ssh.py","lineno":494}
{"timestamp":"2026-01-14T00:16:49.595307Z","level":"info","event":"","logger":"airflow.task.hooks.airflow.providers.ssh.hooks.ssh.SSHHook","filename":"ssh.py","lineno":494}
{"timestamp":"2026-01-14T00:16:49.595336Z","level":"info","event":"Transaction Summary","logger":"airflow.task.hooks.airflow.providers.ssh.hooks.ssh.SSHHook","filename":"ssh.py","lineno":494}
{"timestamp":"2026-01-14T00:16:49.595377Z","level":"info","event":"================================================================================","logger":"airflow.task.hooks.airflow.providers.ssh.hooks.ssh.SSHHook","filename":"ssh.py","lineno":494}
{"timestamp":"2026-01-14T00:16:49.595418Z","level":"info","event":"Downgrade  4 Packages","logger":"airflow.task.hooks.airflow.providers.ssh.hooks.ssh.SSHHook","filename":"ssh.py","lineno":494}
{"timestamp":"2026-01-14T00:16:49.595900Z","level":"info","event":"Total download size: 115 M","logger":"airflow.task.hooks.airflow.providers.ssh.hooks.ssh.SSHHook","filename":"ssh.py","lineno":494}
{"timestamp":"2026-01-14T00:16:49.595977Z","level":"info","event":"Downloading Packages:","logger":"airflow.task.hooks.airflow.providers.ssh.hooks.ssh.SSHHook","filename":"ssh.py","lineno":494}
{"timestamp":"2026-01-14T00:16:50.016938Z","level":"info","event":"(1/4): percona-server-mongodb-7.0.28-15.el9.x86  20 kB/s | 8.2 kB     00:00    ","logger":"airflow.task.hooks.airflow.providers.ssh.hooks.ssh.SSHHook","filename":"ssh.py","lineno":494}
{"timestamp":"2026-01-14T00:16:54.016970Z","level":"info","event":"(2/4): percona-server-mongodb-mongos-7.0.28-15. 5.6 MB/s |  25 MB     00:04    ","logger":"airflow.task.hooks.airflow.providers.ssh.hooks.ssh.SSHHook","filename":"ssh.py","lineno":494}
{"timestamp":"2026-01-14T00:16:56.333156Z","level":"info","event":"(3/4): percona-server-mongodb-tools-7.0.28-15.e 5.1 MB/s |  32 MB     00:06    ","logger":"airflow.task.hooks.airflow.providers.ssh.hooks.ssh.SSHHook","filename":"ssh.py","lineno":494}
{"timestamp":"2026-01-14T00:16:56.677773Z","level":"info","event":"(4/4): percona-server-mongodb-server-7.0.28-15. 8.1 MB/s |  57 MB     00:07    ","logger":"airflow.task.hooks.airflow.providers.ssh.hooks.ssh.SSHHook","filename":"ssh.py","lineno":494}
{"timestamp":"2026-01-14T00:16:56.678088Z","level":"info","event":"--------------------------------------------------------------------------------","logger":"airflow.task.hooks.airflow.providers.ssh.hooks.ssh.SSHHook","filename":"ssh.py","lineno":494}
{"timestamp":"2026-01-14T00:16:56.678299Z","level":"info","event":"Total                                            16 MB/s | 115 MB     00:07     ","logger":"airflow.task.hooks.airflow.providers.ssh.hooks.ssh.SSHHook","filename":"ssh.py","lineno":494}
{"timestamp":"2026-01-14T00:16:56.974277Z","level":"info","event":"Running transaction check","logger":"airflow.task.hooks.airflow.providers.ssh.hooks.ssh.SSHHook","filename":"ssh.py","lineno":494}
{"timestamp":"2026-01-14T00:16:56.993135Z","level":"info","event":"Transaction check succeeded.","logger":"airflow.task.hooks.airflow.providers.ssh.hooks.ssh.SSHHook","filename":"ssh.py","lineno":494}
{"timestamp":"2026-01-14T00:16:56.993396Z","level":"info","event":"Running transaction test","logger":"airflow.task.hooks.airflow.providers.ssh.hooks.ssh.SSHHook","filename":"ssh.py","lineno":494}
{"timestamp":"2026-01-14T00:16:57.494354Z","level":"info","event":"Transaction test succeeded.","logger":"airflow.task.hooks.airflow.providers.ssh.hooks.ssh.SSHHook","filename":"ssh.py","lineno":494}
{"timestamp":"2026-01-14T00:16:57.494620Z","level":"info","event":"Running transaction","logger":"airflow.task.hooks.airflow.providers.ssh.hooks.ssh.SSHHook","filename":"ssh.py","lineno":494}
{"timestamp":"2026-01-14T00:16:57.966740Z","level":"info","event":"  Preparing        :                                                        1/1","logger":"airflow.task.hooks.airflow.providers.ssh.hooks.ssh.SSHHook","filename":"ssh.py","lineno":494}
{"timestamp":"2026-01-14T00:16:58.301184Z","level":"info","event":" ","logger":"airflow.task.hooks.airflow.providers.ssh.hooks.ssh.SSHHook","filename":"ssh.py","lineno":494}
{"timestamp":"2026-01-14T00:16:58.301306Z","level":"info","event":"  Downgrading      : percona-server-mongodb-tools-7.0.28-15.el9.x86_64      1/8","logger":"airflow.task.hooks.airflow.providers.ssh.hooks.ssh.SSHHook","filename":"ssh.py","lineno":494}
{"timestamp":"2026-01-14T00:16:58.354377Z","level":"info","event":" ","logger":"airflow.task.hooks.airflow.providers.ssh.hooks.ssh.SSHHook","filename":"ssh.py","lineno":494}
{"timestamp":"2026-01-14T00:16:58.354541Z","level":"info","event":"  Running scriptlet: percona-server-mongodb-server-7.0.28-15.el9.x86_64     2/8","logger":"airflow.task.hooks.airflow.providers.ssh.hooks.ssh.SSHHook","filename":"ssh.py","lineno":494}
{"timestamp":"2026-01-14T00:16:59.069127Z","level":"info","event":" ","logger":"airflow.task.hooks.airflow.providers.ssh.hooks.ssh.SSHHook","filename":"ssh.py","lineno":494}
{"timestamp":"2026-01-14T00:16:59.069351Z","level":"info","event":"  Downgrading      : percona-server-mongodb-server-7.0.28-15.el9.x86_64     2/8","logger":"airflow.task.hooks.airflow.providers.ssh.hooks.ssh.SSHHook","filename":"ssh.py","lineno":494}
{"timestamp":"2026-01-14T00:16:59.069421Z","level":"info","event":" ","logger":"airflow.task.hooks.airflow.providers.ssh.hooks.ssh.SSHHook","filename":"ssh.py","lineno":494}
{"timestamp":"2026-01-14T00:16:59.069456Z","level":"info","event":"warning: /etc/mongod.conf created as /etc/mongod.conf.rpmnew","logger":"airflow.task.hooks.airflow.providers.ssh.hooks.ssh.SSHHook","filename":"ssh.py","lineno":494}
{"timestamp":"2026-01-14T00:16:59.218673Z","level":"info","event":"  Running scriptlet: percona-server-mongodb-server-7.0.28-15.el9.x86_64     2/8","logger":"airflow.task.hooks.airflow.providers.ssh.hooks.ssh.SSHHook","filename":"ssh.py","lineno":494}
{"timestamp":"2026-01-14T00:17:11.342910Z","level":"info","event":" ","logger":"airflow.task.hooks.airflow.providers.ssh.hooks.ssh.SSHHook","filename":"ssh.py","lineno":494}
{"timestamp":"2026-01-14T00:17:11.343028Z","level":"info","event":" * To start the service, configure your engine and start mongod","logger":"airflow.task.hooks.airflow.providers.ssh.hooks.ssh.SSHHook","filename":"ssh.py","lineno":494}
{"timestamp":"2026-01-14T00:17:11.345720Z","level":"info","event":"  Running scriptlet: percona-server-mongodb-mongos-7.0.28-15.el9.x86_64     3/8","logger":"airflow.task.hooks.airflow.providers.ssh.hooks.ssh.SSHHook","filename":"ssh.py","lineno":494}
{"timestamp":"2026-01-14T00:17:11.665822Z","level":"info","event":" ","logger":"airflow.task.hooks.airflow.providers.ssh.hooks.ssh.SSHHook","filename":"ssh.py","lineno":494}
{"timestamp":"2026-01-14T00:17:11.665951Z","level":"info","event":"  Downgrading      : percona-server-mongodb-mongos-7.0.28-15.el9.x86_64     3/8","logger":"airflow.task.hooks.airflow.providers.ssh.hooks.ssh.SSHHook","filename":"ssh.py","lineno":494}
{"timestamp":"2026-01-14T00:17:11.708475Z","level":"info","event":" ","logger":"airflow.task.hooks.airflow.providers.ssh.hooks.ssh.SSHHook","filename":"ssh.py","lineno":494}
{"timestamp":"2026-01-14T00:17:11.708605Z","level":"info","event":"  Running scriptlet: percona-server-mongodb-mongos-7.0.28-15.el9.x86_64     3/8","logger":"airflow.task.hooks.airflow.providers.ssh.hooks.ssh.SSHHook","filename":"ssh.py","lineno":494}
{"timestamp":"2026-01-14T00:17:11.717263Z","level":"info","event":" ","logger":"airflow.task.hooks.airflow.providers.ssh.hooks.ssh.SSHHook","filename":"ssh.py","lineno":494}
{"timestamp":"2026-01-14T00:17:11.717384Z","level":"info","event":"  Downgrading      : percona-server-mongodb-7.0.28-15.el9.x86_64            4/8","logger":"airflow.task.hooks.airflow.providers.ssh.hooks.ssh.SSHHook","filename":"ssh.py","lineno":494}
{"timestamp":"2026-01-14T00:17:11.723528Z","level":"info","event":" ","logger":"airflow.task.hooks.airflow.providers.ssh.hooks.ssh.SSHHook","filename":"ssh.py","lineno":494}
{"timestamp":"2026-01-14T00:17:11.723617Z","level":"info","event":"  Cleanup          : percona-server-mongodb-8.0.17-6.el9.x86_64             5/8","logger":"airflow.task.hooks.airflow.providers.ssh.hooks.ssh.SSHHook","filename":"ssh.py","lineno":494}
{"timestamp":"2026-01-14T00:17:11.731396Z","level":"info","event":" ","logger":"airflow.task.hooks.airflow.providers.ssh.hooks.ssh.SSHHook","filename":"ssh.py","lineno":494}
{"timestamp":"2026-01-14T00:17:11.731589Z","level":"info","event":"  Cleanup          : percona-server-mongodb-mongos-8.0.17-6.el9.x86_64      6/8 ","logger":"airflow.task.hooks.airflow.providers.ssh.hooks.ssh.SSHHook","filename":"ssh.py","lineno":494}
{"timestamp":"2026-01-14T00:17:11.731630Z","level":"info","event":"  Running scriptlet: percona-server-mongodb-mongos-8.0.17-6.el9.x86_64      6/8","logger":"airflow.task.hooks.airflow.providers.ssh.hooks.ssh.SSHHook","filename":"ssh.py","lineno":494}
{"timestamp":"2026-01-14T00:17:11.747140Z","level":"info","event":" ","logger":"airflow.task.hooks.airflow.providers.ssh.hooks.ssh.SSHHook","filename":"ssh.py","lineno":494}
{"timestamp":"2026-01-14T00:17:11.747285Z","level":"info","event":"  Running scriptlet: percona-server-mongodb-server-8.0.17-6.el9.x86_64      7/8","logger":"airflow.task.hooks.airflow.providers.ssh.hooks.ssh.SSHHook","filename":"ssh.py","lineno":494}
{"timestamp":"2026-01-14T00:17:11.754016Z","level":"info","event":" ","logger":"airflow.task.hooks.airflow.providers.ssh.hooks.ssh.SSHHook","filename":"ssh.py","lineno":494}
{"timestamp":"2026-01-14T00:17:11.754137Z","level":"info","event":"  Cleanup          : percona-server-mongodb-server-8.0.17-6.el9.x86_64      7/8","logger":"airflow.task.hooks.airflow.providers.ssh.hooks.ssh.SSHHook","filename":"ssh.py","lineno":494}
{"timestamp":"2026-01-14T00:17:11.754303Z","level":"info","event":" ","logger":"airflow.task.hooks.airflow.providers.ssh.hooks.ssh.SSHHook","filename":"ssh.py","lineno":494}
{"timestamp":"2026-01-14T00:17:11.754359Z","level":"info","event":"  Running scriptlet: percona-server-mongodb-server-8.0.17-6.el9.x86_64      7/8","logger":"airflow.task.hooks.airflow.providers.ssh.hooks.ssh.SSHHook","filename":"ssh.py","lineno":494}
{"timestamp":"2026-01-14T00:17:11.773053Z","level":"info","event":" ","logger":"airflow.task.hooks.airflow.providers.ssh.hooks.ssh.SSHHook","filename":"ssh.py","lineno":494}
{"timestamp":"2026-01-14T00:17:11.773168Z","level":"info","event":"  Cleanup          : percona-server-mongodb-tools-8.0.17-6.el9.x86_64       8/8","logger":"airflow.task.hooks.airflow.providers.ssh.hooks.ssh.SSHHook","filename":"ssh.py","lineno":494}
{"timestamp":"2026-01-14T00:17:11.798169Z","level":"info","event":" ","logger":"airflow.task.hooks.airflow.providers.ssh.hooks.ssh.SSHHook","filename":"ssh.py","lineno":494}
{"timestamp":"2026-01-14T00:17:11.798283Z","level":"info","event":"  Running scriptlet: percona-server-mongodb-tools-8.0.17-6.el9.x86_64       8/8","logger":"airflow.task.hooks.airflow.providers.ssh.hooks.ssh.SSHHook","filename":"ssh.py","lineno":494}
{"timestamp":"2026-01-14T00:17:12.304525Z","level":"info","event":" ","logger":"airflow.task.hooks.airflow.providers.ssh.hooks.ssh.SSHHook","filename":"ssh.py","lineno":494}
{"timestamp":"2026-01-14T00:17:12.304768Z","level":"info","event":"  Verifying        : percona-server-mongodb-7.0.28-15.el9.x86_64            1/8","logger":"airflow.task.hooks.airflow.providers.ssh.hooks.ssh.SSHHook","filename":"ssh.py","lineno":494}
{"timestamp":"2026-01-14T00:17:12.304980Z","level":"info","event":" ","logger":"airflow.task.hooks.airflow.providers.ssh.hooks.ssh.SSHHook","filename":"ssh.py","lineno":494}
{"timestamp":"2026-01-14T00:17:12.305095Z","level":"info","event":"  Verifying        : percona-server-mongodb-8.0.17-6.el9.x86_64             2/8","logger":"airflow.task.hooks.airflow.providers.ssh.hooks.ssh.SSHHook","filename":"ssh.py","lineno":494}
{"timestamp":"2026-01-14T00:17:12.305287Z","level":"info","event":" ","logger":"airflow.task.hooks.airflow.providers.ssh.hooks.ssh.SSHHook","filename":"ssh.py","lineno":494}
{"timestamp":"2026-01-14T00:17:12.305365Z","level":"info","event":"  Verifying        : percona-server-mongodb-mongos-7.0.28-15.el9.x86_64     3/8 ","logger":"airflow.task.hooks.airflow.providers.ssh.hooks.ssh.SSHHook","filename":"ssh.py","lineno":494}
{"timestamp":"2026-01-14T00:17:12.305487Z","level":"info","event":"  Verifying        : percona-server-mongodb-mongos-8.0.17-6.el9.x86_64      4/8 ","logger":"airflow.task.hooks.airflow.providers.ssh.hooks.ssh.SSHHook","filename":"ssh.py","lineno":494}
{"timestamp":"2026-01-14T00:17:12.305559Z","level":"info","event":"  Verifying        : percona-server-mongodb-server-7.0.28-15.el9.x86_64     5/8","logger":"airflow.task.hooks.airflow.providers.ssh.hooks.ssh.SSHHook","filename":"ssh.py","lineno":494}
{"timestamp":"2026-01-14T00:17:12.305705Z","level":"info","event":" ","logger":"airflow.task.hooks.airflow.providers.ssh.hooks.ssh.SSHHook","filename":"ssh.py","lineno":494}
{"timestamp":"2026-01-14T00:17:12.305782Z","level":"info","event":"  Verifying        : percona-server-mongodb-server-8.0.17-6.el9.x86_64      6/8 ","logger":"airflow.task.hooks.airflow.providers.ssh.hooks.ssh.SSHHook","filename":"ssh.py","lineno":494}
{"timestamp":"2026-01-14T00:17:12.305905Z","level":"info","event":"  Verifying        : percona-server-mongodb-tools-7.0.28-15.el9.x86_64      7/8","logger":"airflow.task.hooks.airflow.providers.ssh.hooks.ssh.SSHHook","filename":"ssh.py","lineno":494}
{"timestamp":"2026-01-14T00:17:12.305981Z","level":"info","event":" ","logger":"airflow.task.hooks.airflow.providers.ssh.hooks.ssh.SSHHook","filename":"ssh.py","lineno":494}
{"timestamp":"2026-01-14T00:17:12.306022Z","level":"info","event":"  Verifying        : percona-server-mongodb-tools-8.0.17-6.el9.x86_64       8/8","logger":"airflow.task.hooks.airflow.providers.ssh.hooks.ssh.SSHHook","filename":"ssh.py","lineno":494}
{"timestamp":"2026-01-14T00:17:12.608474Z","level":"info","event":" ","logger":"airflow.task.hooks.airflow.providers.ssh.hooks.ssh.SSHHook","filename":"ssh.py","lineno":494}
{"timestamp":"2026-01-14T00:17:12.608622Z","level":"info","event":"","logger":"airflow.task.hooks.airflow.providers.ssh.hooks.ssh.SSHHook","filename":"ssh.py","lineno":494}
{"timestamp":"2026-01-14T00:17:12.608697Z","level":"info","event":"Downgraded:","logger":"airflow.task.hooks.airflow.providers.ssh.hooks.ssh.SSHHook","filename":"ssh.py","lineno":494}
{"timestamp":"2026-01-14T00:17:12.608734Z","level":"info","event":"  percona-server-mongodb-7.0.28-15.el9.x86_64                                   ","logger":"airflow.task.hooks.airflow.providers.ssh.hooks.ssh.SSHHook","filename":"ssh.py","lineno":494}
{"timestamp":"2026-01-14T00:17:12.608773Z","level":"info","event":"  percona-server-mongodb-mongos-7.0.28-15.el9.x86_64                            ","logger":"airflow.task.hooks.airflow.providers.ssh.hooks.ssh.SSHHook","filename":"ssh.py","lineno":494}
{"timestamp":"2026-01-14T00:17:12.608801Z","level":"info","event":"  percona-server-mongodb-server-7.0.28-15.el9.x86_64                            ","logger":"airflow.task.hooks.airflow.providers.ssh.hooks.ssh.SSHHook","filename":"ssh.py","lineno":494}
{"timestamp":"2026-01-14T00:17:12.608827Z","level":"info","event":"  percona-server-mongodb-tools-7.0.28-15.el9.x86_64                             ","logger":"airflow.task.hooks.airflow.providers.ssh.hooks.ssh.SSHHook","filename":"ssh.py","lineno":494}
{"timestamp":"2026-01-14T00:17:12.608853Z","level":"info","event":"","logger":"airflow.task.hooks.airflow.providers.ssh.hooks.ssh.SSHHook","filename":"ssh.py","lineno":494}
{"timestamp":"2026-01-14T00:17:12.608878Z","level":"info","event":"Complete!","logger":"airflow.task.hooks.airflow.providers.ssh.hooks.ssh.SSHHook","filename":"ssh.py","lineno":494}
{"timestamp":"2026-01-14T00:17:12.679017Z","level":"info","event":"Starting MongoDB...","logger":"airflow.task.hooks.airflow.providers.ssh.hooks.ssh.SSHHook","filename":"ssh.py","lineno":494}
{"timestamp":"2026-01-14T00:17:13.211185Z","level":"info","event":"Waiting for health check...","logger":"airflow.task.hooks.airflow.providers.ssh.hooks.ssh.SSHHook","filename":"ssh.py","lineno":494}
{"timestamp":"2026-01-14T00:17:13.236709Z","level":"info","event":"MongoDB is up!","logger":"airflow.task.hooks.airflow.providers.ssh.hooks.ssh.SSHHook","filename":"ssh.py","lineno":494}
{"timestamp":"2026-01-14T00:17:13.255129Z","level":"info","event":"Pushing xcom","ti":"RuntimeTaskInstance(id=UUID('019bb9d9-cd6d-7262-9921-97df47f0d8e1'), task_id='downgrade_former_primary', dag_id='mongodb_rs_rollback_v8_to_v7', run_id='manual__2026-01-14T00:13:32+00:00', try_number=1, dag_version_id=UUID('019bb9cf-3105-7c37-a551-5e035e7b2151'), map_index=-1, hostname='grow', context_carrier={}, task=<Task(SSHOperator): downgrade_former_primary>, bundle_instance=LocalDagBundle(name=dags-folder), max_tries=1, start_date=datetime.datetime(2026, 1, 14, 0, 16, 14, 734284, tzinfo=datetime.timezone.utc), end_date=None, state=<TaskInstanceState.RUNNING: 'running'>, is_mapped=False, rendered_map_index=None)","logger":"task","filename":"task_runner.py","lineno":1360}
{"timestamp":"2026-01-14T00:17:13.288876Z","level":"info","event":"Task instance in success state","logger":"task.stdout"}
{"timestamp":"2026-01-14T00:17:13.289018Z","level":"info","event":" Previous state of the Task instance: TaskInstanceState.RUNNING","logger":"task.stdout"}
{"timestamp":"2026-01-14T00:17:13.289195Z","level":"info","event":"Task operator:<Task(SSHOperator): downgrade_former_primary>","logger":"task.stdout"}
