{"timestamp":"2026-01-04T23:47:05.459152Z","level":"info","event":"DAG bundles loaded: dags-folder, example_dags","logger":"airflow.dag_processing.bundles.manager.DagBundlesManager","filename":"manager.py","lineno":179}
{"timestamp":"2026-01-04T23:47:05.459680Z","level":"info","event":"Filling up the DagBag from /repos/labs/airflow/dags/mongodb_rs_rollback.py","logger":"airflow.models.dagbag.DagBag","filename":"dagbag.py","lineno":593}
{"timestamp":"2026-01-04T23:47:05.563155Z","level":"info","event":"Task instance is in running state","logger":"task.stdout"}
{"timestamp":"2026-01-04T23:47:05.563257Z","level":"info","event":" Previous state of the Task instance: TaskInstanceState.QUEUED","logger":"task.stdout"}
{"timestamp":"2026-01-04T23:47:05.563464Z","level":"info","event":"Current task name:downgrade_former_primary","logger":"task.stdout"}
{"timestamp":"2026-01-04T23:47:05.563514Z","level":"info","event":"Dag name:mongodb_rs_rollback_v8_to_v7","logger":"task.stdout"}
{"timestamp":"2026-01-04T23:47:05.563652Z","level":"info","event":"ssh_hook is not provided or invalid. Trying ssh_conn_id to create SSHHook.","logger":"airflow.task.operators.airflow.providers.ssh.operators.ssh.SSHOperator","filename":"ssh.py","lineno":126}
{"timestamp":"2026-01-04T23:47:05.563726Z","level":"info","event":"remote_host is provided explicitly. It will replace the remote_host which was defined in ssh_hook or predefined in connection of ssh_conn_id.","logger":"airflow.task.operators.airflow.providers.ssh.operators.ssh.SSHOperator","filename":"ssh.py","lineno":128}
{"timestamp":"2026-01-04T23:47:05.608671Z","level":"warning","event":"No Host Key Verification. This won't protect against Man-In-The-Middle attacks","logger":"airflow.task.hooks.airflow.providers.ssh.hooks.ssh.SSHHook","filename":"ssh.py","lineno":297}
{"timestamp":"2026-01-04T23:47:05.620187Z","level":"info","event":"Connected (version 2.0, client OpenSSH_8.7)","logger":"paramiko.transport","filename":"transport.py","lineno":1944}
{"timestamp":"2026-01-04T23:47:05.705104Z","level":"info","event":"Authentication (publickey) successful!","logger":"paramiko.transport","filename":"transport.py","lineno":1944}
{"timestamp":"2026-01-04T23:47:05.705818Z","level":"info","event":"Running command: \n    echo \"Starting Rollback on $(hostname)...\"\n    \n    # OS Detection\n    if [ -f /etc/os-release ]; then\n        . /etc/os-release\n        OS=$ID\n    else\n        echo \"Cannot detect OS, assuming Debian-based...\"\n        OS=debian\n    fi\n\n    echo \"Detected OS: $OS\"\n\n    echo \"Stopping MongoDB...\"\n    if command -v systemctl &> /dev/null; then\n        sudo systemctl stop mongod\n    else\n        sudo service mongod stop\n    fi\n    \n    if [[ \"$OS\" == \"debian\" || \"$OS\" == \"ubuntu\" ]]; then\n        echo \"Running Debian/Ubuntu downgrade path...\"\n        export DEBIAN_FRONTEND=noninteractive\n        \n        echo \"Switching Repositories...\"\n        sudo percona-release disable psmdb-80\n        sudo percona-release enable psmdb-70 release \n        sudo apt-get update\n        \n        echo \"Downgrading to Percona Server for MongoDB 7.0...\"\n        # --allow-downgrades is crucial here\n        sudo apt-get install -y --allow-downgrades percona-server-mongodb\n        \n    elif [[ \"$OS\" == \"rhel\" || \"$OS\" == \"rocky\" || \"$OS\" == \"centos\" || \"$OS\" == \"almalinux\" ]]; then\n        echo \"Running RHEL/Rocky downgrade path...\"\n        \n        echo \"Switching Repositories...\"\n        sudo percona-release disable psmdb-80\n        sudo percona-release enable psmdb-70 release\n        \n        echo \"Downgrading to Percona Server for MongoDB 7.0...\"\n        # dnf downgrade handles the version switch if the higher version package is removed or replaced\n        sudo dnf downgrade -y percona-server-mongodb\n        \n    else\n        echo \"Unsupported OS: $OS\"\n        exit 1\n    fi\n    \n    echo \"Starting MongoDB...\"\n    if command -v systemctl &> /dev/null; then\n        sudo systemctl start mongod\n    else\n        sudo service mongod start\n    fi\n    \n    echo \"Waiting for health check...\"\n    for i in {1..30}; do\n        if nc -z localhost 27017; then\n            echo \"MongoDB is up!\"\n            exit 0\n        fi\n        sleep 2\n    done\n    echo \"MongoDB failed to start!\"\n    exit 1\n    ","logger":"airflow.task.hooks.airflow.providers.ssh.hooks.ssh.SSHHook","filename":"ssh.py","lineno":448}
{"timestamp":"2026-01-04T23:47:05.905628Z","level":"info","event":"Starting Rollback on db-1...","logger":"airflow.task.hooks.airflow.providers.ssh.hooks.ssh.SSHHook","filename":"ssh.py","lineno":494}
{"timestamp":"2026-01-04T23:47:05.905826Z","level":"info","event":"Detected OS: rocky","logger":"airflow.task.hooks.airflow.providers.ssh.hooks.ssh.SSHHook","filename":"ssh.py","lineno":494}
{"timestamp":"2026-01-04T23:47:05.905984Z","level":"info","event":"Stopping MongoDB...","logger":"airflow.task.hooks.airflow.providers.ssh.hooks.ssh.SSHHook","filename":"ssh.py","lineno":494}
{"timestamp":"2026-01-04T23:47:21.289210Z","level":"info","event":"Running RHEL/Rocky downgrade path...","logger":"airflow.task.hooks.airflow.providers.ssh.hooks.ssh.SSHHook","filename":"ssh.py","lineno":494}
{"timestamp":"2026-01-04T23:47:21.289349Z","level":"info","event":"Switching Repositories...","logger":"airflow.task.hooks.airflow.providers.ssh.hooks.ssh.SSHHook","filename":"ssh.py","lineno":494}
{"timestamp":"2026-01-04T23:47:28.009225Z","level":"info","event":"<*> All done!","logger":"airflow.task.hooks.airflow.providers.ssh.hooks.ssh.SSHHook","filename":"ssh.py","lineno":494}
{"timestamp":"2026-01-04T23:47:29.651687Z","level":"info","event":"* Enabling the Percona Server for MongoDB 7.0 repository","logger":"airflow.task.hooks.airflow.providers.ssh.hooks.ssh.SSHHook","filename":"ssh.py","lineno":494}
{"timestamp":"2026-01-04T23:47:29.656764Z","level":"info","event":"<*> All done!","logger":"airflow.task.hooks.airflow.providers.ssh.hooks.ssh.SSHHook","filename":"ssh.py","lineno":494}
{"timestamp":"2026-01-04T23:47:29.658383Z","level":"info","event":"Downgrading to Percona Server for MongoDB 7.0...","logger":"airflow.task.hooks.airflow.providers.ssh.hooks.ssh.SSHHook","filename":"ssh.py","lineno":494}
{"timestamp":"2026-01-04T23:47:30.480905Z","level":"info","event":"Percona Server for MongoDB 7.0 release/x86_64 Y 3.7 kB/s | 1.5 kB     00:00    ","logger":"airflow.task.hooks.airflow.providers.ssh.hooks.ssh.SSHHook","filename":"ssh.py","lineno":494}
{"timestamp":"2026-01-04T23:47:41.212609Z","level":"info","event":"Rocky Linux 9 - BaseOS                          414  B/s | 4.3 kB     00:10    ","logger":"airflow.task.hooks.airflow.providers.ssh.hooks.ssh.SSHHook","filename":"ssh.py","lineno":494}
{"timestamp":"2026-01-04T23:47:46.753165Z","level":"info","event":"Rocky Linux 9 - AppStream                       891  B/s | 4.8 kB     00:05    ","logger":"airflow.task.hooks.airflow.providers.ssh.hooks.ssh.SSHHook","filename":"ssh.py","lineno":494}
{"timestamp":"2026-01-04T23:47:47.303873Z","level":"info","event":"Rocky Linux 9 - Extras                          6.3 kB/s | 3.1 kB     00:00    ","logger":"airflow.task.hooks.airflow.providers.ssh.hooks.ssh.SSHHook","filename":"ssh.py","lineno":494}
{"timestamp":"2026-01-04T23:47:47.361709Z","level":"info","event":"Dependencies resolved.","logger":"airflow.task.hooks.airflow.providers.ssh.hooks.ssh.SSHHook","filename":"ssh.py","lineno":494}
{"timestamp":"2026-01-04T23:47:47.362176Z","level":"info","event":"================================================================================","logger":"airflow.task.hooks.airflow.providers.ssh.hooks.ssh.SSHHook","filename":"ssh.py","lineno":494}
{"timestamp":"2026-01-04T23:47:47.362217Z","level":"info","event":" Package                     Arch   Version       Repository               Size","logger":"airflow.task.hooks.airflow.providers.ssh.hooks.ssh.SSHHook","filename":"ssh.py","lineno":494}
{"timestamp":"2026-01-04T23:47:47.362248Z","level":"info","event":"================================================================================","logger":"airflow.task.hooks.airflow.providers.ssh.hooks.ssh.SSHHook","filename":"ssh.py","lineno":494}
{"timestamp":"2026-01-04T23:47:47.362288Z","level":"info","event":"Downgrading:","logger":"airflow.task.hooks.airflow.providers.ssh.hooks.ssh.SSHHook","filename":"ssh.py","lineno":494}
{"timestamp":"2026-01-04T23:47:47.362315Z","level":"info","event":" percona-server-mongodb      x86_64 7.0.26-14.el9 psmdb-70-release-x86_64 8.2 k","logger":"airflow.task.hooks.airflow.providers.ssh.hooks.ssh.SSHHook","filename":"ssh.py","lineno":494}
{"timestamp":"2026-01-04T23:47:47.362347Z","level":"info","event":" percona-server-mongodb-mongos","logger":"airflow.task.hooks.airflow.providers.ssh.hooks.ssh.SSHHook","filename":"ssh.py","lineno":494}
{"timestamp":"2026-01-04T23:47:47.362369Z","level":"info","event":"                             x86_64 7.0.26-14.el9 psmdb-70-release-x86_64  25 M","logger":"airflow.task.hooks.airflow.providers.ssh.hooks.ssh.SSHHook","filename":"ssh.py","lineno":494}
{"timestamp":"2026-01-04T23:47:47.362389Z","level":"info","event":" percona-server-mongodb-server","logger":"airflow.task.hooks.airflow.providers.ssh.hooks.ssh.SSHHook","filename":"ssh.py","lineno":494}
{"timestamp":"2026-01-04T23:47:47.362409Z","level":"info","event":"                             x86_64 7.0.26-14.el9 psmdb-70-release-x86_64  57 M","logger":"airflow.task.hooks.airflow.providers.ssh.hooks.ssh.SSHHook","filename":"ssh.py","lineno":494}
{"timestamp":"2026-01-04T23:47:47.362429Z","level":"info","event":" percona-server-mongodb-tools","logger":"airflow.task.hooks.airflow.providers.ssh.hooks.ssh.SSHHook","filename":"ssh.py","lineno":494}
{"timestamp":"2026-01-04T23:47:47.362448Z","level":"info","event":"                             x86_64 7.0.26-14.el9 psmdb-70-release-x86_64  32 M","logger":"airflow.task.hooks.airflow.providers.ssh.hooks.ssh.SSHHook","filename":"ssh.py","lineno":494}
{"timestamp":"2026-01-04T23:47:47.362467Z","level":"info","event":"","logger":"airflow.task.hooks.airflow.providers.ssh.hooks.ssh.SSHHook","filename":"ssh.py","lineno":494}
{"timestamp":"2026-01-04T23:47:47.362485Z","level":"info","event":"Transaction Summary","logger":"airflow.task.hooks.airflow.providers.ssh.hooks.ssh.SSHHook","filename":"ssh.py","lineno":494}
{"timestamp":"2026-01-04T23:47:47.362503Z","level":"info","event":"================================================================================","logger":"airflow.task.hooks.airflow.providers.ssh.hooks.ssh.SSHHook","filename":"ssh.py","lineno":494}
{"timestamp":"2026-01-04T23:47:47.362522Z","level":"info","event":"Downgrade  4 Packages","logger":"airflow.task.hooks.airflow.providers.ssh.hooks.ssh.SSHHook","filename":"ssh.py","lineno":494}
{"timestamp":"2026-01-04T23:47:47.363912Z","level":"info","event":"Total size: 115 M","logger":"airflow.task.hooks.airflow.providers.ssh.hooks.ssh.SSHHook","filename":"ssh.py","lineno":494}
{"timestamp":"2026-01-04T23:47:47.364073Z","level":"info","event":"Downloading Packages:","logger":"airflow.task.hooks.airflow.providers.ssh.hooks.ssh.SSHHook","filename":"ssh.py","lineno":494}
{"timestamp":"2026-01-04T23:47:47.364692Z","level":"info","event":"[SKIPPED] percona-server-mongodb-7.0.26-14.el9.x86_64.rpm: Already downloaded  ","logger":"airflow.task.hooks.airflow.providers.ssh.hooks.ssh.SSHHook","filename":"ssh.py","lineno":494}
{"timestamp":"2026-01-04T23:47:47.364831Z","level":"info","event":"[SKIPPED] percona-server-mongodb-mongos-7.0.26-14.el9.x86_64.rpm: Already downloaded","logger":"airflow.task.hooks.airflow.providers.ssh.hooks.ssh.SSHHook","filename":"ssh.py","lineno":494}
{"timestamp":"2026-01-04T23:47:47.364930Z","level":"info","event":"[SKIPPED] percona-server-mongodb-server-7.0.26-14.el9.x86_64.rpm: Already downloaded","logger":"airflow.task.hooks.airflow.providers.ssh.hooks.ssh.SSHHook","filename":"ssh.py","lineno":494}
{"timestamp":"2026-01-04T23:47:47.365037Z","level":"info","event":"[SKIPPED] percona-server-mongodb-tools-7.0.26-14.el9.x86_64.rpm: Already downloaded","logger":"airflow.task.hooks.airflow.providers.ssh.hooks.ssh.SSHHook","filename":"ssh.py","lineno":494}
{"timestamp":"2026-01-04T23:47:47.733479Z","level":"info","event":"Running transaction check","logger":"airflow.task.hooks.airflow.providers.ssh.hooks.ssh.SSHHook","filename":"ssh.py","lineno":494}
{"timestamp":"2026-01-04T23:47:47.746198Z","level":"info","event":"Transaction check succeeded.","logger":"airflow.task.hooks.airflow.providers.ssh.hooks.ssh.SSHHook","filename":"ssh.py","lineno":494}
{"timestamp":"2026-01-04T23:47:47.746381Z","level":"info","event":"Running transaction test","logger":"airflow.task.hooks.airflow.providers.ssh.hooks.ssh.SSHHook","filename":"ssh.py","lineno":494}
{"timestamp":"2026-01-04T23:47:48.233419Z","level":"info","event":"Transaction test succeeded.","logger":"airflow.task.hooks.airflow.providers.ssh.hooks.ssh.SSHHook","filename":"ssh.py","lineno":494}
{"timestamp":"2026-01-04T23:47:48.233678Z","level":"info","event":"Running transaction","logger":"airflow.task.hooks.airflow.providers.ssh.hooks.ssh.SSHHook","filename":"ssh.py","lineno":494}
{"timestamp":"2026-01-04T23:47:48.707588Z","level":"info","event":"  Preparing        :                                                        1/1","logger":"airflow.task.hooks.airflow.providers.ssh.hooks.ssh.SSHHook","filename":"ssh.py","lineno":494}
{"timestamp":"2026-01-04T23:47:49.031382Z","level":"info","event":" ","logger":"airflow.task.hooks.airflow.providers.ssh.hooks.ssh.SSHHook","filename":"ssh.py","lineno":494}
{"timestamp":"2026-01-04T23:47:49.031527Z","level":"info","event":"  Downgrading      : percona-server-mongodb-tools-7.0.26-14.el9.x86_64      1/8","logger":"airflow.task.hooks.airflow.providers.ssh.hooks.ssh.SSHHook","filename":"ssh.py","lineno":494}
{"timestamp":"2026-01-04T23:47:49.081656Z","level":"info","event":" ","logger":"airflow.task.hooks.airflow.providers.ssh.hooks.ssh.SSHHook","filename":"ssh.py","lineno":494}
{"timestamp":"2026-01-04T23:47:49.081771Z","level":"info","event":"  Running scriptlet: percona-server-mongodb-server-7.0.26-14.el9.x86_64     2/8","logger":"airflow.task.hooks.airflow.providers.ssh.hooks.ssh.SSHHook","filename":"ssh.py","lineno":494}
{"timestamp":"2026-01-04T23:47:49.792979Z","level":"info","event":" ","logger":"airflow.task.hooks.airflow.providers.ssh.hooks.ssh.SSHHook","filename":"ssh.py","lineno":494}
{"timestamp":"2026-01-04T23:47:49.793092Z","level":"info","event":"  Downgrading      : percona-server-mongodb-server-7.0.26-14.el9.x86_64     2/8","logger":"airflow.task.hooks.airflow.providers.ssh.hooks.ssh.SSHHook","filename":"ssh.py","lineno":494}
{"timestamp":"2026-01-04T23:47:49.793738Z","level":"info","event":" ","logger":"airflow.task.hooks.airflow.providers.ssh.hooks.ssh.SSHHook","filename":"ssh.py","lineno":494}
{"timestamp":"2026-01-04T23:47:49.793789Z","level":"info","event":"warning: /etc/mongod.conf created as /etc/mongod.conf.rpmnew","logger":"airflow.task.hooks.airflow.providers.ssh.hooks.ssh.SSHHook","filename":"ssh.py","lineno":494}
{"timestamp":"2026-01-04T23:47:49.936589Z","level":"info","event":"  Running scriptlet: percona-server-mongodb-server-7.0.26-14.el9.x86_64     2/8","logger":"airflow.task.hooks.airflow.providers.ssh.hooks.ssh.SSHHook","filename":"ssh.py","lineno":494}
{"timestamp":"2026-01-04T23:48:01.244904Z","level":"info","event":" ","logger":"airflow.task.hooks.airflow.providers.ssh.hooks.ssh.SSHHook","filename":"ssh.py","lineno":494}
{"timestamp":"2026-01-04T23:48:01.245014Z","level":"info","event":" * To start the service, configure your engine and start mongod","logger":"airflow.task.hooks.airflow.providers.ssh.hooks.ssh.SSHHook","filename":"ssh.py","lineno":494}
{"timestamp":"2026-01-04T23:48:01.248054Z","level":"info","event":"  Running scriptlet: percona-server-mongodb-mongos-7.0.26-14.el9.x86_64     3/8","logger":"airflow.task.hooks.airflow.providers.ssh.hooks.ssh.SSHHook","filename":"ssh.py","lineno":494}
{"timestamp":"2026-01-04T23:48:01.513800Z","level":"info","event":" ","logger":"airflow.task.hooks.airflow.providers.ssh.hooks.ssh.SSHHook","filename":"ssh.py","lineno":494}
{"timestamp":"2026-01-04T23:48:01.513922Z","level":"info","event":"  Downgrading      : percona-server-mongodb-mongos-7.0.26-14.el9.x86_64     3/8","logger":"airflow.task.hooks.airflow.providers.ssh.hooks.ssh.SSHHook","filename":"ssh.py","lineno":494}
{"timestamp":"2026-01-04T23:48:01.558799Z","level":"info","event":" ","logger":"airflow.task.hooks.airflow.providers.ssh.hooks.ssh.SSHHook","filename":"ssh.py","lineno":494}
{"timestamp":"2026-01-04T23:48:01.558923Z","level":"info","event":"  Running scriptlet: percona-server-mongodb-mongos-7.0.26-14.el9.x86_64     3/8","logger":"airflow.task.hooks.airflow.providers.ssh.hooks.ssh.SSHHook","filename":"ssh.py","lineno":494}
{"timestamp":"2026-01-04T23:48:01.566106Z","level":"info","event":" ","logger":"airflow.task.hooks.airflow.providers.ssh.hooks.ssh.SSHHook","filename":"ssh.py","lineno":494}
{"timestamp":"2026-01-04T23:48:01.566169Z","level":"info","event":"  Downgrading      : percona-server-mongodb-7.0.26-14.el9.x86_64            4/8","logger":"airflow.task.hooks.airflow.providers.ssh.hooks.ssh.SSHHook","filename":"ssh.py","lineno":494}
{"timestamp":"2026-01-04T23:48:01.570134Z","level":"info","event":" ","logger":"airflow.task.hooks.airflow.providers.ssh.hooks.ssh.SSHHook","filename":"ssh.py","lineno":494}
{"timestamp":"2026-01-04T23:48:01.570183Z","level":"info","event":"  Cleanup          : percona-server-mongodb-8.0.16-5.el9.x86_64             5/8","logger":"airflow.task.hooks.airflow.providers.ssh.hooks.ssh.SSHHook","filename":"ssh.py","lineno":494}
{"timestamp":"2026-01-04T23:48:01.575220Z","level":"info","event":" ","logger":"airflow.task.hooks.airflow.providers.ssh.hooks.ssh.SSHHook","filename":"ssh.py","lineno":494}
{"timestamp":"2026-01-04T23:48:01.575271Z","level":"info","event":"  Cleanup          : percona-server-mongodb-mongos-8.0.16-5.el9.x86_64      6/8","logger":"airflow.task.hooks.airflow.providers.ssh.hooks.ssh.SSHHook","filename":"ssh.py","lineno":494}
{"timestamp":"2026-01-04T23:48:01.575437Z","level":"info","event":" ","logger":"airflow.task.hooks.airflow.providers.ssh.hooks.ssh.SSHHook","filename":"ssh.py","lineno":494}
{"timestamp":"2026-01-04T23:48:01.575476Z","level":"info","event":"  Running scriptlet: percona-server-mongodb-mongos-8.0.16-5.el9.x86_64      6/8","logger":"airflow.task.hooks.airflow.providers.ssh.hooks.ssh.SSHHook","filename":"ssh.py","lineno":494}
{"timestamp":"2026-01-04T23:48:01.587014Z","level":"info","event":" ","logger":"airflow.task.hooks.airflow.providers.ssh.hooks.ssh.SSHHook","filename":"ssh.py","lineno":494}
{"timestamp":"2026-01-04T23:48:01.587105Z","level":"info","event":"  Running scriptlet: percona-server-mongodb-server-8.0.16-5.el9.x86_64      7/8","logger":"airflow.task.hooks.airflow.providers.ssh.hooks.ssh.SSHHook","filename":"ssh.py","lineno":494}
{"timestamp":"2026-01-04T23:48:01.592480Z","level":"info","event":" ","logger":"airflow.task.hooks.airflow.providers.ssh.hooks.ssh.SSHHook","filename":"ssh.py","lineno":494}
{"timestamp":"2026-01-04T23:48:01.592619Z","level":"info","event":"  Cleanup          : percona-server-mongodb-server-8.0.16-5.el9.x86_64      7/8","logger":"airflow.task.hooks.airflow.providers.ssh.hooks.ssh.SSHHook","filename":"ssh.py","lineno":494}
{"timestamp":"2026-01-04T23:48:01.592675Z","level":"info","event":" ","logger":"airflow.task.hooks.airflow.providers.ssh.hooks.ssh.SSHHook","filename":"ssh.py","lineno":494}
{"timestamp":"2026-01-04T23:48:01.592707Z","level":"info","event":"  Running scriptlet: percona-server-mongodb-server-8.0.16-5.el9.x86_64      7/8","logger":"airflow.task.hooks.airflow.providers.ssh.hooks.ssh.SSHHook","filename":"ssh.py","lineno":494}
{"timestamp":"2026-01-04T23:48:01.606748Z","level":"info","event":" ","logger":"airflow.task.hooks.airflow.providers.ssh.hooks.ssh.SSHHook","filename":"ssh.py","lineno":494}
{"timestamp":"2026-01-04T23:48:01.606836Z","level":"info","event":"  Cleanup          : percona-server-mongodb-tools-8.0.16-5.el9.x86_64       8/8","logger":"airflow.task.hooks.airflow.providers.ssh.hooks.ssh.SSHHook","filename":"ssh.py","lineno":494}
{"timestamp":"2026-01-04T23:48:01.627682Z","level":"info","event":" ","logger":"airflow.task.hooks.airflow.providers.ssh.hooks.ssh.SSHHook","filename":"ssh.py","lineno":494}
{"timestamp":"2026-01-04T23:48:01.627764Z","level":"info","event":"  Running scriptlet: percona-server-mongodb-tools-8.0.16-5.el9.x86_64       8/8","logger":"airflow.task.hooks.airflow.providers.ssh.hooks.ssh.SSHHook","filename":"ssh.py","lineno":494}
{"timestamp":"2026-01-04T23:48:02.077527Z","level":"info","event":" ","logger":"airflow.task.hooks.airflow.providers.ssh.hooks.ssh.SSHHook","filename":"ssh.py","lineno":494}
{"timestamp":"2026-01-04T23:48:02.077726Z","level":"info","event":"  Verifying        : percona-server-mongodb-7.0.26-14.el9.x86_64            1/8","logger":"airflow.task.hooks.airflow.providers.ssh.hooks.ssh.SSHHook","filename":"ssh.py","lineno":494}
{"timestamp":"2026-01-04T23:48:02.077828Z","level":"info","event":" ","logger":"airflow.task.hooks.airflow.providers.ssh.hooks.ssh.SSHHook","filename":"ssh.py","lineno":494}
{"timestamp":"2026-01-04T23:48:02.077869Z","level":"info","event":"  Verifying        : percona-server-mongodb-8.0.16-5.el9.x86_64             2/8","logger":"airflow.task.hooks.airflow.providers.ssh.hooks.ssh.SSHHook","filename":"ssh.py","lineno":494}
{"timestamp":"2026-01-04T23:48:02.078015Z","level":"info","event":" ","logger":"airflow.task.hooks.airflow.providers.ssh.hooks.ssh.SSHHook","filename":"ssh.py","lineno":494}
{"timestamp":"2026-01-04T23:48:02.078097Z","level":"info","event":"  Verifying        : percona-server-mongodb-mongos-7.0.26-14.el9.x86_64     3/8","logger":"airflow.task.hooks.airflow.providers.ssh.hooks.ssh.SSHHook","filename":"ssh.py","lineno":494}
{"timestamp":"2026-01-04T23:48:02.078225Z","level":"info","event":" ","logger":"airflow.task.hooks.airflow.providers.ssh.hooks.ssh.SSHHook","filename":"ssh.py","lineno":494}
{"timestamp":"2026-01-04T23:48:02.078259Z","level":"info","event":"  Verifying        : percona-server-mongodb-mongos-8.0.16-5.el9.x86_64      4/8","logger":"airflow.task.hooks.airflow.providers.ssh.hooks.ssh.SSHHook","filename":"ssh.py","lineno":494}
{"timestamp":"2026-01-04T23:48:02.078400Z","level":"info","event":" ","logger":"airflow.task.hooks.airflow.providers.ssh.hooks.ssh.SSHHook","filename":"ssh.py","lineno":494}
{"timestamp":"2026-01-04T23:48:02.078432Z","level":"info","event":"  Verifying        : percona-server-mongodb-server-7.0.26-14.el9.x86_64     5/8","logger":"airflow.task.hooks.airflow.providers.ssh.hooks.ssh.SSHHook","filename":"ssh.py","lineno":494}
{"timestamp":"2026-01-04T23:48:02.078568Z","level":"info","event":" ","logger":"airflow.task.hooks.airflow.providers.ssh.hooks.ssh.SSHHook","filename":"ssh.py","lineno":494}
{"timestamp":"2026-01-04T23:48:02.078598Z","level":"info","event":"  Verifying        : percona-server-mongodb-server-8.0.16-5.el9.x86_64      6/8","logger":"airflow.task.hooks.airflow.providers.ssh.hooks.ssh.SSHHook","filename":"ssh.py","lineno":494}
{"timestamp":"2026-01-04T23:48:02.078723Z","level":"info","event":" ","logger":"airflow.task.hooks.airflow.providers.ssh.hooks.ssh.SSHHook","filename":"ssh.py","lineno":494}
{"timestamp":"2026-01-04T23:48:02.078752Z","level":"info","event":"  Verifying        : percona-server-mongodb-tools-7.0.26-14.el9.x86_64      7/8","logger":"airflow.task.hooks.airflow.providers.ssh.hooks.ssh.SSHHook","filename":"ssh.py","lineno":494}
{"timestamp":"2026-01-04T23:48:02.078885Z","level":"info","event":" ","logger":"airflow.task.hooks.airflow.providers.ssh.hooks.ssh.SSHHook","filename":"ssh.py","lineno":494}
{"timestamp":"2026-01-04T23:48:02.078914Z","level":"info","event":"  Verifying        : percona-server-mongodb-tools-8.0.16-5.el9.x86_64       8/8","logger":"airflow.task.hooks.airflow.providers.ssh.hooks.ssh.SSHHook","filename":"ssh.py","lineno":494}
{"timestamp":"2026-01-04T23:48:02.305036Z","level":"info","event":" ","logger":"airflow.task.hooks.airflow.providers.ssh.hooks.ssh.SSHHook","filename":"ssh.py","lineno":494}
{"timestamp":"2026-01-04T23:48:02.305155Z","level":"info","event":"","logger":"airflow.task.hooks.airflow.providers.ssh.hooks.ssh.SSHHook","filename":"ssh.py","lineno":494}
{"timestamp":"2026-01-04T23:48:02.305192Z","level":"info","event":"Downgraded:","logger":"airflow.task.hooks.airflow.providers.ssh.hooks.ssh.SSHHook","filename":"ssh.py","lineno":494}
{"timestamp":"2026-01-04T23:48:02.305223Z","level":"info","event":"  percona-server-mongodb-7.0.26-14.el9.x86_64                                   ","logger":"airflow.task.hooks.airflow.providers.ssh.hooks.ssh.SSHHook","filename":"ssh.py","lineno":494}
{"timestamp":"2026-01-04T23:48:02.305252Z","level":"info","event":"  percona-server-mongodb-mongos-7.0.26-14.el9.x86_64                            ","logger":"airflow.task.hooks.airflow.providers.ssh.hooks.ssh.SSHHook","filename":"ssh.py","lineno":494}
{"timestamp":"2026-01-04T23:48:02.305280Z","level":"info","event":"  percona-server-mongodb-server-7.0.26-14.el9.x86_64                            ","logger":"airflow.task.hooks.airflow.providers.ssh.hooks.ssh.SSHHook","filename":"ssh.py","lineno":494}
{"timestamp":"2026-01-04T23:48:02.305305Z","level":"info","event":"  percona-server-mongodb-tools-7.0.26-14.el9.x86_64                             ","logger":"airflow.task.hooks.airflow.providers.ssh.hooks.ssh.SSHHook","filename":"ssh.py","lineno":494}
{"timestamp":"2026-01-04T23:48:02.305338Z","level":"info","event":"","logger":"airflow.task.hooks.airflow.providers.ssh.hooks.ssh.SSHHook","filename":"ssh.py","lineno":494}
{"timestamp":"2026-01-04T23:48:02.305367Z","level":"info","event":"Complete!","logger":"airflow.task.hooks.airflow.providers.ssh.hooks.ssh.SSHHook","filename":"ssh.py","lineno":494}
{"timestamp":"2026-01-04T23:48:02.371236Z","level":"info","event":"Starting MongoDB...","logger":"airflow.task.hooks.airflow.providers.ssh.hooks.ssh.SSHHook","filename":"ssh.py","lineno":494}
{"timestamp":"2026-01-04T23:48:03.009421Z","level":"info","event":"Waiting for health check...","logger":"airflow.task.hooks.airflow.providers.ssh.hooks.ssh.SSHHook","filename":"ssh.py","lineno":494}
{"timestamp":"2026-01-04T23:48:03.032200Z","level":"info","event":"MongoDB is up!","logger":"airflow.task.hooks.airflow.providers.ssh.hooks.ssh.SSHHook","filename":"ssh.py","lineno":494}
{"timestamp":"2026-01-04T23:48:03.048688Z","level":"info","event":"Pushing xcom","ti":"RuntimeTaskInstance(id=UUID('019b8b65-9a47-795b-a620-b6bb30c1f19c'), task_id='downgrade_former_primary', dag_id='mongodb_rs_rollback_v8_to_v7', run_id='manual__2026-01-04T23:44:08+00:00', try_number=1, dag_version_id=UUID('019b8b56-a65f-7d46-bcd5-5af34b467106'), map_index=-1, hostname='grow', context_carrier={}, task=<Task(SSHOperator): downgrade_former_primary>, bundle_instance=LocalDagBundle(name=dags-folder), max_tries=1, start_date=datetime.datetime(2026, 1, 4, 23, 47, 5, 433355, tzinfo=datetime.timezone.utc), end_date=None, state=<TaskInstanceState.RUNNING: 'running'>, is_mapped=False, rendered_map_index=None)","logger":"task","filename":"task_runner.py","lineno":1360}
{"timestamp":"2026-01-04T23:48:03.089676Z","level":"info","event":"Task instance in success state","logger":"task.stdout"}
{"timestamp":"2026-01-04T23:48:03.089826Z","level":"info","event":" Previous state of the Task instance: TaskInstanceState.RUNNING","logger":"task.stdout"}
{"timestamp":"2026-01-04T23:48:03.089969Z","level":"info","event":"Task operator:<Task(SSHOperator): downgrade_former_primary>","logger":"task.stdout"}
