{"timestamp":"2026-01-05T00:02:59.027578Z","level":"info","event":"DAG bundles loaded: dags-folder, example_dags","logger":"airflow.dag_processing.bundles.manager.DagBundlesManager","filename":"manager.py","lineno":179}
{"timestamp":"2026-01-05T00:02:59.028239Z","level":"info","event":"Filling up the DagBag from /repos/labs/airflow/dags/mongodb_rs_upgrade.py","logger":"airflow.models.dagbag.DagBag","filename":"dagbag.py","lineno":593}
{"timestamp":"2026-01-05T00:02:59.132336Z","level":"info","event":"Task instance is in running state","logger":"task.stdout"}
{"timestamp":"2026-01-05T00:02:59.132453Z","level":"info","event":" Previous state of the Task instance: TaskInstanceState.QUEUED","logger":"task.stdout"}
{"timestamp":"2026-01-05T00:02:59.132589Z","level":"info","event":"Current task name:upgrade_former_primary","logger":"task.stdout"}
{"timestamp":"2026-01-05T00:02:59.132650Z","level":"info","event":"Dag name:mongodb_rs_upgrade_v7_to_v8","logger":"task.stdout"}
{"timestamp":"2026-01-05T00:02:59.132796Z","level":"info","event":"ssh_hook is not provided or invalid. Trying ssh_conn_id to create SSHHook.","logger":"airflow.task.operators.airflow.providers.ssh.operators.ssh.SSHOperator","filename":"ssh.py","lineno":126}
{"timestamp":"2026-01-05T00:02:59.132875Z","level":"info","event":"remote_host is provided explicitly. It will replace the remote_host which was defined in ssh_hook or predefined in connection of ssh_conn_id.","logger":"airflow.task.operators.airflow.providers.ssh.operators.ssh.SSHOperator","filename":"ssh.py","lineno":128}
{"timestamp":"2026-01-05T00:02:59.178934Z","level":"warning","event":"No Host Key Verification. This won't protect against Man-In-The-Middle attacks","logger":"airflow.task.hooks.airflow.providers.ssh.hooks.ssh.SSHHook","filename":"ssh.py","lineno":297}
{"timestamp":"2026-01-05T00:02:59.190125Z","level":"info","event":"Connected (version 2.0, client OpenSSH_8.7)","logger":"paramiko.transport","filename":"transport.py","lineno":1944}
{"timestamp":"2026-01-05T00:02:59.248962Z","level":"info","event":"Authentication (publickey) successful!","logger":"paramiko.transport","filename":"transport.py","lineno":1944}
{"timestamp":"2026-01-05T00:02:59.249576Z","level":"info","event":"Running command: \n    echo \"Starting Upgrade on $(hostname)...\"\n    \n    # OS Detection\n    if [ -f /etc/os-release ]; then\n        . /etc/os-release\n        OS=$ID\n    else\n        echo \"Cannot detect OS, assuming Debian-based...\"\n        OS=debian\n    fi\n\n    echo \"Detected OS: $OS\"\n\n    echo \"Stopping MongoDB...\"\n    # Universal service stop (systemd)\n    if command -v systemctl &> /dev/null; then\n        sudo systemctl stop mongod\n    else\n        sudo service mongod stop\n    fi\n    \n    if [[ \"$OS\" == \"debian\" || \"$OS\" == \"ubuntu\" ]]; then\n        echo \"Running Debian/Ubuntu upgrade path...\"\n        export DEBIAN_FRONTEND=noninteractive\n        \n        echo \"Updating Repositories...\"\n        sudo percona-release enable psmdb-80 release \n        sudo apt-get update\n        \n        echo \"Installing Percona Server for MongoDB 8.0...\"\n        sudo apt-get install -y percona-server-mongodb\n        \n    elif [[ \"$OS\" == \"rhel\" || \"$OS\" == \"rocky\" || \"$OS\" == \"centos\" || \"$OS\" == \"almalinux\" ]]; then\n        echo \"Running RHEL/Rocky upgrade path...\"\n        \n        echo \"Installing Percona Server for MongoDB 8.0...\"\n        # Simply install/update the package. DNF handles dependencies.\n        # Ensure the repo is enabled beforehand or enable specific module if needed.\n        sudo percona-release enable psmdb-80 release\n        sudo dnf install -y percona-server-mongodb\n        \n    else\n        echo \"Unsupported OS: $OS\"\n        exit 1\n    fi\n    \n    echo \"Starting MongoDB...\"\n    if command -v systemctl &> /dev/null; then\n        sudo systemctl start mongod\n    else\n        sudo service mongod start\n    fi\n    \n    echo \"Waiting for health check...\"\n    # Simple check loop\n    for i in {1..30}; do\n        if nc -z localhost 27017; then\n            echo \"MongoDB is up!\"\n            exit 0\n        fi\n        sleep 2\n    done\n    echo \"MongoDB failed to start!\"\n    exit 1\n    ","logger":"airflow.task.hooks.airflow.providers.ssh.hooks.ssh.SSHHook","filename":"ssh.py","lineno":448}
{"timestamp":"2026-01-05T00:02:59.330274Z","level":"info","event":"Starting Upgrade on db-1...","logger":"airflow.task.hooks.airflow.providers.ssh.hooks.ssh.SSHHook","filename":"ssh.py","lineno":494}
{"timestamp":"2026-01-05T00:02:59.330578Z","level":"info","event":"Detected OS: rocky","logger":"airflow.task.hooks.airflow.providers.ssh.hooks.ssh.SSHHook","filename":"ssh.py","lineno":494}
{"timestamp":"2026-01-05T00:02:59.330624Z","level":"info","event":"Stopping MongoDB...","logger":"airflow.task.hooks.airflow.providers.ssh.hooks.ssh.SSHHook","filename":"ssh.py","lineno":494}
{"timestamp":"2026-01-05T00:03:14.691428Z","level":"info","event":"Running RHEL/Rocky upgrade path...","logger":"airflow.task.hooks.airflow.providers.ssh.hooks.ssh.SSHHook","filename":"ssh.py","lineno":494}
{"timestamp":"2026-01-05T00:03:14.691545Z","level":"info","event":"Installing Percona Server for MongoDB 8.0...","logger":"airflow.task.hooks.airflow.providers.ssh.hooks.ssh.SSHHook","filename":"ssh.py","lineno":494}
{"timestamp":"2026-01-05T00:03:16.152860Z","level":"info","event":"* Enabling the Percona Server for MongoDB 8.0 repository","logger":"airflow.task.hooks.airflow.providers.ssh.hooks.ssh.SSHHook","filename":"ssh.py","lineno":494}
{"timestamp":"2026-01-05T00:03:16.157769Z","level":"info","event":"<*> All done!","logger":"airflow.task.hooks.airflow.providers.ssh.hooks.ssh.SSHHook","filename":"ssh.py","lineno":494}
{"timestamp":"2026-01-05T00:03:16.768211Z","level":"info","event":"Percona Server for MongoDB 8.0 release/x86_64 Y 3.8 kB/s | 1.5 kB     00:00    ","logger":"airflow.task.hooks.airflow.providers.ssh.hooks.ssh.SSHHook","filename":"ssh.py","lineno":494}
{"timestamp":"2026-01-05T00:03:16.859947Z","level":"info","event":"Package percona-server-mongodb-7.0.24-13.el9.x86_64 is already installed.","logger":"airflow.task.hooks.airflow.providers.ssh.hooks.ssh.SSHHook","filename":"ssh.py","lineno":494}
{"timestamp":"2026-01-05T00:03:16.869047Z","level":"info","event":"Dependencies resolved.","logger":"airflow.task.hooks.airflow.providers.ssh.hooks.ssh.SSHHook","filename":"ssh.py","lineno":494}
{"timestamp":"2026-01-05T00:03:16.869577Z","level":"info","event":"================================================================================","logger":"airflow.task.hooks.airflow.providers.ssh.hooks.ssh.SSHHook","filename":"ssh.py","lineno":494}
{"timestamp":"2026-01-05T00:03:16.869628Z","level":"info","event":" Package                      Arch   Version      Repository               Size","logger":"airflow.task.hooks.airflow.providers.ssh.hooks.ssh.SSHHook","filename":"ssh.py","lineno":494}
{"timestamp":"2026-01-05T00:03:16.869660Z","level":"info","event":"================================================================================","logger":"airflow.task.hooks.airflow.providers.ssh.hooks.ssh.SSHHook","filename":"ssh.py","lineno":494}
{"timestamp":"2026-01-05T00:03:16.869689Z","level":"info","event":"Upgrading:","logger":"airflow.task.hooks.airflow.providers.ssh.hooks.ssh.SSHHook","filename":"ssh.py","lineno":494}
{"timestamp":"2026-01-05T00:03:16.869714Z","level":"info","event":" percona-server-mongodb       x86_64 8.0.16-5.el9 psmdb-80-release-x86_64 8.2 k","logger":"airflow.task.hooks.airflow.providers.ssh.hooks.ssh.SSHHook","filename":"ssh.py","lineno":494}
{"timestamp":"2026-01-05T00:03:16.869739Z","level":"info","event":" percona-server-mongodb-mongos","logger":"airflow.task.hooks.airflow.providers.ssh.hooks.ssh.SSHHook","filename":"ssh.py","lineno":494}
{"timestamp":"2026-01-05T00:03:16.869761Z","level":"info","event":"                              x86_64 8.0.16-5.el9 psmdb-80-release-x86_64  31 M","logger":"airflow.task.hooks.airflow.providers.ssh.hooks.ssh.SSHHook","filename":"ssh.py","lineno":494}
{"timestamp":"2026-01-05T00:03:16.869786Z","level":"info","event":" percona-server-mongodb-server","logger":"airflow.task.hooks.airflow.providers.ssh.hooks.ssh.SSHHook","filename":"ssh.py","lineno":494}
{"timestamp":"2026-01-05T00:03:16.869810Z","level":"info","event":"                              x86_64 8.0.16-5.el9 psmdb-80-release-x86_64  66 M","logger":"airflow.task.hooks.airflow.providers.ssh.hooks.ssh.SSHHook","filename":"ssh.py","lineno":494}
{"timestamp":"2026-01-05T00:03:16.869834Z","level":"info","event":" percona-server-mongodb-tools x86_64 8.0.16-5.el9 psmdb-80-release-x86_64  32 M","logger":"airflow.task.hooks.airflow.providers.ssh.hooks.ssh.SSHHook","filename":"ssh.py","lineno":494}
{"timestamp":"2026-01-05T00:03:16.869855Z","level":"info","event":"","logger":"airflow.task.hooks.airflow.providers.ssh.hooks.ssh.SSHHook","filename":"ssh.py","lineno":494}
{"timestamp":"2026-01-05T00:03:16.869875Z","level":"info","event":"Transaction Summary","logger":"airflow.task.hooks.airflow.providers.ssh.hooks.ssh.SSHHook","filename":"ssh.py","lineno":494}
{"timestamp":"2026-01-05T00:03:16.869894Z","level":"info","event":"================================================================================","logger":"airflow.task.hooks.airflow.providers.ssh.hooks.ssh.SSHHook","filename":"ssh.py","lineno":494}
{"timestamp":"2026-01-05T00:03:16.869913Z","level":"info","event":"Upgrade  4 Packages","logger":"airflow.task.hooks.airflow.providers.ssh.hooks.ssh.SSHHook","filename":"ssh.py","lineno":494}
{"timestamp":"2026-01-05T00:03:16.870071Z","level":"info","event":"Total download size: 129 M","logger":"airflow.task.hooks.airflow.providers.ssh.hooks.ssh.SSHHook","filename":"ssh.py","lineno":494}
{"timestamp":"2026-01-05T00:03:16.870199Z","level":"info","event":"Downloading Packages:","logger":"airflow.task.hooks.airflow.providers.ssh.hooks.ssh.SSHHook","filename":"ssh.py","lineno":494}
{"timestamp":"2026-01-05T00:03:17.281379Z","level":"info","event":"(1/4): percona-server-mongodb-8.0.16-5.el9.x86_  20 kB/s | 8.2 kB     00:00    ","logger":"airflow.task.hooks.airflow.providers.ssh.hooks.ssh.SSHHook","filename":"ssh.py","lineno":494}
{"timestamp":"2026-01-05T00:03:21.029029Z","level":"info","event":"(2/4): percona-server-mongodb-mongos-8.0.16-5.e 7.3 MB/s |  31 MB     00:04    ","logger":"airflow.task.hooks.airflow.providers.ssh.hooks.ssh.SSHHook","filename":"ssh.py","lineno":494}
{"timestamp":"2026-01-05T00:03:21.318790Z","level":"info","event":"(3/4): percona-server-mongodb-tools-8.0.16-5.el 8.0 MB/s |  32 MB     00:04    ","logger":"airflow.task.hooks.airflow.providers.ssh.hooks.ssh.SSHHook","filename":"ssh.py","lineno":494}
{"timestamp":"2026-01-05T00:03:26.177555Z","level":"info","event":"(4/4): percona-server-mongodb-server-8.0.16-5.e 7.1 MB/s |  66 MB     00:09    ","logger":"airflow.task.hooks.airflow.providers.ssh.hooks.ssh.SSHHook","filename":"ssh.py","lineno":494}
{"timestamp":"2026-01-05T00:03:26.177797Z","level":"info","event":"--------------------------------------------------------------------------------","logger":"airflow.task.hooks.airflow.providers.ssh.hooks.ssh.SSHHook","filename":"ssh.py","lineno":494}
{"timestamp":"2026-01-05T00:03:26.177927Z","level":"info","event":"Total                                            14 MB/s | 129 MB     00:09     ","logger":"airflow.task.hooks.airflow.providers.ssh.hooks.ssh.SSHHook","filename":"ssh.py","lineno":494}
{"timestamp":"2026-01-05T00:03:26.517806Z","level":"info","event":"Running transaction check","logger":"airflow.task.hooks.airflow.providers.ssh.hooks.ssh.SSHHook","filename":"ssh.py","lineno":494}
{"timestamp":"2026-01-05T00:03:26.527268Z","level":"info","event":"Transaction check succeeded.","logger":"airflow.task.hooks.airflow.providers.ssh.hooks.ssh.SSHHook","filename":"ssh.py","lineno":494}
{"timestamp":"2026-01-05T00:03:26.527476Z","level":"info","event":"Running transaction test","logger":"airflow.task.hooks.airflow.providers.ssh.hooks.ssh.SSHHook","filename":"ssh.py","lineno":494}
{"timestamp":"2026-01-05T00:03:27.044229Z","level":"info","event":"Transaction test succeeded.","logger":"airflow.task.hooks.airflow.providers.ssh.hooks.ssh.SSHHook","filename":"ssh.py","lineno":494}
{"timestamp":"2026-01-05T00:03:27.044516Z","level":"info","event":"Running transaction","logger":"airflow.task.hooks.airflow.providers.ssh.hooks.ssh.SSHHook","filename":"ssh.py","lineno":494}
{"timestamp":"2026-01-05T00:03:27.569156Z","level":"info","event":"  Preparing        :                                                        1/1","logger":"airflow.task.hooks.airflow.providers.ssh.hooks.ssh.SSHHook","filename":"ssh.py","lineno":494}
{"timestamp":"2026-01-05T00:03:27.884359Z","level":"info","event":" ","logger":"airflow.task.hooks.airflow.providers.ssh.hooks.ssh.SSHHook","filename":"ssh.py","lineno":494}
{"timestamp":"2026-01-05T00:03:27.884477Z","level":"info","event":"  Upgrading        : percona-server-mongodb-tools-8.0.16-5.el9.x86_64       1/8","logger":"airflow.task.hooks.airflow.providers.ssh.hooks.ssh.SSHHook","filename":"ssh.py","lineno":494}
{"timestamp":"2026-01-05T00:03:27.927662Z","level":"info","event":" ","logger":"airflow.task.hooks.airflow.providers.ssh.hooks.ssh.SSHHook","filename":"ssh.py","lineno":494}
{"timestamp":"2026-01-05T00:03:27.927785Z","level":"info","event":"  Running scriptlet: percona-server-mongodb-server-8.0.16-5.el9.x86_64      2/8","logger":"airflow.task.hooks.airflow.providers.ssh.hooks.ssh.SSHHook","filename":"ssh.py","lineno":494}
{"timestamp":"2026-01-05T00:03:28.701680Z","level":"info","event":" ","logger":"airflow.task.hooks.airflow.providers.ssh.hooks.ssh.SSHHook","filename":"ssh.py","lineno":494}
{"timestamp":"2026-01-05T00:03:28.701835Z","level":"info","event":"  Upgrading        : percona-server-mongodb-server-8.0.16-5.el9.x86_64      2/8","logger":"airflow.task.hooks.airflow.providers.ssh.hooks.ssh.SSHHook","filename":"ssh.py","lineno":494}
{"timestamp":"2026-01-05T00:03:28.701981Z","level":"info","event":" ","logger":"airflow.task.hooks.airflow.providers.ssh.hooks.ssh.SSHHook","filename":"ssh.py","lineno":494}
{"timestamp":"2026-01-05T00:03:28.702018Z","level":"info","event":"warning: /etc/mongod.conf created as /etc/mongod.conf.rpmnew","logger":"airflow.task.hooks.airflow.providers.ssh.hooks.ssh.SSHHook","filename":"ssh.py","lineno":494}
{"timestamp":"2026-01-05T00:03:28.863229Z","level":"info","event":"  Running scriptlet: percona-server-mongodb-server-8.0.16-5.el9.x86_64      2/8","logger":"airflow.task.hooks.airflow.providers.ssh.hooks.ssh.SSHHook","filename":"ssh.py","lineno":494}
{"timestamp":"2026-01-05T00:03:39.895526Z","level":"info","event":" ","logger":"airflow.task.hooks.airflow.providers.ssh.hooks.ssh.SSHHook","filename":"ssh.py","lineno":494}
{"timestamp":"2026-01-05T00:03:39.895635Z","level":"info","event":" * To start the service, configure your engine and start mongod","logger":"airflow.task.hooks.airflow.providers.ssh.hooks.ssh.SSHHook","filename":"ssh.py","lineno":494}
{"timestamp":"2026-01-05T00:03:39.895680Z","level":"info","event":"** Join Percona Squad! **","logger":"airflow.task.hooks.airflow.providers.ssh.hooks.ssh.SSHHook","filename":"ssh.py","lineno":494}
{"timestamp":"2026-01-05T00:03:39.895713Z","level":"info","event":"","logger":"airflow.task.hooks.airflow.providers.ssh.hooks.ssh.SSHHook","filename":"ssh.py","lineno":494}
{"timestamp":"2026-01-05T00:03:39.895740Z","level":"info","event":"Participate in monthly SWAG raffles, get early access to new product features,","logger":"airflow.task.hooks.airflow.providers.ssh.hooks.ssh.SSHHook","filename":"ssh.py","lineno":494}
{"timestamp":"2026-01-05T00:03:39.895765Z","level":"info","event":"invite-only ”ask me anything” sessions with database performance experts.","logger":"airflow.task.hooks.airflow.providers.ssh.hooks.ssh.SSHHook","filename":"ssh.py","lineno":494}
{"timestamp":"2026-01-05T00:03:39.895794Z","level":"info","event":"","logger":"airflow.task.hooks.airflow.providers.ssh.hooks.ssh.SSHHook","filename":"ssh.py","lineno":494}
{"timestamp":"2026-01-05T00:03:39.895820Z","level":"info","event":"Interested? Fill in the form at https://squad.percona.com/mongodb","logger":"airflow.task.hooks.airflow.providers.ssh.hooks.ssh.SSHHook","filename":"ssh.py","lineno":494}
{"timestamp":"2026-01-05T00:03:39.898678Z","level":"info","event":"  Running scriptlet: percona-server-mongodb-mongos-8.0.16-5.el9.x86_64      3/8","logger":"airflow.task.hooks.airflow.providers.ssh.hooks.ssh.SSHHook","filename":"ssh.py","lineno":494}
{"timestamp":"2026-01-05T00:03:40.310130Z","level":"info","event":" ","logger":"airflow.task.hooks.airflow.providers.ssh.hooks.ssh.SSHHook","filename":"ssh.py","lineno":494}
{"timestamp":"2026-01-05T00:03:40.310250Z","level":"info","event":"  Upgrading        : percona-server-mongodb-mongos-8.0.16-5.el9.x86_64      3/8","logger":"airflow.task.hooks.airflow.providers.ssh.hooks.ssh.SSHHook","filename":"ssh.py","lineno":494}
{"timestamp":"2026-01-05T00:03:40.385605Z","level":"info","event":" ","logger":"airflow.task.hooks.airflow.providers.ssh.hooks.ssh.SSHHook","filename":"ssh.py","lineno":494}
{"timestamp":"2026-01-05T00:03:40.385727Z","level":"info","event":"  Running scriptlet: percona-server-mongodb-mongos-8.0.16-5.el9.x86_64      3/8","logger":"airflow.task.hooks.airflow.providers.ssh.hooks.ssh.SSHHook","filename":"ssh.py","lineno":494}
{"timestamp":"2026-01-05T00:03:40.396739Z","level":"info","event":" ","logger":"airflow.task.hooks.airflow.providers.ssh.hooks.ssh.SSHHook","filename":"ssh.py","lineno":494}
{"timestamp":"2026-01-05T00:03:40.396844Z","level":"info","event":"  Upgrading        : percona-server-mongodb-8.0.16-5.el9.x86_64             4/8","logger":"airflow.task.hooks.airflow.providers.ssh.hooks.ssh.SSHHook","filename":"ssh.py","lineno":494}
{"timestamp":"2026-01-05T00:03:40.401547Z","level":"info","event":" ","logger":"airflow.task.hooks.airflow.providers.ssh.hooks.ssh.SSHHook","filename":"ssh.py","lineno":494}
{"timestamp":"2026-01-05T00:03:40.401633Z","level":"info","event":"  Cleanup          : percona-server-mongodb-7.0.24-13.el9.x86_64            5/8","logger":"airflow.task.hooks.airflow.providers.ssh.hooks.ssh.SSHHook","filename":"ssh.py","lineno":494}
{"timestamp":"2026-01-05T00:03:40.408748Z","level":"info","event":" ","logger":"airflow.task.hooks.airflow.providers.ssh.hooks.ssh.SSHHook","filename":"ssh.py","lineno":494}
{"timestamp":"2026-01-05T00:03:40.408856Z","level":"info","event":"  Cleanup          : percona-server-mongodb-mongos-7.0.24-13.el9.x86_64     6/8","logger":"airflow.task.hooks.airflow.providers.ssh.hooks.ssh.SSHHook","filename":"ssh.py","lineno":494}
{"timestamp":"2026-01-05T00:03:40.408989Z","level":"info","event":" ","logger":"airflow.task.hooks.airflow.providers.ssh.hooks.ssh.SSHHook","filename":"ssh.py","lineno":494}
{"timestamp":"2026-01-05T00:03:40.409050Z","level":"info","event":"  Running scriptlet: percona-server-mongodb-mongos-7.0.24-13.el9.x86_64     6/8","logger":"airflow.task.hooks.airflow.providers.ssh.hooks.ssh.SSHHook","filename":"ssh.py","lineno":494}
{"timestamp":"2026-01-05T00:03:40.422603Z","level":"info","event":" ","logger":"airflow.task.hooks.airflow.providers.ssh.hooks.ssh.SSHHook","filename":"ssh.py","lineno":494}
{"timestamp":"2026-01-05T00:03:40.422707Z","level":"info","event":"  Running scriptlet: percona-server-mongodb-server-7.0.24-13.el9.x86_64     7/8","logger":"airflow.task.hooks.airflow.providers.ssh.hooks.ssh.SSHHook","filename":"ssh.py","lineno":494}
{"timestamp":"2026-01-05T00:03:40.428792Z","level":"info","event":" ","logger":"airflow.task.hooks.airflow.providers.ssh.hooks.ssh.SSHHook","filename":"ssh.py","lineno":494}
{"timestamp":"2026-01-05T00:03:40.428870Z","level":"info","event":"  Cleanup          : percona-server-mongodb-server-7.0.24-13.el9.x86_64     7/8","logger":"airflow.task.hooks.airflow.providers.ssh.hooks.ssh.SSHHook","filename":"ssh.py","lineno":494}
{"timestamp":"2026-01-05T00:03:40.429048Z","level":"info","event":" ","logger":"airflow.task.hooks.airflow.providers.ssh.hooks.ssh.SSHHook","filename":"ssh.py","lineno":494}
{"timestamp":"2026-01-05T00:03:40.429106Z","level":"info","event":"  Running scriptlet: percona-server-mongodb-server-7.0.24-13.el9.x86_64     7/8","logger":"airflow.task.hooks.airflow.providers.ssh.hooks.ssh.SSHHook","filename":"ssh.py","lineno":494}
{"timestamp":"2026-01-05T00:03:40.443279Z","level":"info","event":" ","logger":"airflow.task.hooks.airflow.providers.ssh.hooks.ssh.SSHHook","filename":"ssh.py","lineno":494}
{"timestamp":"2026-01-05T00:03:40.443402Z","level":"info","event":"  Cleanup          : percona-server-mongodb-tools-7.0.24-13.el9.x86_64      8/8","logger":"airflow.task.hooks.airflow.providers.ssh.hooks.ssh.SSHHook","filename":"ssh.py","lineno":494}
{"timestamp":"2026-01-05T00:03:40.478291Z","level":"info","event":" ","logger":"airflow.task.hooks.airflow.providers.ssh.hooks.ssh.SSHHook","filename":"ssh.py","lineno":494}
{"timestamp":"2026-01-05T00:03:40.478412Z","level":"info","event":"  Running scriptlet: percona-server-mongodb-tools-7.0.24-13.el9.x86_64      8/8","logger":"airflow.task.hooks.airflow.providers.ssh.hooks.ssh.SSHHook","filename":"ssh.py","lineno":494}
{"timestamp":"2026-01-05T00:03:40.977373Z","level":"info","event":" ","logger":"airflow.task.hooks.airflow.providers.ssh.hooks.ssh.SSHHook","filename":"ssh.py","lineno":494}
{"timestamp":"2026-01-05T00:03:40.977613Z","level":"info","event":"  Verifying        : percona-server-mongodb-8.0.16-5.el9.x86_64             1/8","logger":"airflow.task.hooks.airflow.providers.ssh.hooks.ssh.SSHHook","filename":"ssh.py","lineno":494}
{"timestamp":"2026-01-05T00:03:40.977700Z","level":"info","event":" ","logger":"airflow.task.hooks.airflow.providers.ssh.hooks.ssh.SSHHook","filename":"ssh.py","lineno":494}
{"timestamp":"2026-01-05T00:03:40.977745Z","level":"info","event":"  Verifying        : percona-server-mongodb-7.0.24-13.el9.x86_64            2/8","logger":"airflow.task.hooks.airflow.providers.ssh.hooks.ssh.SSHHook","filename":"ssh.py","lineno":494}
{"timestamp":"2026-01-05T00:03:40.977913Z","level":"info","event":" ","logger":"airflow.task.hooks.airflow.providers.ssh.hooks.ssh.SSHHook","filename":"ssh.py","lineno":494}
{"timestamp":"2026-01-05T00:03:40.977980Z","level":"info","event":"  Verifying        : percona-server-mongodb-mongos-8.0.16-5.el9.x86_64      3/8","logger":"airflow.task.hooks.airflow.providers.ssh.hooks.ssh.SSHHook","filename":"ssh.py","lineno":494}
{"timestamp":"2026-01-05T00:03:40.978109Z","level":"info","event":" ","logger":"airflow.task.hooks.airflow.providers.ssh.hooks.ssh.SSHHook","filename":"ssh.py","lineno":494}
{"timestamp":"2026-01-05T00:03:40.978159Z","level":"info","event":"  Verifying        : percona-server-mongodb-mongos-7.0.24-13.el9.x86_64     4/8","logger":"airflow.task.hooks.airflow.providers.ssh.hooks.ssh.SSHHook","filename":"ssh.py","lineno":494}
{"timestamp":"2026-01-05T00:03:40.978274Z","level":"info","event":" ","logger":"airflow.task.hooks.airflow.providers.ssh.hooks.ssh.SSHHook","filename":"ssh.py","lineno":494}
{"timestamp":"2026-01-05T00:03:40.978305Z","level":"info","event":"  Verifying        : percona-server-mongodb-server-8.0.16-5.el9.x86_64      5/8","logger":"airflow.task.hooks.airflow.providers.ssh.hooks.ssh.SSHHook","filename":"ssh.py","lineno":494}
{"timestamp":"2026-01-05T00:03:40.978435Z","level":"info","event":" ","logger":"airflow.task.hooks.airflow.providers.ssh.hooks.ssh.SSHHook","filename":"ssh.py","lineno":494}
{"timestamp":"2026-01-05T00:03:40.978468Z","level":"info","event":"  Verifying        : percona-server-mongodb-server-7.0.24-13.el9.x86_64     6/8","logger":"airflow.task.hooks.airflow.providers.ssh.hooks.ssh.SSHHook","filename":"ssh.py","lineno":494}
{"timestamp":"2026-01-05T00:03:40.978590Z","level":"info","event":" ","logger":"airflow.task.hooks.airflow.providers.ssh.hooks.ssh.SSHHook","filename":"ssh.py","lineno":494}
{"timestamp":"2026-01-05T00:03:40.978617Z","level":"info","event":"  Verifying        : percona-server-mongodb-tools-8.0.16-5.el9.x86_64       7/8","logger":"airflow.task.hooks.airflow.providers.ssh.hooks.ssh.SSHHook","filename":"ssh.py","lineno":494}
{"timestamp":"2026-01-05T00:03:40.978793Z","level":"info","event":" ","logger":"airflow.task.hooks.airflow.providers.ssh.hooks.ssh.SSHHook","filename":"ssh.py","lineno":494}
{"timestamp":"2026-01-05T00:03:40.978850Z","level":"info","event":"  Verifying        : percona-server-mongodb-tools-7.0.24-13.el9.x86_64      8/8","logger":"airflow.task.hooks.airflow.providers.ssh.hooks.ssh.SSHHook","filename":"ssh.py","lineno":494}
{"timestamp":"2026-01-05T00:03:41.120199Z","level":"info","event":" ","logger":"airflow.task.hooks.airflow.providers.ssh.hooks.ssh.SSHHook","filename":"ssh.py","lineno":494}
{"timestamp":"2026-01-05T00:03:41.120317Z","level":"info","event":"","logger":"airflow.task.hooks.airflow.providers.ssh.hooks.ssh.SSHHook","filename":"ssh.py","lineno":494}
{"timestamp":"2026-01-05T00:03:41.120362Z","level":"info","event":"Upgraded:","logger":"airflow.task.hooks.airflow.providers.ssh.hooks.ssh.SSHHook","filename":"ssh.py","lineno":494}
{"timestamp":"2026-01-05T00:03:41.120393Z","level":"info","event":"  percona-server-mongodb-8.0.16-5.el9.x86_64                                    ","logger":"airflow.task.hooks.airflow.providers.ssh.hooks.ssh.SSHHook","filename":"ssh.py","lineno":494}
{"timestamp":"2026-01-05T00:03:41.120420Z","level":"info","event":"  percona-server-mongodb-mongos-8.0.16-5.el9.x86_64                             ","logger":"airflow.task.hooks.airflow.providers.ssh.hooks.ssh.SSHHook","filename":"ssh.py","lineno":494}
{"timestamp":"2026-01-05T00:03:41.120445Z","level":"info","event":"  percona-server-mongodb-server-8.0.16-5.el9.x86_64                             ","logger":"airflow.task.hooks.airflow.providers.ssh.hooks.ssh.SSHHook","filename":"ssh.py","lineno":494}
{"timestamp":"2026-01-05T00:03:41.120470Z","level":"info","event":"  percona-server-mongodb-tools-8.0.16-5.el9.x86_64                              ","logger":"airflow.task.hooks.airflow.providers.ssh.hooks.ssh.SSHHook","filename":"ssh.py","lineno":494}
{"timestamp":"2026-01-05T00:03:41.120495Z","level":"info","event":"","logger":"airflow.task.hooks.airflow.providers.ssh.hooks.ssh.SSHHook","filename":"ssh.py","lineno":494}
{"timestamp":"2026-01-05T00:03:41.120520Z","level":"info","event":"Complete!","logger":"airflow.task.hooks.airflow.providers.ssh.hooks.ssh.SSHHook","filename":"ssh.py","lineno":494}
{"timestamp":"2026-01-05T00:03:41.177606Z","level":"info","event":"Starting MongoDB...","logger":"airflow.task.hooks.airflow.providers.ssh.hooks.ssh.SSHHook","filename":"ssh.py","lineno":494}
{"timestamp":"2026-01-05T00:03:41.253401Z","level":"info","event":"Waiting for health check...","logger":"airflow.task.hooks.airflow.providers.ssh.hooks.ssh.SSHHook","filename":"ssh.py","lineno":494}
{"timestamp":"2026-01-05T00:03:43.280175Z","level":"info","event":"MongoDB is up!","logger":"airflow.task.hooks.airflow.providers.ssh.hooks.ssh.SSHHook","filename":"ssh.py","lineno":494}
{"timestamp":"2026-01-05T00:03:43.292580Z","level":"info","event":"Pushing xcom","ti":"RuntimeTaskInstance(id=UUID('019b8b75-2e67-7877-bb27-e4d2eed85589'), task_id='upgrade_former_primary', dag_id='mongodb_rs_upgrade_v7_to_v8', run_id='manual__2026-01-05T00:01:09+00:00', try_number=1, dag_version_id=UUID('019b8b56-a629-785a-ab68-92db86f16240'), map_index=-1, hostname='grow', context_carrier={}, task=<Task(SSHOperator): upgrade_former_primary>, bundle_instance=LocalDagBundle(name=dags-folder), max_tries=1, start_date=datetime.datetime(2026, 1, 5, 0, 2, 59, 4411, tzinfo=datetime.timezone.utc), end_date=None, state=<TaskInstanceState.RUNNING: 'running'>, is_mapped=False, rendered_map_index=None)","logger":"task","filename":"task_runner.py","lineno":1360}
{"timestamp":"2026-01-05T00:03:43.326361Z","level":"info","event":"Task instance in success state","logger":"task.stdout"}
{"timestamp":"2026-01-05T00:03:43.326486Z","level":"info","event":" Previous state of the Task instance: TaskInstanceState.RUNNING","logger":"task.stdout"}
{"timestamp":"2026-01-05T00:03:43.326621Z","level":"info","event":"Task operator:<Task(SSHOperator): upgrade_former_primary>","logger":"task.stdout"}
