{"timestamp":"2026-01-04T23:44:13.139276Z","level":"info","event":"DAG bundles loaded: dags-folder, example_dags","logger":"airflow.dag_processing.bundles.manager.DagBundlesManager","filename":"manager.py","lineno":179}
{"timestamp":"2026-01-04T23:44:13.139756Z","level":"info","event":"Filling up the DagBag from /repos/labs/airflow/dags/mongodb_rs_rollback.py","logger":"airflow.models.dagbag.DagBag","filename":"dagbag.py","lineno":593}
{"timestamp":"2026-01-04T23:44:13.247632Z","level":"info","event":"Task instance is in running state","logger":"task.stdout"}
{"timestamp":"2026-01-04T23:44:13.247736Z","level":"info","event":" Previous state of the Task instance: TaskInstanceState.QUEUED","logger":"task.stdout"}
{"timestamp":"2026-01-04T23:44:13.247894Z","level":"info","event":"Current task name:downgrade_secondaries_sequentially","logger":"task.stdout"}
{"timestamp":"2026-01-04T23:44:13.247938Z","level":"info","event":"Dag name:mongodb_rs_rollback_v8_to_v7","logger":"task.stdout"}
{"timestamp":"2026-01-04T23:44:13.256914Z","level":"info","event":"Starting downgrade for secondary: db-2","logger":"task.stdout"}
{"timestamp":"2026-01-04T23:44:13.315787Z","level":"warning","event":"No Host Key Verification. This won't protect against Man-In-The-Middle attacks","logger":"airflow.task.hooks.airflow.providers.ssh.hooks.ssh.SSHHook","filename":"ssh.py","lineno":297}
{"timestamp":"2026-01-04T23:44:13.327685Z","level":"info","event":"Connected (version 2.0, client OpenSSH_8.7)","logger":"paramiko.transport","filename":"transport.py","lineno":1944}
{"timestamp":"2026-01-04T23:44:13.401306Z","level":"info","event":"Authentication (publickey) successful!","logger":"paramiko.transport","filename":"transport.py","lineno":1944}
{"timestamp":"2026-01-04T23:45:46.151813Z","level":"info","event":"Downgrade output for db-2:","logger":"task.stdout"}
{"timestamp":"2026-01-04T23:45:46.152061Z","level":"info","event":"Starting Rollback on db-2...","logger":"task.stdout"}
{"timestamp":"2026-01-04T23:45:46.152149Z","level":"info","event":"Detected OS: rocky","logger":"task.stdout"}
{"timestamp":"2026-01-04T23:45:46.152201Z","level":"info","event":"Stopping MongoDB...","logger":"task.stdout"}
{"timestamp":"2026-01-04T23:45:46.152245Z","level":"info","event":"Running RHEL/Rocky downgrade path...","logger":"task.stdout"}
{"timestamp":"2026-01-04T23:45:46.152282Z","level":"info","event":"Switching Repositories...","logger":"task.stdout"}
{"timestamp":"2026-01-04T23:45:46.152319Z","level":"info","event":"<*> All done!","logger":"task.stdout"}
{"timestamp":"2026-01-04T23:45:46.152371Z","level":"info","event":"* Enabling the Percona Server for MongoDB 7.0 repository","logger":"task.stdout"}
{"timestamp":"2026-01-04T23:45:46.152411Z","level":"info","event":"<*> All done!","logger":"task.stdout"}
{"timestamp":"2026-01-04T23:45:46.152450Z","level":"info","event":"Downgrading to Percona Server for MongoDB 7.0...","logger":"task.stdout"}
{"timestamp":"2026-01-04T23:45:46.152486Z","level":"info","event":"Percona Server for MongoDB 7.0 release/x86_64 Y 3.9 kB/s | 1.5 kB     00:00","logger":"task.stdout"}
{"timestamp":"2026-01-04T23:45:46.152520Z","level":"info","event":"Rocky Linux 9 - BaseOS                          172  B/s | 4.3 kB     00:25","logger":"task.stdout"}
{"timestamp":"2026-01-04T23:45:46.152554Z","level":"info","event":"Rocky Linux 9 - AppStream                       456  B/s | 4.8 kB     00:10","logger":"task.stdout"}
{"timestamp":"2026-01-04T23:45:46.152589Z","level":"info","event":"Rocky Linux 9 - Extras                          201  B/s | 3.1 kB     00:15","logger":"task.stdout"}
{"timestamp":"2026-01-04T23:45:46.152623Z","level":"info","event":"Dependencies resolved.","logger":"task.stdout"}
{"timestamp":"2026-01-04T23:45:46.152657Z","level":"info","event":"================================================================================","logger":"task.stdout"}
{"timestamp":"2026-01-04T23:45:46.152691Z","level":"info","event":" Package                     Arch   Version       Repository               Size","logger":"task.stdout"}
{"timestamp":"2026-01-04T23:45:46.152725Z","level":"info","event":"================================================================================","logger":"task.stdout"}
{"timestamp":"2026-01-04T23:45:46.152770Z","level":"info","event":"Downgrading:","logger":"task.stdout"}
{"timestamp":"2026-01-04T23:45:46.152807Z","level":"info","event":" percona-server-mongodb      x86_64 7.0.26-14.el9 psmdb-70-release-x86_64 8.2 k","logger":"task.stdout"}
{"timestamp":"2026-01-04T23:45:46.152842Z","level":"info","event":" percona-server-mongodb-mongos","logger":"task.stdout"}
{"timestamp":"2026-01-04T23:45:46.152876Z","level":"info","event":"                             x86_64 7.0.26-14.el9 psmdb-70-release-x86_64  25 M","logger":"task.stdout"}
{"timestamp":"2026-01-04T23:45:46.152909Z","level":"info","event":" percona-server-mongodb-server","logger":"task.stdout"}
{"timestamp":"2026-01-04T23:45:46.152942Z","level":"info","event":"                             x86_64 7.0.26-14.el9 psmdb-70-release-x86_64  57 M","logger":"task.stdout"}
{"timestamp":"2026-01-04T23:45:46.152974Z","level":"info","event":" percona-server-mongodb-tools","logger":"task.stdout"}
{"timestamp":"2026-01-04T23:45:46.153006Z","level":"info","event":"                             x86_64 7.0.26-14.el9 psmdb-70-release-x86_64  32 M","logger":"task.stdout"}
{"timestamp":"2026-01-04T23:45:46.153052Z","level":"info","event":"","logger":"task.stdout"}
{"timestamp":"2026-01-04T23:45:46.153087Z","level":"info","event":"Transaction Summary","logger":"task.stdout"}
{"timestamp":"2026-01-04T23:45:46.153120Z","level":"info","event":"================================================================================","logger":"task.stdout"}
{"timestamp":"2026-01-04T23:45:46.153153Z","level":"info","event":"Downgrade  4 Packages","logger":"task.stdout"}
{"timestamp":"2026-01-04T23:45:46.153188Z","level":"info","event":"","logger":"task.stdout"}
{"timestamp":"2026-01-04T23:45:46.153221Z","level":"info","event":"Total size: 115 M","logger":"task.stdout"}
{"timestamp":"2026-01-04T23:45:46.153253Z","level":"info","event":"Downloading Packages:","logger":"task.stdout"}
{"timestamp":"2026-01-04T23:45:46.153285Z","level":"info","event":"[SKIPPED] percona-server-mongodb-7.0.26-14.el9.x86_64.rpm: Already downloaded","logger":"task.stdout"}
{"timestamp":"2026-01-04T23:45:46.153319Z","level":"info","event":"[SKIPPED] percona-server-mongodb-mongos-7.0.26-14.el9.x86_64.rpm: Already downloaded","logger":"task.stdout"}
{"timestamp":"2026-01-04T23:45:46.153365Z","level":"info","event":"[SKIPPED] percona-server-mongodb-server-7.0.26-14.el9.x86_64.rpm: Already downloaded","logger":"task.stdout"}
{"timestamp":"2026-01-04T23:45:46.153400Z","level":"info","event":"[SKIPPED] percona-server-mongodb-tools-7.0.26-14.el9.x86_64.rpm: Already downloaded","logger":"task.stdout"}
{"timestamp":"2026-01-04T23:45:46.153432Z","level":"info","event":"Running transaction check","logger":"task.stdout"}
{"timestamp":"2026-01-04T23:45:46.153464Z","level":"info","event":"Transaction check succeeded.","logger":"task.stdout"}
{"timestamp":"2026-01-04T23:45:46.153495Z","level":"info","event":"Running transaction test","logger":"task.stdout"}
{"timestamp":"2026-01-04T23:45:46.153526Z","level":"info","event":"Transaction test succeeded.","logger":"task.stdout"}
{"timestamp":"2026-01-04T23:45:46.153557Z","level":"info","event":"Running transaction","logger":"task.stdout"}
{"timestamp":"2026-01-04T23:45:46.153589Z","level":"info","event":"  Preparing        :                                                        1/1","logger":"task.stdout"}
{"timestamp":"2026-01-04T23:45:46.153621Z","level":"info","event":"  Downgrading      : percona-server-mongodb-tools-7.0.26-14.el9.x86_64      1/8","logger":"task.stdout"}
{"timestamp":"2026-01-04T23:45:46.153652Z","level":"info","event":"  Running scriptlet: percona-server-mongodb-server-7.0.26-14.el9.x86_64     2/8","logger":"task.stdout"}
{"timestamp":"2026-01-04T23:45:46.153682Z","level":"info","event":"  Downgrading      : percona-server-mongodb-server-7.0.26-14.el9.x86_64     2/8","logger":"task.stdout"}
{"timestamp":"2026-01-04T23:45:46.153718Z","level":"info","event":"warning: /etc/mongod.conf created as /etc/mongod.conf.rpmnew","logger":"task.stdout"}
{"timestamp":"2026-01-04T23:45:46.153753Z","level":"info","event":"","logger":"task.stdout"}
{"timestamp":"2026-01-04T23:45:46.153785Z","level":"info","event":"  Running scriptlet: percona-server-mongodb-server-7.0.26-14.el9.x86_64     2/8","logger":"task.stdout"}
{"timestamp":"2026-01-04T23:45:46.153819Z","level":"info","event":" * To start the service, configure your engine and start mongod","logger":"task.stdout"}
{"timestamp":"2026-01-04T23:45:46.153851Z","level":"info","event":"","logger":"task.stdout"}
{"timestamp":"2026-01-04T23:45:46.153882Z","level":"info","event":"  Running scriptlet: percona-server-mongodb-mongos-7.0.26-14.el9.x86_64     3/8","logger":"task.stdout"}
{"timestamp":"2026-01-04T23:45:46.153914Z","level":"info","event":"  Downgrading      : percona-server-mongodb-mongos-7.0.26-14.el9.x86_64     3/8","logger":"task.stdout"}
{"timestamp":"2026-01-04T23:45:46.153945Z","level":"info","event":"  Running scriptlet: percona-server-mongodb-mongos-7.0.26-14.el9.x86_64     3/8","logger":"task.stdout"}
{"timestamp":"2026-01-04T23:45:46.153977Z","level":"info","event":"  Downgrading      : percona-server-mongodb-7.0.26-14.el9.x86_64            4/8","logger":"task.stdout"}
{"timestamp":"2026-01-04T23:45:46.154008Z","level":"info","event":"  Cleanup          : percona-server-mongodb-8.0.16-5.el9.x86_64             5/8","logger":"task.stdout"}
{"timestamp":"2026-01-04T23:45:46.154040Z","level":"info","event":"  Cleanup          : percona-server-mongodb-mongos-8.0.16-5.el9.x86_64      6/8","logger":"task.stdout"}
{"timestamp":"2026-01-04T23:45:46.154074Z","level":"info","event":"  Running scriptlet: percona-server-mongodb-mongos-8.0.16-5.el9.x86_64      6/8","logger":"task.stdout"}
{"timestamp":"2026-01-04T23:45:46.154125Z","level":"info","event":"  Running scriptlet: percona-server-mongodb-server-8.0.16-5.el9.x86_64      7/8","logger":"task.stdout"}
{"timestamp":"2026-01-04T23:45:46.154165Z","level":"info","event":"  Cleanup          : percona-server-mongodb-server-8.0.16-5.el9.x86_64      7/8","logger":"task.stdout"}
{"timestamp":"2026-01-04T23:45:46.154199Z","level":"info","event":"  Running scriptlet: percona-server-mongodb-server-8.0.16-5.el9.x86_64      7/8","logger":"task.stdout"}
{"timestamp":"2026-01-04T23:45:46.154231Z","level":"info","event":"  Cleanup          : percona-server-mongodb-tools-8.0.16-5.el9.x86_64       8/8","logger":"task.stdout"}
{"timestamp":"2026-01-04T23:45:46.154263Z","level":"info","event":"  Running scriptlet: percona-server-mongodb-tools-8.0.16-5.el9.x86_64       8/8","logger":"task.stdout"}
{"timestamp":"2026-01-04T23:45:46.154296Z","level":"info","event":"  Verifying        : percona-server-mongodb-7.0.26-14.el9.x86_64            1/8","logger":"task.stdout"}
{"timestamp":"2026-01-04T23:45:46.154343Z","level":"info","event":"  Verifying        : percona-server-mongodb-8.0.16-5.el9.x86_64             2/8","logger":"task.stdout"}
{"timestamp":"2026-01-04T23:45:46.154382Z","level":"info","event":"  Verifying        : percona-server-mongodb-mongos-7.0.26-14.el9.x86_64     3/8","logger":"task.stdout"}
{"timestamp":"2026-01-04T23:45:46.154416Z","level":"info","event":"  Verifying        : percona-server-mongodb-mongos-8.0.16-5.el9.x86_64      4/8","logger":"task.stdout"}
{"timestamp":"2026-01-04T23:45:46.154449Z","level":"info","event":"  Verifying        : percona-server-mongodb-server-7.0.26-14.el9.x86_64     5/8","logger":"task.stdout"}
{"timestamp":"2026-01-04T23:45:46.154481Z","level":"info","event":"  Verifying        : percona-server-mongodb-server-8.0.16-5.el9.x86_64      6/8","logger":"task.stdout"}
{"timestamp":"2026-01-04T23:45:46.154513Z","level":"info","event":"  Verifying        : percona-server-mongodb-tools-7.0.26-14.el9.x86_64      7/8","logger":"task.stdout"}
{"timestamp":"2026-01-04T23:45:46.154548Z","level":"info","event":"  Verifying        : percona-server-mongodb-tools-8.0.16-5.el9.x86_64       8/8","logger":"task.stdout"}
{"timestamp":"2026-01-04T23:45:46.154585Z","level":"info","event":"","logger":"task.stdout"}
{"timestamp":"2026-01-04T23:45:46.154650Z","level":"info","event":"Downgraded:","logger":"task.stdout"}
{"timestamp":"2026-01-04T23:45:46.154775Z","level":"info","event":"  percona-server-mongodb-7.0.26-14.el9.x86_64","logger":"task.stdout"}
{"timestamp":"2026-01-04T23:45:46.154823Z","level":"info","event":"  percona-server-mongodb-mongos-7.0.26-14.el9.x86_64","logger":"task.stdout"}
{"timestamp":"2026-01-04T23:45:46.154861Z","level":"info","event":"  percona-server-mongodb-server-7.0.26-14.el9.x86_64","logger":"task.stdout"}
{"timestamp":"2026-01-04T23:45:46.154896Z","level":"info","event":"  percona-server-mongodb-tools-7.0.26-14.el9.x86_64","logger":"task.stdout"}
{"timestamp":"2026-01-04T23:45:46.154932Z","level":"info","event":"","logger":"task.stdout"}
{"timestamp":"2026-01-04T23:45:46.154965Z","level":"info","event":"Complete!","logger":"task.stdout"}
{"timestamp":"2026-01-04T23:45:46.154999Z","level":"info","event":"Starting MongoDB...","logger":"task.stdout"}
{"timestamp":"2026-01-04T23:45:46.155032Z","level":"info","event":"Waiting for health check...","logger":"task.stdout"}
{"timestamp":"2026-01-04T23:45:46.155064Z","level":"info","event":"MongoDB is up!","logger":"task.stdout"}
{"timestamp":"2026-01-04T23:45:46.155096Z","level":"info","event":"","logger":"task.stdout"}
{"timestamp":"2026-01-04T23:45:46.155127Z","level":"info","event":"Waiting for db-2 to rejoin as SECONDARY...","logger":"task.stdout"}
{"timestamp":"2026-01-04T23:45:46.160994Z","level":"info","event":"Current state of db-2: (not reachable/healthy)","logger":"task.stdout"}
{"timestamp":"2026-01-04T23:45:56.171338Z","level":"info","event":"Current state of db-2: SECONDARY","logger":"task.stdout"}
{"timestamp":"2026-01-04T23:45:56.171477Z","level":"info","event":"db-2 is healthy and caught up.","logger":"task.stdout"}
{"timestamp":"2026-01-04T23:45:56.171533Z","level":"info","event":"Starting downgrade for secondary: db-3","logger":"task.stdout"}
{"timestamp":"2026-01-04T23:45:56.223604Z","level":"warning","event":"No Host Key Verification. This won't protect against Man-In-The-Middle attacks","logger":"airflow.task.hooks.airflow.providers.ssh.hooks.ssh.SSHHook","filename":"ssh.py","lineno":297}
{"timestamp":"2026-01-04T23:45:56.234334Z","level":"info","event":"Connected (version 2.0, client OpenSSH_8.7)","logger":"paramiko.transport","filename":"transport.py","lineno":1944}
{"timestamp":"2026-01-04T23:45:56.316702Z","level":"info","event":"Authentication (publickey) successful!","logger":"paramiko.transport","filename":"transport.py","lineno":1944}
{"timestamp":"2026-01-04T23:46:38.565481Z","level":"info","event":"Downgrade output for db-3:","logger":"task.stdout"}
{"timestamp":"2026-01-04T23:46:38.565725Z","level":"info","event":"Starting Rollback on db-3...","logger":"task.stdout"}
{"timestamp":"2026-01-04T23:46:38.565809Z","level":"info","event":"Detected OS: rocky","logger":"task.stdout"}
{"timestamp":"2026-01-04T23:46:38.565871Z","level":"info","event":"Stopping MongoDB...","logger":"task.stdout"}
{"timestamp":"2026-01-04T23:46:38.565921Z","level":"info","event":"Running RHEL/Rocky downgrade path...","logger":"task.stdout"}
{"timestamp":"2026-01-04T23:46:38.565957Z","level":"info","event":"Switching Repositories...","logger":"task.stdout"}
{"timestamp":"2026-01-04T23:46:38.565991Z","level":"info","event":"<*> All done!","logger":"task.stdout"}
{"timestamp":"2026-01-04T23:46:38.566025Z","level":"info","event":"* Enabling the Percona Server for MongoDB 7.0 repository","logger":"task.stdout"}
{"timestamp":"2026-01-04T23:46:38.566063Z","level":"info","event":"<*> All done!","logger":"task.stdout"}
{"timestamp":"2026-01-04T23:46:38.566099Z","level":"info","event":"Downgrading to Percona Server for MongoDB 7.0...","logger":"task.stdout"}
{"timestamp":"2026-01-04T23:46:38.566155Z","level":"info","event":"Percona Server for MongoDB 7.0 release/x86_64 Y 3.8 kB/s | 1.5 kB     00:00","logger":"task.stdout"}
{"timestamp":"2026-01-04T23:46:38.566193Z","level":"info","event":"Rocky Linux 9 - BaseOS                          771  B/s | 4.3 kB     00:05","logger":"task.stdout"}
{"timestamp":"2026-01-04T23:46:38.566239Z","level":"info","event":"Rocky Linux 9 - AppStream                       886  B/s | 4.8 kB     00:05","logger":"task.stdout"}
{"timestamp":"2026-01-04T23:46:38.566276Z","level":"info","event":"Rocky Linux 9 - Extras                          4.5 kB/s | 3.1 kB     00:00","logger":"task.stdout"}
{"timestamp":"2026-01-04T23:46:38.566309Z","level":"info","event":"Dependencies resolved.","logger":"task.stdout"}
{"timestamp":"2026-01-04T23:46:38.566356Z","level":"info","event":"================================================================================","logger":"task.stdout"}
{"timestamp":"2026-01-04T23:46:38.566392Z","level":"info","event":" Package                     Arch   Version       Repository               Size","logger":"task.stdout"}
{"timestamp":"2026-01-04T23:46:38.566425Z","level":"info","event":"================================================================================","logger":"task.stdout"}
{"timestamp":"2026-01-04T23:46:38.566478Z","level":"info","event":"Downgrading:","logger":"task.stdout"}
{"timestamp":"2026-01-04T23:46:38.566540Z","level":"info","event":" percona-server-mongodb      x86_64 7.0.26-14.el9 psmdb-70-release-x86_64 8.2 k","logger":"task.stdout"}
{"timestamp":"2026-01-04T23:46:38.566595Z","level":"info","event":" percona-server-mongodb-mongos","logger":"task.stdout"}
{"timestamp":"2026-01-04T23:46:38.566648Z","level":"info","event":"                             x86_64 7.0.26-14.el9 psmdb-70-release-x86_64  25 M","logger":"task.stdout"}
{"timestamp":"2026-01-04T23:46:38.566703Z","level":"info","event":" percona-server-mongodb-server","logger":"task.stdout"}
{"timestamp":"2026-01-04T23:46:38.566766Z","level":"info","event":"                             x86_64 7.0.26-14.el9 psmdb-70-release-x86_64  57 M","logger":"task.stdout"}
{"timestamp":"2026-01-04T23:46:38.566824Z","level":"info","event":" percona-server-mongodb-tools","logger":"task.stdout"}
{"timestamp":"2026-01-04T23:46:38.566878Z","level":"info","event":"                             x86_64 7.0.26-14.el9 psmdb-70-release-x86_64  32 M","logger":"task.stdout"}
{"timestamp":"2026-01-04T23:46:38.566935Z","level":"info","event":"","logger":"task.stdout"}
{"timestamp":"2026-01-04T23:46:38.566984Z","level":"info","event":"Transaction Summary","logger":"task.stdout"}
{"timestamp":"2026-01-04T23:46:38.567035Z","level":"info","event":"================================================================================","logger":"task.stdout"}
{"timestamp":"2026-01-04T23:46:38.567081Z","level":"info","event":"Downgrade  4 Packages","logger":"task.stdout"}
{"timestamp":"2026-01-04T23:46:38.567126Z","level":"info","event":"","logger":"task.stdout"}
{"timestamp":"2026-01-04T23:46:38.567174Z","level":"info","event":"Total size: 115 M","logger":"task.stdout"}
{"timestamp":"2026-01-04T23:46:38.567219Z","level":"info","event":"Downloading Packages:","logger":"task.stdout"}
{"timestamp":"2026-01-04T23:46:38.567269Z","level":"info","event":"[SKIPPED] percona-server-mongodb-7.0.26-14.el9.x86_64.rpm: Already downloaded","logger":"task.stdout"}
{"timestamp":"2026-01-04T23:46:38.567331Z","level":"info","event":"[SKIPPED] percona-server-mongodb-mongos-7.0.26-14.el9.x86_64.rpm: Already downloaded","logger":"task.stdout"}
{"timestamp":"2026-01-04T23:46:38.567396Z","level":"info","event":"[SKIPPED] percona-server-mongodb-server-7.0.26-14.el9.x86_64.rpm: Already downloaded","logger":"task.stdout"}
{"timestamp":"2026-01-04T23:46:38.567454Z","level":"info","event":"[SKIPPED] percona-server-mongodb-tools-7.0.26-14.el9.x86_64.rpm: Already downloaded","logger":"task.stdout"}
{"timestamp":"2026-01-04T23:46:38.567505Z","level":"info","event":"Running transaction check","logger":"task.stdout"}
{"timestamp":"2026-01-04T23:46:38.567559Z","level":"info","event":"Transaction check succeeded.","logger":"task.stdout"}
{"timestamp":"2026-01-04T23:46:38.567611Z","level":"info","event":"Running transaction test","logger":"task.stdout"}
{"timestamp":"2026-01-04T23:46:38.567670Z","level":"info","event":"Transaction test succeeded.","logger":"task.stdout"}
{"timestamp":"2026-01-04T23:46:38.567724Z","level":"info","event":"Running transaction","logger":"task.stdout"}
{"timestamp":"2026-01-04T23:46:38.567780Z","level":"info","event":"  Preparing        :                                                        1/1","logger":"task.stdout"}
{"timestamp":"2026-01-04T23:46:38.567831Z","level":"info","event":"  Downgrading      : percona-server-mongodb-tools-7.0.26-14.el9.x86_64      1/8","logger":"task.stdout"}
{"timestamp":"2026-01-04T23:46:38.567889Z","level":"info","event":"  Running scriptlet: percona-server-mongodb-server-7.0.26-14.el9.x86_64     2/8","logger":"task.stdout"}
{"timestamp":"2026-01-04T23:46:38.567951Z","level":"info","event":"  Downgrading      : percona-server-mongodb-server-7.0.26-14.el9.x86_64     2/8","logger":"task.stdout"}
{"timestamp":"2026-01-04T23:46:38.568002Z","level":"info","event":"warning: /etc/mongod.conf created as /etc/mongod.conf.rpmnew","logger":"task.stdout"}
{"timestamp":"2026-01-04T23:46:38.568054Z","level":"info","event":"","logger":"task.stdout"}
{"timestamp":"2026-01-04T23:46:38.568100Z","level":"info","event":"  Running scriptlet: percona-server-mongodb-server-7.0.26-14.el9.x86_64     2/8","logger":"task.stdout"}
{"timestamp":"2026-01-04T23:46:38.568146Z","level":"info","event":" * To start the service, configure your engine and start mongod","logger":"task.stdout"}
{"timestamp":"2026-01-04T23:46:38.568182Z","level":"info","event":"","logger":"task.stdout"}
{"timestamp":"2026-01-04T23:46:38.568217Z","level":"info","event":"  Running scriptlet: percona-server-mongodb-mongos-7.0.26-14.el9.x86_64     3/8","logger":"task.stdout"}
{"timestamp":"2026-01-04T23:46:38.568253Z","level":"info","event":"  Downgrading      : percona-server-mongodb-mongos-7.0.26-14.el9.x86_64     3/8","logger":"task.stdout"}
{"timestamp":"2026-01-04T23:46:38.568287Z","level":"info","event":"  Running scriptlet: percona-server-mongodb-mongos-7.0.26-14.el9.x86_64     3/8","logger":"task.stdout"}
{"timestamp":"2026-01-04T23:46:38.568319Z","level":"info","event":"  Downgrading      : percona-server-mongodb-7.0.26-14.el9.x86_64            4/8","logger":"task.stdout"}
{"timestamp":"2026-01-04T23:46:38.568383Z","level":"info","event":"  Cleanup          : percona-server-mongodb-8.0.16-5.el9.x86_64             5/8","logger":"task.stdout"}
{"timestamp":"2026-01-04T23:46:38.568436Z","level":"info","event":"  Cleanup          : percona-server-mongodb-mongos-8.0.16-5.el9.x86_64      6/8","logger":"task.stdout"}
{"timestamp":"2026-01-04T23:46:38.568489Z","level":"info","event":"  Running scriptlet: percona-server-mongodb-mongos-8.0.16-5.el9.x86_64      6/8","logger":"task.stdout"}
{"timestamp":"2026-01-04T23:46:38.568525Z","level":"info","event":"  Running scriptlet: percona-server-mongodb-server-8.0.16-5.el9.x86_64      7/8","logger":"task.stdout"}
{"timestamp":"2026-01-04T23:46:38.568557Z","level":"info","event":"  Cleanup          : percona-server-mongodb-server-8.0.16-5.el9.x86_64      7/8","logger":"task.stdout"}
{"timestamp":"2026-01-04T23:46:38.568588Z","level":"info","event":"  Running scriptlet: percona-server-mongodb-server-8.0.16-5.el9.x86_64      7/8","logger":"task.stdout"}
{"timestamp":"2026-01-04T23:46:38.568619Z","level":"info","event":"  Cleanup          : percona-server-mongodb-tools-8.0.16-5.el9.x86_64       8/8","logger":"task.stdout"}
{"timestamp":"2026-01-04T23:46:38.568650Z","level":"info","event":"  Running scriptlet: percona-server-mongodb-tools-8.0.16-5.el9.x86_64       8/8","logger":"task.stdout"}
{"timestamp":"2026-01-04T23:46:38.568682Z","level":"info","event":"  Verifying        : percona-server-mongodb-7.0.26-14.el9.x86_64            1/8","logger":"task.stdout"}
{"timestamp":"2026-01-04T23:46:38.568716Z","level":"info","event":"  Verifying        : percona-server-mongodb-8.0.16-5.el9.x86_64             2/8","logger":"task.stdout"}
{"timestamp":"2026-01-04T23:46:38.568748Z","level":"info","event":"  Verifying        : percona-server-mongodb-mongos-7.0.26-14.el9.x86_64     3/8","logger":"task.stdout"}
{"timestamp":"2026-01-04T23:46:38.568784Z","level":"info","event":"  Verifying        : percona-server-mongodb-mongos-8.0.16-5.el9.x86_64      4/8","logger":"task.stdout"}
{"timestamp":"2026-01-04T23:46:38.568816Z","level":"info","event":"  Verifying        : percona-server-mongodb-server-7.0.26-14.el9.x86_64     5/8","logger":"task.stdout"}
{"timestamp":"2026-01-04T23:46:38.568847Z","level":"info","event":"  Verifying        : percona-server-mongodb-server-8.0.16-5.el9.x86_64      6/8","logger":"task.stdout"}
{"timestamp":"2026-01-04T23:46:38.568877Z","level":"info","event":"  Verifying        : percona-server-mongodb-tools-7.0.26-14.el9.x86_64      7/8","logger":"task.stdout"}
{"timestamp":"2026-01-04T23:46:38.568908Z","level":"info","event":"  Verifying        : percona-server-mongodb-tools-8.0.16-5.el9.x86_64       8/8","logger":"task.stdout"}
{"timestamp":"2026-01-04T23:46:38.568939Z","level":"info","event":"","logger":"task.stdout"}
{"timestamp":"2026-01-04T23:46:38.568971Z","level":"info","event":"Downgraded:","logger":"task.stdout"}
{"timestamp":"2026-01-04T23:46:38.569075Z","level":"info","event":"  percona-server-mongodb-7.0.26-14.el9.x86_64","logger":"task.stdout"}
{"timestamp":"2026-01-04T23:46:38.569120Z","level":"info","event":"  percona-server-mongodb-mongos-7.0.26-14.el9.x86_64","logger":"task.stdout"}
{"timestamp":"2026-01-04T23:46:38.569158Z","level":"info","event":"  percona-server-mongodb-server-7.0.26-14.el9.x86_64","logger":"task.stdout"}
{"timestamp":"2026-01-04T23:46:38.569193Z","level":"info","event":"  percona-server-mongodb-tools-7.0.26-14.el9.x86_64","logger":"task.stdout"}
{"timestamp":"2026-01-04T23:46:38.569230Z","level":"info","event":"","logger":"task.stdout"}
{"timestamp":"2026-01-04T23:46:38.569263Z","level":"info","event":"Complete!","logger":"task.stdout"}
{"timestamp":"2026-01-04T23:46:38.569297Z","level":"info","event":"Starting MongoDB...","logger":"task.stdout"}
{"timestamp":"2026-01-04T23:46:38.569339Z","level":"info","event":"Waiting for health check...","logger":"task.stdout"}
{"timestamp":"2026-01-04T23:46:38.569377Z","level":"info","event":"MongoDB is up!","logger":"task.stdout"}
{"timestamp":"2026-01-04T23:46:38.569409Z","level":"info","event":"","logger":"task.stdout"}
{"timestamp":"2026-01-04T23:46:38.569441Z","level":"info","event":"Waiting for db-3 to rejoin as SECONDARY...","logger":"task.stdout"}
{"timestamp":"2026-01-04T23:46:38.569473Z","level":"info","event":"Current state of db-3: (not reachable/healthy)","logger":"task.stdout"}
{"timestamp":"2026-01-04T23:46:48.577368Z","level":"info","event":"Current state of db-3: SECONDARY","logger":"task.stdout"}
{"timestamp":"2026-01-04T23:46:48.577553Z","level":"info","event":"db-3 is healthy and caught up.","logger":"task.stdout"}
{"timestamp":"2026-01-04T23:46:48.577523Z","level":"info","event":"Done. Returned value was: None","logger":"airflow.task.operators.airflow.providers.standard.decorators.python._PythonDecoratedOperator","filename":"python.py","lineno":215}
{"timestamp":"2026-01-04T23:46:48.622210Z","level":"info","event":"Task instance in success state","logger":"task.stdout"}
{"timestamp":"2026-01-04T23:46:48.622333Z","level":"info","event":" Previous state of the Task instance: TaskInstanceState.RUNNING","logger":"task.stdout"}
{"timestamp":"2026-01-04T23:46:48.622477Z","level":"info","event":"Task operator:<Task(_PythonDecoratedOperator): downgrade_secondaries_sequentially>","logger":"task.stdout"}
