{"timestamp":"2025-12-14T22:15:00.997646Z","level":"info","event":"DAG bundles loaded: dags-folder, example_dags","logger":"airflow.dag_processing.bundles.manager.DagBundlesManager","filename":"manager.py","lineno":179}
{"timestamp":"2025-12-14T22:15:00.998135Z","level":"info","event":"Filling up the DagBag from /repos/labs/airflow/dags/mongodb_rs_upgrade.py","logger":"airflow.models.dagbag.DagBag","filename":"dagbag.py","lineno":593}
{"timestamp":"2025-12-14T22:15:01.092352Z","level":"info","event":"Task instance is in running state","logger":"task.stdout"}
{"timestamp":"2025-12-14T22:15:01.092465Z","level":"info","event":" Previous state of the Task instance: TaskInstanceState.QUEUED","logger":"task.stdout"}
{"timestamp":"2025-12-14T22:15:01.092602Z","level":"info","event":"Current task name:upgrade_secondary","logger":"task.stdout"}
{"timestamp":"2025-12-14T22:15:01.092646Z","level":"info","event":"Dag name:mongodb_rs_upgrade_v7_to_v8","logger":"task.stdout"}
{"timestamp":"2025-12-14T22:15:01.092809Z","level":"info","event":"ssh_hook is not provided or invalid. Trying ssh_conn_id to create SSHHook.","logger":"airflow.task.operators.airflow.providers.ssh.operators.ssh.SSHOperator","filename":"ssh.py","lineno":126}
{"timestamp":"2025-12-14T22:15:01.092889Z","level":"info","event":"remote_host is provided explicitly. It will replace the remote_host which was defined in ssh_hook or predefined in connection of ssh_conn_id.","logger":"airflow.task.operators.airflow.providers.ssh.operators.ssh.SSHOperator","filename":"ssh.py","lineno":128}
{"timestamp":"2025-12-14T22:15:01.131228Z","level":"warning","event":"No Host Key Verification. This won't protect against Man-In-The-Middle attacks","logger":"airflow.task.hooks.airflow.providers.ssh.hooks.ssh.SSHHook","filename":"ssh.py","lineno":297}
{"timestamp":"2025-12-14T22:15:01.141511Z","level":"info","event":"Connected (version 2.0, client OpenSSH_8.7)","logger":"paramiko.transport","filename":"transport.py","lineno":1944}
{"timestamp":"2025-12-14T22:15:01.200534Z","level":"info","event":"Authentication (publickey) successful!","logger":"paramiko.transport","filename":"transport.py","lineno":1944}
{"timestamp":"2025-12-14T22:15:01.201068Z","level":"info","event":"Running command: \n    echo \"Starting Upgrade on $(hostname)...\"\n    \n    # OS Detection\n    if [ -f /etc/os-release ]; then\n        . /etc/os-release\n        OS=$ID\n    else\n        echo \"Cannot detect OS, assuming Debian-based...\"\n        OS=debian\n    fi\n\n    echo \"Detected OS: $OS\"\n\n    echo \"Stopping MongoDB...\"\n    # Universal service stop (systemd)\n    if command -v systemctl &> /dev/null; then\n        sudo systemctl stop mongod\n    else\n        sudo service mongod stop\n    fi\n    \n    if [[ \"$OS\" == \"debian\" || \"$OS\" == \"ubuntu\" ]]; then\n        echo \"Running Debian/Ubuntu upgrade path...\"\n        export DEBIAN_FRONTEND=noninteractive\n        \n        echo \"Updating Repositories...\"\n        sudo percona-release enable psmdb-80 release \n        sudo apt-get update\n        \n        echo \"Installing Percona Server for MongoDB 8.0...\"\n        sudo apt-get install -y percona-server-mongodb\n        \n    elif [[ \"$OS\" == \"rhel\" || \"$OS\" == \"rocky\" || \"$OS\" == \"centos\" || \"$OS\" == \"almalinux\" ]]; then\n        echo \"Running RHEL/Rocky upgrade path...\"\n        \n        echo \"Installing Percona Server for MongoDB 8.0...\"\n        # Simply install/update the package. DNF handles dependencies.\n        # Ensure the repo is enabled beforehand or enable specific module if needed.\n        sudo percona-release enable psmdb-80 release\n        sudo dnf install -y percona-server-mongodb\n        \n    else\n        echo \"Unsupported OS: $OS\"\n        exit 1\n    fi\n    \n    echo \"Starting MongoDB...\"\n    if command -v systemctl &> /dev/null; then\n        sudo systemctl start mongod\n    else\n        sudo service mongod start\n    fi\n    \n    echo \"Waiting for health check...\"\n    # Simple check loop\n    for i in {1..30}; do\n        if nc -z localhost 27017; then\n            echo \"MongoDB is up!\"\n            exit 0\n        fi\n        sleep 2\n    done\n    echo \"MongoDB failed to start!\"\n    exit 1\n    ","logger":"airflow.task.hooks.airflow.providers.ssh.hooks.ssh.SSHHook","filename":"ssh.py","lineno":448}
{"timestamp":"2025-12-14T22:15:01.388063Z","level":"info","event":"Starting Upgrade on db-2...","logger":"airflow.task.hooks.airflow.providers.ssh.hooks.ssh.SSHHook","filename":"ssh.py","lineno":494}
{"timestamp":"2025-12-14T22:15:01.388376Z","level":"info","event":"Detected OS: rocky","logger":"airflow.task.hooks.airflow.providers.ssh.hooks.ssh.SSHHook","filename":"ssh.py","lineno":494}
{"timestamp":"2025-12-14T22:15:01.388431Z","level":"info","event":"Stopping MongoDB...","logger":"airflow.task.hooks.airflow.providers.ssh.hooks.ssh.SSHHook","filename":"ssh.py","lineno":494}
{"timestamp":"2025-12-14T22:15:16.831468Z","level":"info","event":"Running RHEL/Rocky upgrade path...","logger":"airflow.task.hooks.airflow.providers.ssh.hooks.ssh.SSHHook","filename":"ssh.py","lineno":494}
{"timestamp":"2025-12-14T22:15:16.831603Z","level":"info","event":"Installing Percona Server for MongoDB 8.0...","logger":"airflow.task.hooks.airflow.providers.ssh.hooks.ssh.SSHHook","filename":"ssh.py","lineno":494}
{"timestamp":"2025-12-14T22:15:18.304692Z","level":"info","event":"* Enabling the Percona Server for MongoDB 8.0 repository","logger":"airflow.task.hooks.airflow.providers.ssh.hooks.ssh.SSHHook","filename":"ssh.py","lineno":494}
{"timestamp":"2025-12-14T22:15:18.309635Z","level":"info","event":"<*> All done!","logger":"airflow.task.hooks.airflow.providers.ssh.hooks.ssh.SSHHook","filename":"ssh.py","lineno":494}
{"timestamp":"2025-12-14T22:15:19.392318Z","level":"info","event":"Percona Server for MongoDB 8.0 release/x86_64 Y  20 kB/s |  16 kB     00:00    ","logger":"airflow.task.hooks.airflow.providers.ssh.hooks.ssh.SSHHook","filename":"ssh.py","lineno":494}
{"timestamp":"2025-12-14T22:15:19.560971Z","level":"info","event":"Package percona-server-mongodb-7.0.26-14.el9.x86_64 is already installed.","logger":"airflow.task.hooks.airflow.providers.ssh.hooks.ssh.SSHHook","filename":"ssh.py","lineno":494}
{"timestamp":"2025-12-14T22:15:19.575104Z","level":"info","event":"Dependencies resolved.","logger":"airflow.task.hooks.airflow.providers.ssh.hooks.ssh.SSHHook","filename":"ssh.py","lineno":494}
{"timestamp":"2025-12-14T22:15:19.575796Z","level":"info","event":"================================================================================","logger":"airflow.task.hooks.airflow.providers.ssh.hooks.ssh.SSHHook","filename":"ssh.py","lineno":494}
{"timestamp":"2025-12-14T22:15:19.575842Z","level":"info","event":" Package                      Arch   Version      Repository               Size","logger":"airflow.task.hooks.airflow.providers.ssh.hooks.ssh.SSHHook","filename":"ssh.py","lineno":494}
{"timestamp":"2025-12-14T22:15:19.575872Z","level":"info","event":"================================================================================","logger":"airflow.task.hooks.airflow.providers.ssh.hooks.ssh.SSHHook","filename":"ssh.py","lineno":494}
{"timestamp":"2025-12-14T22:15:19.575893Z","level":"info","event":"Upgrading:","logger":"airflow.task.hooks.airflow.providers.ssh.hooks.ssh.SSHHook","filename":"ssh.py","lineno":494}
{"timestamp":"2025-12-14T22:15:19.575913Z","level":"info","event":" percona-server-mongodb       x86_64 8.0.16-5.el9 psmdb-80-release-x86_64 8.2 k","logger":"airflow.task.hooks.airflow.providers.ssh.hooks.ssh.SSHHook","filename":"ssh.py","lineno":494}
{"timestamp":"2025-12-14T22:15:19.575933Z","level":"info","event":" percona-server-mongodb-mongos","logger":"airflow.task.hooks.airflow.providers.ssh.hooks.ssh.SSHHook","filename":"ssh.py","lineno":494}
{"timestamp":"2025-12-14T22:15:19.575952Z","level":"info","event":"                              x86_64 8.0.16-5.el9 psmdb-80-release-x86_64  31 M","logger":"airflow.task.hooks.airflow.providers.ssh.hooks.ssh.SSHHook","filename":"ssh.py","lineno":494}
{"timestamp":"2025-12-14T22:15:19.575975Z","level":"info","event":" percona-server-mongodb-server","logger":"airflow.task.hooks.airflow.providers.ssh.hooks.ssh.SSHHook","filename":"ssh.py","lineno":494}
{"timestamp":"2025-12-14T22:15:19.575995Z","level":"info","event":"                              x86_64 8.0.16-5.el9 psmdb-80-release-x86_64  66 M","logger":"airflow.task.hooks.airflow.providers.ssh.hooks.ssh.SSHHook","filename":"ssh.py","lineno":494}
{"timestamp":"2025-12-14T22:15:19.576014Z","level":"info","event":" percona-server-mongodb-tools x86_64 8.0.16-5.el9 psmdb-80-release-x86_64  32 M","logger":"airflow.task.hooks.airflow.providers.ssh.hooks.ssh.SSHHook","filename":"ssh.py","lineno":494}
{"timestamp":"2025-12-14T22:15:19.576032Z","level":"info","event":"","logger":"airflow.task.hooks.airflow.providers.ssh.hooks.ssh.SSHHook","filename":"ssh.py","lineno":494}
{"timestamp":"2025-12-14T22:15:19.576051Z","level":"info","event":"Transaction Summary","logger":"airflow.task.hooks.airflow.providers.ssh.hooks.ssh.SSHHook","filename":"ssh.py","lineno":494}
{"timestamp":"2025-12-14T22:15:19.576072Z","level":"info","event":"================================================================================","logger":"airflow.task.hooks.airflow.providers.ssh.hooks.ssh.SSHHook","filename":"ssh.py","lineno":494}
{"timestamp":"2025-12-14T22:15:19.576093Z","level":"info","event":"Upgrade  4 Packages","logger":"airflow.task.hooks.airflow.providers.ssh.hooks.ssh.SSHHook","filename":"ssh.py","lineno":494}
{"timestamp":"2025-12-14T22:15:19.576250Z","level":"info","event":"Total download size: 129 M","logger":"airflow.task.hooks.airflow.providers.ssh.hooks.ssh.SSHHook","filename":"ssh.py","lineno":494}
{"timestamp":"2025-12-14T22:15:19.576383Z","level":"info","event":"Downloading Packages:","logger":"airflow.task.hooks.airflow.providers.ssh.hooks.ssh.SSHHook","filename":"ssh.py","lineno":494}
{"timestamp":"2025-12-14T22:15:20.007641Z","level":"info","event":"(1/4): percona-server-mongodb-8.0.16-5.el9.x86_  19 kB/s | 8.2 kB     00:00    ","logger":"airflow.task.hooks.airflow.providers.ssh.hooks.ssh.SSHHook","filename":"ssh.py","lineno":494}
{"timestamp":"2025-12-14T22:15:23.972622Z","level":"info","event":"(2/4): percona-server-mongodb-mongos-8.0.16-5.e 6.9 MB/s |  31 MB     00:04    ","logger":"airflow.task.hooks.airflow.providers.ssh.hooks.ssh.SSHHook","filename":"ssh.py","lineno":494}
{"timestamp":"2025-12-14T22:15:24.847788Z","level":"info","event":"(3/4): percona-server-mongodb-tools-8.0.16-5.el 6.7 MB/s |  32 MB     00:04    ","logger":"airflow.task.hooks.airflow.providers.ssh.hooks.ssh.SSHHook","filename":"ssh.py","lineno":494}
{"timestamp":"2025-12-14T22:15:29.577265Z","level":"info","event":"(4/4): percona-server-mongodb-server-8.0.16-5.e 6.6 MB/s |  66 MB     00:09    ","logger":"airflow.task.hooks.airflow.providers.ssh.hooks.ssh.SSHHook","filename":"ssh.py","lineno":494}
{"timestamp":"2025-12-14T22:15:29.577482Z","level":"info","event":"--------------------------------------------------------------------------------","logger":"airflow.task.hooks.airflow.providers.ssh.hooks.ssh.SSHHook","filename":"ssh.py","lineno":494}
{"timestamp":"2025-12-14T22:15:29.577607Z","level":"info","event":"Total                                            13 MB/s | 129 MB     00:10     ","logger":"airflow.task.hooks.airflow.providers.ssh.hooks.ssh.SSHHook","filename":"ssh.py","lineno":494}
{"timestamp":"2025-12-14T22:15:29.911443Z","level":"info","event":"Running transaction check","logger":"airflow.task.hooks.airflow.providers.ssh.hooks.ssh.SSHHook","filename":"ssh.py","lineno":494}
{"timestamp":"2025-12-14T22:15:29.926983Z","level":"info","event":"Transaction check succeeded.","logger":"airflow.task.hooks.airflow.providers.ssh.hooks.ssh.SSHHook","filename":"ssh.py","lineno":494}
{"timestamp":"2025-12-14T22:15:29.927160Z","level":"info","event":"Running transaction test","logger":"airflow.task.hooks.airflow.providers.ssh.hooks.ssh.SSHHook","filename":"ssh.py","lineno":494}
{"timestamp":"2025-12-14T22:15:30.463419Z","level":"info","event":"Transaction test succeeded.","logger":"airflow.task.hooks.airflow.providers.ssh.hooks.ssh.SSHHook","filename":"ssh.py","lineno":494}
{"timestamp":"2025-12-14T22:15:30.463732Z","level":"info","event":"Running transaction","logger":"airflow.task.hooks.airflow.providers.ssh.hooks.ssh.SSHHook","filename":"ssh.py","lineno":494}
{"timestamp":"2025-12-14T22:15:31.004022Z","level":"info","event":"  Preparing        :                                                        1/1","logger":"airflow.task.hooks.airflow.providers.ssh.hooks.ssh.SSHHook","filename":"ssh.py","lineno":494}
{"timestamp":"2025-12-14T22:15:31.337491Z","level":"info","event":" ","logger":"airflow.task.hooks.airflow.providers.ssh.hooks.ssh.SSHHook","filename":"ssh.py","lineno":494}
{"timestamp":"2025-12-14T22:15:31.337619Z","level":"info","event":"  Upgrading        : percona-server-mongodb-tools-8.0.16-5.el9.x86_64       1/8","logger":"airflow.task.hooks.airflow.providers.ssh.hooks.ssh.SSHHook","filename":"ssh.py","lineno":494}
{"timestamp":"2025-12-14T22:15:31.382013Z","level":"info","event":" ","logger":"airflow.task.hooks.airflow.providers.ssh.hooks.ssh.SSHHook","filename":"ssh.py","lineno":494}
{"timestamp":"2025-12-14T22:15:31.382133Z","level":"info","event":"  Running scriptlet: percona-server-mongodb-server-8.0.16-5.el9.x86_64      2/8","logger":"airflow.task.hooks.airflow.providers.ssh.hooks.ssh.SSHHook","filename":"ssh.py","lineno":494}
{"timestamp":"2025-12-14T22:15:32.167356Z","level":"info","event":" ","logger":"airflow.task.hooks.airflow.providers.ssh.hooks.ssh.SSHHook","filename":"ssh.py","lineno":494}
{"timestamp":"2025-12-14T22:15:32.167520Z","level":"info","event":"  Upgrading        : percona-server-mongodb-server-8.0.16-5.el9.x86_64      2/8","logger":"airflow.task.hooks.airflow.providers.ssh.hooks.ssh.SSHHook","filename":"ssh.py","lineno":494}
{"timestamp":"2025-12-14T22:15:32.167659Z","level":"info","event":" ","logger":"airflow.task.hooks.airflow.providers.ssh.hooks.ssh.SSHHook","filename":"ssh.py","lineno":494}
{"timestamp":"2025-12-14T22:15:32.167700Z","level":"info","event":"warning: /etc/mongod.conf created as /etc/mongod.conf.rpmnew","logger":"airflow.task.hooks.airflow.providers.ssh.hooks.ssh.SSHHook","filename":"ssh.py","lineno":494}
{"timestamp":"2025-12-14T22:15:32.313663Z","level":"info","event":"  Running scriptlet: percona-server-mongodb-server-8.0.16-5.el9.x86_64      2/8","logger":"airflow.task.hooks.airflow.providers.ssh.hooks.ssh.SSHHook","filename":"ssh.py","lineno":494}
{"timestamp":"2025-12-14T22:15:43.286936Z","level":"info","event":" ","logger":"airflow.task.hooks.airflow.providers.ssh.hooks.ssh.SSHHook","filename":"ssh.py","lineno":494}
{"timestamp":"2025-12-14T22:15:43.287044Z","level":"info","event":" * To start the service, configure your engine and start mongod","logger":"airflow.task.hooks.airflow.providers.ssh.hooks.ssh.SSHHook","filename":"ssh.py","lineno":494}
{"timestamp":"2025-12-14T22:15:43.287081Z","level":"info","event":"** Join Percona Squad! **","logger":"airflow.task.hooks.airflow.providers.ssh.hooks.ssh.SSHHook","filename":"ssh.py","lineno":494}
{"timestamp":"2025-12-14T22:15:43.287109Z","level":"info","event":"","logger":"airflow.task.hooks.airflow.providers.ssh.hooks.ssh.SSHHook","filename":"ssh.py","lineno":494}
{"timestamp":"2025-12-14T22:15:43.287134Z","level":"info","event":"Participate in monthly SWAG raffles, get early access to new product features,","logger":"airflow.task.hooks.airflow.providers.ssh.hooks.ssh.SSHHook","filename":"ssh.py","lineno":494}
{"timestamp":"2025-12-14T22:15:43.287159Z","level":"info","event":"invite-only ”ask me anything” sessions with database performance experts.","logger":"airflow.task.hooks.airflow.providers.ssh.hooks.ssh.SSHHook","filename":"ssh.py","lineno":494}
{"timestamp":"2025-12-14T22:15:43.287184Z","level":"info","event":"","logger":"airflow.task.hooks.airflow.providers.ssh.hooks.ssh.SSHHook","filename":"ssh.py","lineno":494}
{"timestamp":"2025-12-14T22:15:43.287217Z","level":"info","event":"Interested? Fill in the form at https://squad.percona.com/mongodb","logger":"airflow.task.hooks.airflow.providers.ssh.hooks.ssh.SSHHook","filename":"ssh.py","lineno":494}
{"timestamp":"2025-12-14T22:15:43.290326Z","level":"info","event":"  Running scriptlet: percona-server-mongodb-mongos-8.0.16-5.el9.x86_64      3/8","logger":"airflow.task.hooks.airflow.providers.ssh.hooks.ssh.SSHHook","filename":"ssh.py","lineno":494}
{"timestamp":"2025-12-14T22:15:43.690416Z","level":"info","event":" ","logger":"airflow.task.hooks.airflow.providers.ssh.hooks.ssh.SSHHook","filename":"ssh.py","lineno":494}
{"timestamp":"2025-12-14T22:15:43.690531Z","level":"info","event":"  Upgrading        : percona-server-mongodb-mongos-8.0.16-5.el9.x86_64      3/8","logger":"airflow.task.hooks.airflow.providers.ssh.hooks.ssh.SSHHook","filename":"ssh.py","lineno":494}
{"timestamp":"2025-12-14T22:15:43.745732Z","level":"info","event":" ","logger":"airflow.task.hooks.airflow.providers.ssh.hooks.ssh.SSHHook","filename":"ssh.py","lineno":494}
{"timestamp":"2025-12-14T22:15:43.745846Z","level":"info","event":"  Running scriptlet: percona-server-mongodb-mongos-8.0.16-5.el9.x86_64      3/8","logger":"airflow.task.hooks.airflow.providers.ssh.hooks.ssh.SSHHook","filename":"ssh.py","lineno":494}
{"timestamp":"2025-12-14T22:15:43.755000Z","level":"info","event":" ","logger":"airflow.task.hooks.airflow.providers.ssh.hooks.ssh.SSHHook","filename":"ssh.py","lineno":494}
{"timestamp":"2025-12-14T22:15:43.755114Z","level":"info","event":"  Upgrading        : percona-server-mongodb-8.0.16-5.el9.x86_64             4/8","logger":"airflow.task.hooks.airflow.providers.ssh.hooks.ssh.SSHHook","filename":"ssh.py","lineno":494}
{"timestamp":"2025-12-14T22:15:43.759603Z","level":"info","event":" ","logger":"airflow.task.hooks.airflow.providers.ssh.hooks.ssh.SSHHook","filename":"ssh.py","lineno":494}
{"timestamp":"2025-12-14T22:15:43.759668Z","level":"info","event":"  Cleanup          : percona-server-mongodb-7.0.26-14.el9.x86_64            5/8","logger":"airflow.task.hooks.airflow.providers.ssh.hooks.ssh.SSHHook","filename":"ssh.py","lineno":494}
{"timestamp":"2025-12-14T22:15:43.765371Z","level":"info","event":" ","logger":"airflow.task.hooks.airflow.providers.ssh.hooks.ssh.SSHHook","filename":"ssh.py","lineno":494}
{"timestamp":"2025-12-14T22:15:43.765429Z","level":"info","event":"  Cleanup          : percona-server-mongodb-mongos-7.0.26-14.el9.x86_64     6/8","logger":"airflow.task.hooks.airflow.providers.ssh.hooks.ssh.SSHHook","filename":"ssh.py","lineno":494}
{"timestamp":"2025-12-14T22:15:43.765594Z","level":"info","event":" ","logger":"airflow.task.hooks.airflow.providers.ssh.hooks.ssh.SSHHook","filename":"ssh.py","lineno":494}
{"timestamp":"2025-12-14T22:15:43.765630Z","level":"info","event":"  Running scriptlet: percona-server-mongodb-mongos-7.0.26-14.el9.x86_64     6/8","logger":"airflow.task.hooks.airflow.providers.ssh.hooks.ssh.SSHHook","filename":"ssh.py","lineno":494}
{"timestamp":"2025-12-14T22:15:43.779603Z","level":"info","event":" ","logger":"airflow.task.hooks.airflow.providers.ssh.hooks.ssh.SSHHook","filename":"ssh.py","lineno":494}
{"timestamp":"2025-12-14T22:15:43.779756Z","level":"info","event":"  Running scriptlet: percona-server-mongodb-server-7.0.26-14.el9.x86_64     7/8","logger":"airflow.task.hooks.airflow.providers.ssh.hooks.ssh.SSHHook","filename":"ssh.py","lineno":494}
{"timestamp":"2025-12-14T22:15:43.788292Z","level":"info","event":" ","logger":"airflow.task.hooks.airflow.providers.ssh.hooks.ssh.SSHHook","filename":"ssh.py","lineno":494}
{"timestamp":"2025-12-14T22:15:43.788533Z","level":"info","event":"  Cleanup          : percona-server-mongodb-server-7.0.26-14.el9.x86_64     7/8","logger":"airflow.task.hooks.airflow.providers.ssh.hooks.ssh.SSHHook","filename":"ssh.py","lineno":494}
{"timestamp":"2025-12-14T22:15:43.788653Z","level":"info","event":" ","logger":"airflow.task.hooks.airflow.providers.ssh.hooks.ssh.SSHHook","filename":"ssh.py","lineno":494}
{"timestamp":"2025-12-14T22:15:43.788705Z","level":"info","event":"  Running scriptlet: percona-server-mongodb-server-7.0.26-14.el9.x86_64     7/8","logger":"airflow.task.hooks.airflow.providers.ssh.hooks.ssh.SSHHook","filename":"ssh.py","lineno":494}
{"timestamp":"2025-12-14T22:15:43.804216Z","level":"info","event":" ","logger":"airflow.task.hooks.airflow.providers.ssh.hooks.ssh.SSHHook","filename":"ssh.py","lineno":494}
{"timestamp":"2025-12-14T22:15:43.804345Z","level":"info","event":"  Cleanup          : percona-server-mongodb-tools-7.0.26-14.el9.x86_64      8/8","logger":"airflow.task.hooks.airflow.providers.ssh.hooks.ssh.SSHHook","filename":"ssh.py","lineno":494}
{"timestamp":"2025-12-14T22:15:43.826098Z","level":"info","event":" ","logger":"airflow.task.hooks.airflow.providers.ssh.hooks.ssh.SSHHook","filename":"ssh.py","lineno":494}
{"timestamp":"2025-12-14T22:15:43.826240Z","level":"info","event":"  Running scriptlet: percona-server-mongodb-tools-7.0.26-14.el9.x86_64      8/8","logger":"airflow.task.hooks.airflow.providers.ssh.hooks.ssh.SSHHook","filename":"ssh.py","lineno":494}
{"timestamp":"2025-12-14T22:15:44.299318Z","level":"info","event":" ","logger":"airflow.task.hooks.airflow.providers.ssh.hooks.ssh.SSHHook","filename":"ssh.py","lineno":494}
{"timestamp":"2025-12-14T22:15:44.299473Z","level":"info","event":"  Verifying        : percona-server-mongodb-8.0.16-5.el9.x86_64             1/8 ","logger":"airflow.task.hooks.airflow.providers.ssh.hooks.ssh.SSHHook","filename":"ssh.py","lineno":494}
{"timestamp":"2025-12-14T22:15:44.299533Z","level":"info","event":"  Verifying        : percona-server-mongodb-7.0.26-14.el9.x86_64            2/8","logger":"airflow.task.hooks.airflow.providers.ssh.hooks.ssh.SSHHook","filename":"ssh.py","lineno":494}
{"timestamp":"2025-12-14T22:15:44.299701Z","level":"info","event":" ","logger":"airflow.task.hooks.airflow.providers.ssh.hooks.ssh.SSHHook","filename":"ssh.py","lineno":494}
{"timestamp":"2025-12-14T22:15:44.299899Z","level":"info","event":"  Verifying        : percona-server-mongodb-mongos-8.0.16-5.el9.x86_64      3/8","logger":"airflow.task.hooks.airflow.providers.ssh.hooks.ssh.SSHHook","filename":"ssh.py","lineno":494}
{"timestamp":"2025-12-14T22:15:44.300049Z","level":"info","event":" ","logger":"airflow.task.hooks.airflow.providers.ssh.hooks.ssh.SSHHook","filename":"ssh.py","lineno":494}
{"timestamp":"2025-12-14T22:15:44.300153Z","level":"info","event":"  Verifying        : percona-server-mongodb-mongos-7.0.26-14.el9.x86_64     4/8 ","logger":"airflow.task.hooks.airflow.providers.ssh.hooks.ssh.SSHHook","filename":"ssh.py","lineno":494}
{"timestamp":"2025-12-14T22:15:44.300215Z","level":"info","event":"  Verifying        : percona-server-mongodb-server-8.0.16-5.el9.x86_64      5/8 ","logger":"airflow.task.hooks.airflow.providers.ssh.hooks.ssh.SSHHook","filename":"ssh.py","lineno":494}
{"timestamp":"2025-12-14T22:15:44.300295Z","level":"info","event":"  Verifying        : percona-server-mongodb-server-7.0.26-14.el9.x86_64     6/8","logger":"airflow.task.hooks.airflow.providers.ssh.hooks.ssh.SSHHook","filename":"ssh.py","lineno":494}
{"timestamp":"2025-12-14T22:15:44.300357Z","level":"info","event":" ","logger":"airflow.task.hooks.airflow.providers.ssh.hooks.ssh.SSHHook","filename":"ssh.py","lineno":494}
{"timestamp":"2025-12-14T22:15:44.300399Z","level":"info","event":"  Verifying        : percona-server-mongodb-tools-8.0.16-5.el9.x86_64       7/8 ","logger":"airflow.task.hooks.airflow.providers.ssh.hooks.ssh.SSHHook","filename":"ssh.py","lineno":494}
{"timestamp":"2025-12-14T22:15:44.300437Z","level":"info","event":"  Verifying        : percona-server-mongodb-tools-7.0.26-14.el9.x86_64      8/8","logger":"airflow.task.hooks.airflow.providers.ssh.hooks.ssh.SSHHook","filename":"ssh.py","lineno":494}
{"timestamp":"2025-12-14T22:15:44.555986Z","level":"info","event":" ","logger":"airflow.task.hooks.airflow.providers.ssh.hooks.ssh.SSHHook","filename":"ssh.py","lineno":494}
{"timestamp":"2025-12-14T22:15:44.556097Z","level":"info","event":"","logger":"airflow.task.hooks.airflow.providers.ssh.hooks.ssh.SSHHook","filename":"ssh.py","lineno":494}
{"timestamp":"2025-12-14T22:15:44.556134Z","level":"info","event":"Upgraded:","logger":"airflow.task.hooks.airflow.providers.ssh.hooks.ssh.SSHHook","filename":"ssh.py","lineno":494}
{"timestamp":"2025-12-14T22:15:44.556163Z","level":"info","event":"  percona-server-mongodb-8.0.16-5.el9.x86_64                                    ","logger":"airflow.task.hooks.airflow.providers.ssh.hooks.ssh.SSHHook","filename":"ssh.py","lineno":494}
{"timestamp":"2025-12-14T22:15:44.556188Z","level":"info","event":"  percona-server-mongodb-mongos-8.0.16-5.el9.x86_64                             ","logger":"airflow.task.hooks.airflow.providers.ssh.hooks.ssh.SSHHook","filename":"ssh.py","lineno":494}
{"timestamp":"2025-12-14T22:15:44.556213Z","level":"info","event":"  percona-server-mongodb-server-8.0.16-5.el9.x86_64                             ","logger":"airflow.task.hooks.airflow.providers.ssh.hooks.ssh.SSHHook","filename":"ssh.py","lineno":494}
{"timestamp":"2025-12-14T22:15:44.556238Z","level":"info","event":"  percona-server-mongodb-tools-8.0.16-5.el9.x86_64                              ","logger":"airflow.task.hooks.airflow.providers.ssh.hooks.ssh.SSHHook","filename":"ssh.py","lineno":494}
{"timestamp":"2025-12-14T22:15:44.556262Z","level":"info","event":"","logger":"airflow.task.hooks.airflow.providers.ssh.hooks.ssh.SSHHook","filename":"ssh.py","lineno":494}
{"timestamp":"2025-12-14T22:15:44.556285Z","level":"info","event":"Complete!","logger":"airflow.task.hooks.airflow.providers.ssh.hooks.ssh.SSHHook","filename":"ssh.py","lineno":494}
{"timestamp":"2025-12-14T22:15:44.621553Z","level":"info","event":"Starting MongoDB...","logger":"airflow.task.hooks.airflow.providers.ssh.hooks.ssh.SSHHook","filename":"ssh.py","lineno":494}
{"timestamp":"2025-12-14T22:15:44.703013Z","level":"info","event":"Waiting for health check...","logger":"airflow.task.hooks.airflow.providers.ssh.hooks.ssh.SSHHook","filename":"ssh.py","lineno":494}
{"timestamp":"2025-12-14T22:15:44.703318Z","level":"warning","event":"bash: line 58: nc: command not found","logger":"airflow.task.hooks.airflow.providers.ssh.hooks.ssh.SSHHook","filename":"ssh.py","lineno":499}
{"timestamp":"2025-12-14T22:15:46.707125Z","level":"warning","event":"bash: line 58: nc: command not found","logger":"airflow.task.hooks.airflow.providers.ssh.hooks.ssh.SSHHook","filename":"ssh.py","lineno":499}
{"timestamp":"2025-12-14T22:15:48.709429Z","level":"warning","event":"bash: line 58: nc: command not found","logger":"airflow.task.hooks.airflow.providers.ssh.hooks.ssh.SSHHook","filename":"ssh.py","lineno":499}
{"timestamp":"2025-12-14T22:15:50.711780Z","level":"warning","event":"bash: line 58: nc: command not found","logger":"airflow.task.hooks.airflow.providers.ssh.hooks.ssh.SSHHook","filename":"ssh.py","lineno":499}
{"timestamp":"2025-12-14T22:15:52.713908Z","level":"warning","event":"bash: line 58: nc: command not found","logger":"airflow.task.hooks.airflow.providers.ssh.hooks.ssh.SSHHook","filename":"ssh.py","lineno":499}
{"timestamp":"2025-12-14T22:15:54.716369Z","level":"warning","event":"bash: line 58: nc: command not found","logger":"airflow.task.hooks.airflow.providers.ssh.hooks.ssh.SSHHook","filename":"ssh.py","lineno":499}
{"timestamp":"2025-12-14T22:15:56.718023Z","level":"warning","event":"bash: line 58: nc: command not found","logger":"airflow.task.hooks.airflow.providers.ssh.hooks.ssh.SSHHook","filename":"ssh.py","lineno":499}
{"timestamp":"2025-12-14T22:15:58.720945Z","level":"warning","event":"bash: line 58: nc: command not found","logger":"airflow.task.hooks.airflow.providers.ssh.hooks.ssh.SSHHook","filename":"ssh.py","lineno":499}
{"timestamp":"2025-12-14T22:16:00.723207Z","level":"warning","event":"bash: line 58: nc: command not found","logger":"airflow.task.hooks.airflow.providers.ssh.hooks.ssh.SSHHook","filename":"ssh.py","lineno":499}
{"timestamp":"2025-12-14T22:16:02.725479Z","level":"warning","event":"bash: line 58: nc: command not found","logger":"airflow.task.hooks.airflow.providers.ssh.hooks.ssh.SSHHook","filename":"ssh.py","lineno":499}
{"timestamp":"2025-12-14T22:16:04.727425Z","level":"warning","event":"bash: line 58: nc: command not found","logger":"airflow.task.hooks.airflow.providers.ssh.hooks.ssh.SSHHook","filename":"ssh.py","lineno":499}
{"timestamp":"2025-12-14T22:16:06.730240Z","level":"warning","event":"bash: line 58: nc: command not found","logger":"airflow.task.hooks.airflow.providers.ssh.hooks.ssh.SSHHook","filename":"ssh.py","lineno":499}
{"timestamp":"2025-12-14T22:16:08.733023Z","level":"warning","event":"bash: line 58: nc: command not found","logger":"airflow.task.hooks.airflow.providers.ssh.hooks.ssh.SSHHook","filename":"ssh.py","lineno":499}
{"timestamp":"2025-12-14T22:16:10.735648Z","level":"warning","event":"bash: line 58: nc: command not found","logger":"airflow.task.hooks.airflow.providers.ssh.hooks.ssh.SSHHook","filename":"ssh.py","lineno":499}
{"timestamp":"2025-12-14T22:16:12.736909Z","level":"warning","event":"bash: line 58: nc: command not found","logger":"airflow.task.hooks.airflow.providers.ssh.hooks.ssh.SSHHook","filename":"ssh.py","lineno":499}
{"timestamp":"2025-12-14T22:16:14.738484Z","level":"warning","event":"bash: line 58: nc: command not found","logger":"airflow.task.hooks.airflow.providers.ssh.hooks.ssh.SSHHook","filename":"ssh.py","lineno":499}
{"timestamp":"2025-12-14T22:16:16.740349Z","level":"warning","event":"bash: line 58: nc: command not found","logger":"airflow.task.hooks.airflow.providers.ssh.hooks.ssh.SSHHook","filename":"ssh.py","lineno":499}
{"timestamp":"2025-12-14T22:16:18.742916Z","level":"warning","event":"bash: line 58: nc: command not found","logger":"airflow.task.hooks.airflow.providers.ssh.hooks.ssh.SSHHook","filename":"ssh.py","lineno":499}
{"timestamp":"2025-12-14T22:16:20.744703Z","level":"warning","event":"bash: line 58: nc: command not found","logger":"airflow.task.hooks.airflow.providers.ssh.hooks.ssh.SSHHook","filename":"ssh.py","lineno":499}
{"timestamp":"2025-12-14T22:16:22.746944Z","level":"warning","event":"bash: line 58: nc: command not found","logger":"airflow.task.hooks.airflow.providers.ssh.hooks.ssh.SSHHook","filename":"ssh.py","lineno":499}
{"timestamp":"2025-12-14T22:16:24.748312Z","level":"warning","event":"bash: line 58: nc: command not found","logger":"airflow.task.hooks.airflow.providers.ssh.hooks.ssh.SSHHook","filename":"ssh.py","lineno":499}
{"timestamp":"2025-12-14T22:16:26.750929Z","level":"warning","event":"bash: line 58: nc: command not found","logger":"airflow.task.hooks.airflow.providers.ssh.hooks.ssh.SSHHook","filename":"ssh.py","lineno":499}
{"timestamp":"2025-12-14T22:16:28.752917Z","level":"warning","event":"bash: line 58: nc: command not found","logger":"airflow.task.hooks.airflow.providers.ssh.hooks.ssh.SSHHook","filename":"ssh.py","lineno":499}
{"timestamp":"2025-12-14T22:16:30.754621Z","level":"warning","event":"bash: line 58: nc: command not found","logger":"airflow.task.hooks.airflow.providers.ssh.hooks.ssh.SSHHook","filename":"ssh.py","lineno":499}
{"timestamp":"2025-12-14T22:16:32.756724Z","level":"warning","event":"bash: line 58: nc: command not found","logger":"airflow.task.hooks.airflow.providers.ssh.hooks.ssh.SSHHook","filename":"ssh.py","lineno":499}
{"timestamp":"2025-12-14T22:16:34.758265Z","level":"warning","event":"bash: line 58: nc: command not found","logger":"airflow.task.hooks.airflow.providers.ssh.hooks.ssh.SSHHook","filename":"ssh.py","lineno":499}
{"timestamp":"2025-12-14T22:16:36.760120Z","level":"warning","event":"bash: line 58: nc: command not found","logger":"airflow.task.hooks.airflow.providers.ssh.hooks.ssh.SSHHook","filename":"ssh.py","lineno":499}
{"timestamp":"2025-12-14T22:16:38.762004Z","level":"warning","event":"bash: line 58: nc: command not found","logger":"airflow.task.hooks.airflow.providers.ssh.hooks.ssh.SSHHook","filename":"ssh.py","lineno":499}
{"timestamp":"2025-12-14T22:16:40.764076Z","level":"warning","event":"bash: line 58: nc: command not found","logger":"airflow.task.hooks.airflow.providers.ssh.hooks.ssh.SSHHook","filename":"ssh.py","lineno":499}
{"timestamp":"2025-12-14T22:16:42.765769Z","level":"warning","event":"bash: line 58: nc: command not found","logger":"airflow.task.hooks.airflow.providers.ssh.hooks.ssh.SSHHook","filename":"ssh.py","lineno":499}
{"timestamp":"2025-12-14T22:16:44.767484Z","level":"info","event":"MongoDB failed to start!","logger":"airflow.task.hooks.airflow.providers.ssh.hooks.ssh.SSHHook","filename":"ssh.py","lineno":494}
{"timestamp":"2025-12-14T22:16:44.780171Z","level":"error","event":"Task failed with exception","logger":"task","filename":"task_runner.py","lineno":980,"error_detail":[{"exc_type":"AirflowException","exc_value":"SSH operator error: exit status = 1","exc_notes":[],"syntax_error":null,"is_cause":false,"frames":[{"filename":"/repos/labs/.venv/lib/python3.10/site-packages/airflow/sdk/execution_time/task_runner.py","lineno":928,"name":"run"},{"filename":"/repos/labs/.venv/lib/python3.10/site-packages/airflow/sdk/execution_time/task_runner.py","lineno":1315,"name":"_execute_task"},{"filename":"/repos/labs/.venv/lib/python3.10/site-packages/airflow/sdk/bases/operator.py","lineno":416,"name":"wrapper"},{"filename":"/repos/labs/.venv/lib/python3.10/site-packages/airflow/providers/ssh/operators/ssh.py","lineno":176,"name":"execute"},{"filename":"/repos/labs/.venv/lib/python3.10/site-packages/airflow/providers/ssh/operators/ssh.py","lineno":164,"name":"run_ssh_client_command"},{"filename":"/repos/labs/.venv/lib/python3.10/site-packages/airflow/providers/ssh/operators/ssh.py","lineno":158,"name":"raise_for_status"}],"is_group":false,"exceptions":[]}]}
{"timestamp":"2025-12-14T22:16:44.780986Z","level":"info","event":"Task instance in failure state","logger":"task.stdout"}
{"timestamp":"2025-12-14T22:16:44.781204Z","level":"info","event":"Task start","logger":"task.stdout"}
{"timestamp":"2025-12-14T22:16:44.781268Z","level":"info","event":"Task:<Task(SSHOperator): upgrade_secondary>","logger":"task.stdout"}
{"timestamp":"2025-12-14T22:16:44.781308Z","level":"info","event":"Failure caused by SSH operator error: exit status = 1","logger":"task.stdout"}
