{"timestamp":"2025-12-14T22:18:16.763433Z","level":"info","event":"DAG bundles loaded: dags-folder, example_dags","logger":"airflow.dag_processing.bundles.manager.DagBundlesManager","filename":"manager.py","lineno":179}
{"timestamp":"2025-12-14T22:18:16.763934Z","level":"info","event":"Filling up the DagBag from /repos/labs/airflow/dags/mongodb_rs_upgrade.py","logger":"airflow.models.dagbag.DagBag","filename":"dagbag.py","lineno":593}
{"timestamp":"2025-12-14T22:18:16.877056Z","level":"info","event":"Task instance is in running state","logger":"task.stdout"}
{"timestamp":"2025-12-14T22:18:16.877162Z","level":"info","event":" Previous state of the Task instance: TaskInstanceState.QUEUED","logger":"task.stdout"}
{"timestamp":"2025-12-14T22:18:16.877263Z","level":"info","event":"Current task name:upgrade_secondary","logger":"task.stdout"}
{"timestamp":"2025-12-14T22:18:16.877316Z","level":"info","event":"Dag name:mongodb_rs_upgrade_v7_to_v8","logger":"task.stdout"}
{"timestamp":"2025-12-14T22:18:16.877451Z","level":"info","event":"ssh_hook is not provided or invalid. Trying ssh_conn_id to create SSHHook.","logger":"airflow.task.operators.airflow.providers.ssh.operators.ssh.SSHOperator","filename":"ssh.py","lineno":126}
{"timestamp":"2025-12-14T22:18:16.877520Z","level":"info","event":"remote_host is provided explicitly. It will replace the remote_host which was defined in ssh_hook or predefined in connection of ssh_conn_id.","logger":"airflow.task.operators.airflow.providers.ssh.operators.ssh.SSHOperator","filename":"ssh.py","lineno":128}
{"timestamp":"2025-12-14T22:18:16.918354Z","level":"warning","event":"No Host Key Verification. This won't protect against Man-In-The-Middle attacks","logger":"airflow.task.hooks.airflow.providers.ssh.hooks.ssh.SSHHook","filename":"ssh.py","lineno":297}
{"timestamp":"2025-12-14T22:18:16.928710Z","level":"info","event":"Connected (version 2.0, client OpenSSH_8.7)","logger":"paramiko.transport","filename":"transport.py","lineno":1944}
{"timestamp":"2025-12-14T22:18:16.987135Z","level":"info","event":"Authentication (publickey) successful!","logger":"paramiko.transport","filename":"transport.py","lineno":1944}
{"timestamp":"2025-12-14T22:18:16.987637Z","level":"info","event":"Running command: \n    echo \"Starting Upgrade on $(hostname)...\"\n    \n    # OS Detection\n    if [ -f /etc/os-release ]; then\n        . /etc/os-release\n        OS=$ID\n    else\n        echo \"Cannot detect OS, assuming Debian-based...\"\n        OS=debian\n    fi\n\n    echo \"Detected OS: $OS\"\n\n    echo \"Stopping MongoDB...\"\n    # Universal service stop (systemd)\n    if command -v systemctl &> /dev/null; then\n        sudo systemctl stop mongod\n    else\n        sudo service mongod stop\n    fi\n    \n    if [[ \"$OS\" == \"debian\" || \"$OS\" == \"ubuntu\" ]]; then\n        echo \"Running Debian/Ubuntu upgrade path...\"\n        export DEBIAN_FRONTEND=noninteractive\n        \n        echo \"Updating Repositories...\"\n        sudo percona-release enable psmdb-80 release \n        sudo apt-get update\n        \n        echo \"Installing Percona Server for MongoDB 8.0...\"\n        sudo apt-get install -y percona-server-mongodb\n        \n    elif [[ \"$OS\" == \"rhel\" || \"$OS\" == \"rocky\" || \"$OS\" == \"centos\" || \"$OS\" == \"almalinux\" ]]; then\n        echo \"Running RHEL/Rocky upgrade path...\"\n        \n        echo \"Installing Percona Server for MongoDB 8.0...\"\n        # Simply install/update the package. DNF handles dependencies.\n        # Ensure the repo is enabled beforehand or enable specific module if needed.\n        sudo percona-release enable psmdb-80 release\n        sudo dnf install -y percona-server-mongodb\n        \n    else\n        echo \"Unsupported OS: $OS\"\n        exit 1\n    fi\n    \n    echo \"Starting MongoDB...\"\n    if command -v systemctl &> /dev/null; then\n        sudo systemctl start mongod\n    else\n        sudo service mongod start\n    fi\n    \n    echo \"Waiting for health check...\"\n    # Simple check loop\n    for i in {1..30}; do\n        if nc -z localhost 27017; then\n            echo \"MongoDB is up!\"\n            exit 0\n        fi\n        sleep 2\n    done\n    echo \"MongoDB failed to start!\"\n    exit 1\n    ","logger":"airflow.task.hooks.airflow.providers.ssh.hooks.ssh.SSHHook","filename":"ssh.py","lineno":448}
{"timestamp":"2025-12-14T22:18:17.179200Z","level":"info","event":"Starting Upgrade on db-3...","logger":"airflow.task.hooks.airflow.providers.ssh.hooks.ssh.SSHHook","filename":"ssh.py","lineno":494}
{"timestamp":"2025-12-14T22:18:17.179443Z","level":"info","event":"Detected OS: rocky","logger":"airflow.task.hooks.airflow.providers.ssh.hooks.ssh.SSHHook","filename":"ssh.py","lineno":494}
{"timestamp":"2025-12-14T22:18:17.179488Z","level":"info","event":"Stopping MongoDB...","logger":"airflow.task.hooks.airflow.providers.ssh.hooks.ssh.SSHHook","filename":"ssh.py","lineno":494}
{"timestamp":"2025-12-14T22:18:32.494868Z","level":"info","event":"Running RHEL/Rocky upgrade path...","logger":"airflow.task.hooks.airflow.providers.ssh.hooks.ssh.SSHHook","filename":"ssh.py","lineno":494}
{"timestamp":"2025-12-14T22:18:32.494997Z","level":"info","event":"Installing Percona Server for MongoDB 8.0...","logger":"airflow.task.hooks.airflow.providers.ssh.hooks.ssh.SSHHook","filename":"ssh.py","lineno":494}
{"timestamp":"2025-12-14T22:18:38.985846Z","level":"info","event":"* Enabling the Percona Server for MongoDB 8.0 repository","logger":"airflow.task.hooks.airflow.providers.ssh.hooks.ssh.SSHHook","filename":"ssh.py","lineno":494}
{"timestamp":"2025-12-14T22:18:38.991043Z","level":"info","event":"<*> All done!","logger":"airflow.task.hooks.airflow.providers.ssh.hooks.ssh.SSHHook","filename":"ssh.py","lineno":494}
{"timestamp":"2025-12-14T22:18:39.591260Z","level":"info","event":"Percona Server for MongoDB 8.0 release/x86_64 Y 3.7 kB/s | 1.5 kB     00:00    ","logger":"airflow.task.hooks.airflow.providers.ssh.hooks.ssh.SSHHook","filename":"ssh.py","lineno":494}
{"timestamp":"2025-12-14T22:18:39.674855Z","level":"info","event":"Package percona-server-mongodb-8.0.16-5.el9.x86_64 is already installed.","logger":"airflow.task.hooks.airflow.providers.ssh.hooks.ssh.SSHHook","filename":"ssh.py","lineno":494}
{"timestamp":"2025-12-14T22:18:39.682001Z","level":"info","event":"Dependencies resolved.","logger":"airflow.task.hooks.airflow.providers.ssh.hooks.ssh.SSHHook","filename":"ssh.py","lineno":494}
{"timestamp":"2025-12-14T22:18:39.682961Z","level":"info","event":"Nothing to do.","logger":"airflow.task.hooks.airflow.providers.ssh.hooks.ssh.SSHHook","filename":"ssh.py","lineno":494}
{"timestamp":"2025-12-14T22:18:39.683110Z","level":"info","event":"Complete!","logger":"airflow.task.hooks.airflow.providers.ssh.hooks.ssh.SSHHook","filename":"ssh.py","lineno":494}
{"timestamp":"2025-12-14T22:18:39.716079Z","level":"info","event":"Starting MongoDB...","logger":"airflow.task.hooks.airflow.providers.ssh.hooks.ssh.SSHHook","filename":"ssh.py","lineno":494}
{"timestamp":"2025-12-14T22:18:39.790416Z","level":"info","event":"Waiting for health check...","logger":"airflow.task.hooks.airflow.providers.ssh.hooks.ssh.SSHHook","filename":"ssh.py","lineno":494}
{"timestamp":"2025-12-14T22:18:39.790704Z","level":"warning","event":"bash: line 58: nc: command not found","logger":"airflow.task.hooks.airflow.providers.ssh.hooks.ssh.SSHHook","filename":"ssh.py","lineno":499}
{"timestamp":"2025-12-14T22:18:41.791845Z","level":"warning","event":"bash: line 58: nc: command not found","logger":"airflow.task.hooks.airflow.providers.ssh.hooks.ssh.SSHHook","filename":"ssh.py","lineno":499}
{"timestamp":"2025-12-14T22:18:43.794842Z","level":"warning","event":"bash: line 58: nc: command not found","logger":"airflow.task.hooks.airflow.providers.ssh.hooks.ssh.SSHHook","filename":"ssh.py","lineno":499}
{"timestamp":"2025-12-14T22:18:45.796073Z","level":"warning","event":"bash: line 58: nc: command not found","logger":"airflow.task.hooks.airflow.providers.ssh.hooks.ssh.SSHHook","filename":"ssh.py","lineno":499}
{"timestamp":"2025-12-14T22:18:47.798042Z","level":"warning","event":"bash: line 58: nc: command not found","logger":"airflow.task.hooks.airflow.providers.ssh.hooks.ssh.SSHHook","filename":"ssh.py","lineno":499}
{"timestamp":"2025-12-14T22:18:49.799888Z","level":"warning","event":"bash: line 58: nc: command not found","logger":"airflow.task.hooks.airflow.providers.ssh.hooks.ssh.SSHHook","filename":"ssh.py","lineno":499}
{"timestamp":"2025-12-14T22:18:51.802627Z","level":"warning","event":"bash: line 58: nc: command not found","logger":"airflow.task.hooks.airflow.providers.ssh.hooks.ssh.SSHHook","filename":"ssh.py","lineno":499}
{"timestamp":"2025-12-14T22:18:53.804985Z","level":"warning","event":"bash: line 58: nc: command not found","logger":"airflow.task.hooks.airflow.providers.ssh.hooks.ssh.SSHHook","filename":"ssh.py","lineno":499}
{"timestamp":"2025-12-14T22:18:55.806789Z","level":"warning","event":"bash: line 58: nc: command not found","logger":"airflow.task.hooks.airflow.providers.ssh.hooks.ssh.SSHHook","filename":"ssh.py","lineno":499}
{"timestamp":"2025-12-14T22:18:57.809750Z","level":"warning","event":"bash: line 58: nc: command not found","logger":"airflow.task.hooks.airflow.providers.ssh.hooks.ssh.SSHHook","filename":"ssh.py","lineno":499}
{"timestamp":"2025-12-14T22:18:59.811602Z","level":"warning","event":"bash: line 58: nc: command not found","logger":"airflow.task.hooks.airflow.providers.ssh.hooks.ssh.SSHHook","filename":"ssh.py","lineno":499}
{"timestamp":"2025-12-14T22:19:01.813569Z","level":"warning","event":"bash: line 58: nc: command not found","logger":"airflow.task.hooks.airflow.providers.ssh.hooks.ssh.SSHHook","filename":"ssh.py","lineno":499}
{"timestamp":"2025-12-14T22:19:03.815910Z","level":"warning","event":"bash: line 58: nc: command not found","logger":"airflow.task.hooks.airflow.providers.ssh.hooks.ssh.SSHHook","filename":"ssh.py","lineno":499}
{"timestamp":"2025-12-14T22:19:05.818019Z","level":"warning","event":"bash: line 58: nc: command not found","logger":"airflow.task.hooks.airflow.providers.ssh.hooks.ssh.SSHHook","filename":"ssh.py","lineno":499}
{"timestamp":"2025-12-14T22:19:07.820595Z","level":"warning","event":"bash: line 58: nc: command not found","logger":"airflow.task.hooks.airflow.providers.ssh.hooks.ssh.SSHHook","filename":"ssh.py","lineno":499}
{"timestamp":"2025-12-14T22:19:09.822682Z","level":"warning","event":"bash: line 58: nc: command not found","logger":"airflow.task.hooks.airflow.providers.ssh.hooks.ssh.SSHHook","filename":"ssh.py","lineno":499}
{"timestamp":"2025-12-14T22:19:11.824768Z","level":"warning","event":"bash: line 58: nc: command not found","logger":"airflow.task.hooks.airflow.providers.ssh.hooks.ssh.SSHHook","filename":"ssh.py","lineno":499}
{"timestamp":"2025-12-14T22:19:13.826638Z","level":"warning","event":"bash: line 58: nc: command not found","logger":"airflow.task.hooks.airflow.providers.ssh.hooks.ssh.SSHHook","filename":"ssh.py","lineno":499}
{"timestamp":"2025-12-14T22:19:15.828709Z","level":"warning","event":"bash: line 58: nc: command not found","logger":"airflow.task.hooks.airflow.providers.ssh.hooks.ssh.SSHHook","filename":"ssh.py","lineno":499}
{"timestamp":"2025-12-14T22:19:17.830975Z","level":"warning","event":"bash: line 58: nc: command not found","logger":"airflow.task.hooks.airflow.providers.ssh.hooks.ssh.SSHHook","filename":"ssh.py","lineno":499}
{"timestamp":"2025-12-14T22:19:19.832753Z","level":"warning","event":"bash: line 58: nc: command not found","logger":"airflow.task.hooks.airflow.providers.ssh.hooks.ssh.SSHHook","filename":"ssh.py","lineno":499}
{"timestamp":"2025-12-14T22:19:21.835225Z","level":"warning","event":"bash: line 58: nc: command not found","logger":"airflow.task.hooks.airflow.providers.ssh.hooks.ssh.SSHHook","filename":"ssh.py","lineno":499}
{"timestamp":"2025-12-14T22:19:23.836892Z","level":"warning","event":"bash: line 58: nc: command not found","logger":"airflow.task.hooks.airflow.providers.ssh.hooks.ssh.SSHHook","filename":"ssh.py","lineno":499}
{"timestamp":"2025-12-14T22:19:25.839452Z","level":"warning","event":"bash: line 58: nc: command not found","logger":"airflow.task.hooks.airflow.providers.ssh.hooks.ssh.SSHHook","filename":"ssh.py","lineno":499}
{"timestamp":"2025-12-14T22:19:27.841549Z","level":"warning","event":"bash: line 58: nc: command not found","logger":"airflow.task.hooks.airflow.providers.ssh.hooks.ssh.SSHHook","filename":"ssh.py","lineno":499}
{"timestamp":"2025-12-14T22:19:29.843287Z","level":"warning","event":"bash: line 58: nc: command not found","logger":"airflow.task.hooks.airflow.providers.ssh.hooks.ssh.SSHHook","filename":"ssh.py","lineno":499}
{"timestamp":"2025-12-14T22:19:31.845831Z","level":"warning","event":"bash: line 58: nc: command not found","logger":"airflow.task.hooks.airflow.providers.ssh.hooks.ssh.SSHHook","filename":"ssh.py","lineno":499}
{"timestamp":"2025-12-14T22:19:33.848205Z","level":"warning","event":"bash: line 58: nc: command not found","logger":"airflow.task.hooks.airflow.providers.ssh.hooks.ssh.SSHHook","filename":"ssh.py","lineno":499}
{"timestamp":"2025-12-14T22:19:35.850671Z","level":"warning","event":"bash: line 58: nc: command not found","logger":"airflow.task.hooks.airflow.providers.ssh.hooks.ssh.SSHHook","filename":"ssh.py","lineno":499}
{"timestamp":"2025-12-14T22:19:37.852880Z","level":"warning","event":"bash: line 58: nc: command not found","logger":"airflow.task.hooks.airflow.providers.ssh.hooks.ssh.SSHHook","filename":"ssh.py","lineno":499}
{"timestamp":"2025-12-14T22:19:39.855439Z","level":"info","event":"MongoDB failed to start!","logger":"airflow.task.hooks.airflow.providers.ssh.hooks.ssh.SSHHook","filename":"ssh.py","lineno":494}
{"timestamp":"2025-12-14T22:19:39.870979Z","level":"error","event":"Task failed with exception","logger":"task","filename":"task_runner.py","lineno":980,"error_detail":[{"exc_type":"AirflowException","exc_value":"SSH operator error: exit status = 1","exc_notes":[],"syntax_error":null,"is_cause":false,"frames":[{"filename":"/repos/labs/.venv/lib/python3.10/site-packages/airflow/sdk/execution_time/task_runner.py","lineno":928,"name":"run"},{"filename":"/repos/labs/.venv/lib/python3.10/site-packages/airflow/sdk/execution_time/task_runner.py","lineno":1315,"name":"_execute_task"},{"filename":"/repos/labs/.venv/lib/python3.10/site-packages/airflow/sdk/bases/operator.py","lineno":416,"name":"wrapper"},{"filename":"/repos/labs/.venv/lib/python3.10/site-packages/airflow/providers/ssh/operators/ssh.py","lineno":176,"name":"execute"},{"filename":"/repos/labs/.venv/lib/python3.10/site-packages/airflow/providers/ssh/operators/ssh.py","lineno":164,"name":"run_ssh_client_command"},{"filename":"/repos/labs/.venv/lib/python3.10/site-packages/airflow/providers/ssh/operators/ssh.py","lineno":158,"name":"raise_for_status"}],"is_group":false,"exceptions":[]}]}
{"timestamp":"2025-12-14T22:19:39.871674Z","level":"info","event":"Task instance in failure state","logger":"task.stdout"}
{"timestamp":"2025-12-14T22:19:39.871899Z","level":"info","event":"Task start","logger":"task.stdout"}
{"timestamp":"2025-12-14T22:19:39.871947Z","level":"info","event":"Task:<Task(SSHOperator): upgrade_secondary>","logger":"task.stdout"}
{"timestamp":"2025-12-14T22:19:39.872014Z","level":"info","event":"Failure caused by SSH operator error: exit status = 1","logger":"task.stdout"}
