{"timestamp":"2025-12-14T23:20:00.105168Z","level":"info","event":"DAG bundles loaded: dags-folder, example_dags","logger":"airflow.dag_processing.bundles.manager.DagBundlesManager","filename":"manager.py","lineno":179}
{"timestamp":"2025-12-14T23:20:00.105881Z","level":"info","event":"Filling up the DagBag from /repos/labs/airflow/dags/mongodb_rs_upgrade.py","logger":"airflow.models.dagbag.DagBag","filename":"dagbag.py","lineno":593}
{"timestamp":"2025-12-14T23:20:00.217531Z","level":"info","event":"Task instance is in running state","logger":"task.stdout"}
{"timestamp":"2025-12-14T23:20:00.217667Z","level":"info","event":" Previous state of the Task instance: TaskInstanceState.QUEUED","logger":"task.stdout"}
{"timestamp":"2025-12-14T23:20:00.217863Z","level":"info","event":"Current task name:upgrade_secondary","logger":"task.stdout"}
{"timestamp":"2025-12-14T23:20:00.217941Z","level":"info","event":"Dag name:mongodb_rs_upgrade_v7_to_v8","logger":"task.stdout"}
{"timestamp":"2025-12-14T23:20:00.218085Z","level":"info","event":"ssh_hook is not provided or invalid. Trying ssh_conn_id to create SSHHook.","logger":"airflow.task.operators.airflow.providers.ssh.operators.ssh.SSHOperator","filename":"ssh.py","lineno":126}
{"timestamp":"2025-12-14T23:20:00.218156Z","level":"info","event":"remote_host is provided explicitly. It will replace the remote_host which was defined in ssh_hook or predefined in connection of ssh_conn_id.","logger":"airflow.task.operators.airflow.providers.ssh.operators.ssh.SSHOperator","filename":"ssh.py","lineno":128}
{"timestamp":"2025-12-14T23:20:00.257528Z","level":"warning","event":"No Host Key Verification. This won't protect against Man-In-The-Middle attacks","logger":"airflow.task.hooks.airflow.providers.ssh.hooks.ssh.SSHHook","filename":"ssh.py","lineno":297}
{"timestamp":"2025-12-14T23:20:00.268126Z","level":"info","event":"Connected (version 2.0, client OpenSSH_8.7)","logger":"paramiko.transport","filename":"transport.py","lineno":1944}
{"timestamp":"2025-12-14T23:20:00.326140Z","level":"info","event":"Authentication (publickey) successful!","logger":"paramiko.transport","filename":"transport.py","lineno":1944}
{"timestamp":"2025-12-14T23:20:00.326739Z","level":"info","event":"Running command: \n    echo \"Starting Upgrade on $(hostname)...\"\n    \n    # OS Detection\n    if [ -f /etc/os-release ]; then\n        . /etc/os-release\n        OS=$ID\n    else\n        echo \"Cannot detect OS, assuming Debian-based...\"\n        OS=debian\n    fi\n\n    echo \"Detected OS: $OS\"\n\n    echo \"Stopping MongoDB...\"\n    # Universal service stop (systemd)\n    if command -v systemctl &> /dev/null; then\n        sudo systemctl stop mongod\n    else\n        sudo service mongod stop\n    fi\n    \n    if [[ \"$OS\" == \"debian\" || \"$OS\" == \"ubuntu\" ]]; then\n        echo \"Running Debian/Ubuntu upgrade path...\"\n        export DEBIAN_FRONTEND=noninteractive\n        \n        echo \"Updating Repositories...\"\n        sudo percona-release enable psmdb-80 release \n        sudo apt-get update\n        \n        echo \"Installing Percona Server for MongoDB 8.0...\"\n        sudo apt-get install -y percona-server-mongodb\n        \n    elif [[ \"$OS\" == \"rhel\" || \"$OS\" == \"rocky\" || \"$OS\" == \"centos\" || \"$OS\" == \"almalinux\" ]]; then\n        echo \"Running RHEL/Rocky upgrade path...\"\n        \n        echo \"Installing Percona Server for MongoDB 8.0...\"\n        # Simply install/update the package. DNF handles dependencies.\n        # Ensure the repo is enabled beforehand or enable specific module if needed.\n        sudo percona-release enable psmdb-80 release\n        sudo dnf install -y percona-server-mongodb\n        \n    else\n        echo \"Unsupported OS: $OS\"\n        exit 1\n    fi\n    \n    echo \"Starting MongoDB...\"\n    if command -v systemctl &> /dev/null; then\n        sudo systemctl start mongod\n    else\n        sudo service mongod start\n    fi\n    \n    echo \"Waiting for health check...\"\n    # Simple check loop\n    for i in {1..30}; do\n        if nc -z localhost 27017; then\n            echo \"MongoDB is up!\"\n            exit 0\n        fi\n        sleep 2\n    done\n    echo \"MongoDB failed to start!\"\n    exit 1\n    ","logger":"airflow.task.hooks.airflow.providers.ssh.hooks.ssh.SSHHook","filename":"ssh.py","lineno":448}
{"timestamp":"2025-12-14T23:20:00.516652Z","level":"info","event":"Starting Upgrade on db-3...","logger":"airflow.task.hooks.airflow.providers.ssh.hooks.ssh.SSHHook","filename":"ssh.py","lineno":494}
{"timestamp":"2025-12-14T23:20:00.516881Z","level":"info","event":"Detected OS: rocky","logger":"airflow.task.hooks.airflow.providers.ssh.hooks.ssh.SSHHook","filename":"ssh.py","lineno":494}
{"timestamp":"2025-12-14T23:20:00.516927Z","level":"info","event":"Stopping MongoDB...","logger":"airflow.task.hooks.airflow.providers.ssh.hooks.ssh.SSHHook","filename":"ssh.py","lineno":494}
{"timestamp":"2025-12-14T23:20:15.856637Z","level":"info","event":"Running RHEL/Rocky upgrade path...","logger":"airflow.task.hooks.airflow.providers.ssh.hooks.ssh.SSHHook","filename":"ssh.py","lineno":494}
{"timestamp":"2025-12-14T23:20:15.856758Z","level":"info","event":"Installing Percona Server for MongoDB 8.0...","logger":"airflow.task.hooks.airflow.providers.ssh.hooks.ssh.SSHHook","filename":"ssh.py","lineno":494}
{"timestamp":"2025-12-14T23:20:22.242269Z","level":"info","event":"* Enabling the Percona Server for MongoDB 8.0 repository","logger":"airflow.task.hooks.airflow.providers.ssh.hooks.ssh.SSHHook","filename":"ssh.py","lineno":494}
{"timestamp":"2025-12-14T23:20:22.247453Z","level":"info","event":"<*> All done!","logger":"airflow.task.hooks.airflow.providers.ssh.hooks.ssh.SSHHook","filename":"ssh.py","lineno":494}
{"timestamp":"2025-12-14T23:20:22.873764Z","level":"info","event":"Percona Server for MongoDB 8.0 release/x86_64 Y 3.8 kB/s | 1.5 kB     00:00    ","logger":"airflow.task.hooks.airflow.providers.ssh.hooks.ssh.SSHHook","filename":"ssh.py","lineno":494}
{"timestamp":"2025-12-14T23:20:22.964054Z","level":"info","event":"Package percona-server-mongodb-8.0.16-5.el9.x86_64 is already installed.","logger":"airflow.task.hooks.airflow.providers.ssh.hooks.ssh.SSHHook","filename":"ssh.py","lineno":494}
{"timestamp":"2025-12-14T23:20:22.971806Z","level":"info","event":"Dependencies resolved.","logger":"airflow.task.hooks.airflow.providers.ssh.hooks.ssh.SSHHook","filename":"ssh.py","lineno":494}
{"timestamp":"2025-12-14T23:20:22.973119Z","level":"info","event":"Nothing to do.","logger":"airflow.task.hooks.airflow.providers.ssh.hooks.ssh.SSHHook","filename":"ssh.py","lineno":494}
{"timestamp":"2025-12-14T23:20:22.973187Z","level":"info","event":"Complete!","logger":"airflow.task.hooks.airflow.providers.ssh.hooks.ssh.SSHHook","filename":"ssh.py","lineno":494}
{"timestamp":"2025-12-14T23:20:23.012453Z","level":"info","event":"Starting MongoDB...","logger":"airflow.task.hooks.airflow.providers.ssh.hooks.ssh.SSHHook","filename":"ssh.py","lineno":494}
{"timestamp":"2025-12-14T23:20:23.100007Z","level":"info","event":"Waiting for health check...","logger":"airflow.task.hooks.airflow.providers.ssh.hooks.ssh.SSHHook","filename":"ssh.py","lineno":494}
{"timestamp":"2025-12-14T23:20:23.100300Z","level":"warning","event":"bash: line 58: nc: command not found","logger":"airflow.task.hooks.airflow.providers.ssh.hooks.ssh.SSHHook","filename":"ssh.py","lineno":499}
{"timestamp":"2025-12-14T23:20:25.102539Z","level":"warning","event":"bash: line 58: nc: command not found","logger":"airflow.task.hooks.airflow.providers.ssh.hooks.ssh.SSHHook","filename":"ssh.py","lineno":499}
{"timestamp":"2025-12-14T23:20:27.104250Z","level":"warning","event":"bash: line 58: nc: command not found","logger":"airflow.task.hooks.airflow.providers.ssh.hooks.ssh.SSHHook","filename":"ssh.py","lineno":499}
{"timestamp":"2025-12-14T23:20:29.106138Z","level":"warning","event":"bash: line 58: nc: command not found","logger":"airflow.task.hooks.airflow.providers.ssh.hooks.ssh.SSHHook","filename":"ssh.py","lineno":499}
{"timestamp":"2025-12-14T23:20:31.107887Z","level":"warning","event":"bash: line 58: nc: command not found","logger":"airflow.task.hooks.airflow.providers.ssh.hooks.ssh.SSHHook","filename":"ssh.py","lineno":499}
{"timestamp":"2025-12-14T23:20:33.110040Z","level":"warning","event":"bash: line 58: nc: command not found","logger":"airflow.task.hooks.airflow.providers.ssh.hooks.ssh.SSHHook","filename":"ssh.py","lineno":499}
{"timestamp":"2025-12-14T23:20:35.111748Z","level":"warning","event":"bash: line 58: nc: command not found","logger":"airflow.task.hooks.airflow.providers.ssh.hooks.ssh.SSHHook","filename":"ssh.py","lineno":499}
{"timestamp":"2025-12-14T23:20:37.113536Z","level":"warning","event":"bash: line 58: nc: command not found","logger":"airflow.task.hooks.airflow.providers.ssh.hooks.ssh.SSHHook","filename":"ssh.py","lineno":499}
{"timestamp":"2025-12-14T23:20:39.115352Z","level":"warning","event":"bash: line 58: nc: command not found","logger":"airflow.task.hooks.airflow.providers.ssh.hooks.ssh.SSHHook","filename":"ssh.py","lineno":499}
{"timestamp":"2025-12-14T23:20:41.117040Z","level":"warning","event":"bash: line 58: nc: command not found","logger":"airflow.task.hooks.airflow.providers.ssh.hooks.ssh.SSHHook","filename":"ssh.py","lineno":499}
{"timestamp":"2025-12-14T23:20:43.118784Z","level":"warning","event":"bash: line 58: nc: command not found","logger":"airflow.task.hooks.airflow.providers.ssh.hooks.ssh.SSHHook","filename":"ssh.py","lineno":499}
{"timestamp":"2025-12-14T23:20:45.120555Z","level":"warning","event":"bash: line 58: nc: command not found","logger":"airflow.task.hooks.airflow.providers.ssh.hooks.ssh.SSHHook","filename":"ssh.py","lineno":499}
{"timestamp":"2025-12-14T23:20:47.122491Z","level":"warning","event":"bash: line 58: nc: command not found","logger":"airflow.task.hooks.airflow.providers.ssh.hooks.ssh.SSHHook","filename":"ssh.py","lineno":499}
{"timestamp":"2025-12-14T23:20:49.124080Z","level":"warning","event":"bash: line 58: nc: command not found","logger":"airflow.task.hooks.airflow.providers.ssh.hooks.ssh.SSHHook","filename":"ssh.py","lineno":499}
{"timestamp":"2025-12-14T23:20:51.126027Z","level":"warning","event":"bash: line 58: nc: command not found","logger":"airflow.task.hooks.airflow.providers.ssh.hooks.ssh.SSHHook","filename":"ssh.py","lineno":499}
{"timestamp":"2025-12-14T23:20:53.127874Z","level":"warning","event":"bash: line 58: nc: command not found","logger":"airflow.task.hooks.airflow.providers.ssh.hooks.ssh.SSHHook","filename":"ssh.py","lineno":499}
{"timestamp":"2025-12-14T23:20:55.129918Z","level":"warning","event":"bash: line 58: nc: command not found","logger":"airflow.task.hooks.airflow.providers.ssh.hooks.ssh.SSHHook","filename":"ssh.py","lineno":499}
{"timestamp":"2025-12-14T23:20:57.131665Z","level":"warning","event":"bash: line 58: nc: command not found","logger":"airflow.task.hooks.airflow.providers.ssh.hooks.ssh.SSHHook","filename":"ssh.py","lineno":499}
{"timestamp":"2025-12-14T23:20:59.133282Z","level":"warning","event":"bash: line 58: nc: command not found","logger":"airflow.task.hooks.airflow.providers.ssh.hooks.ssh.SSHHook","filename":"ssh.py","lineno":499}
{"timestamp":"2025-12-14T23:21:01.134990Z","level":"warning","event":"bash: line 58: nc: command not found","logger":"airflow.task.hooks.airflow.providers.ssh.hooks.ssh.SSHHook","filename":"ssh.py","lineno":499}
{"timestamp":"2025-12-14T23:21:03.136849Z","level":"warning","event":"bash: line 58: nc: command not found","logger":"airflow.task.hooks.airflow.providers.ssh.hooks.ssh.SSHHook","filename":"ssh.py","lineno":499}
{"timestamp":"2025-12-14T23:21:05.138702Z","level":"warning","event":"bash: line 58: nc: command not found","logger":"airflow.task.hooks.airflow.providers.ssh.hooks.ssh.SSHHook","filename":"ssh.py","lineno":499}
{"timestamp":"2025-12-14T23:21:07.140546Z","level":"warning","event":"bash: line 58: nc: command not found","logger":"airflow.task.hooks.airflow.providers.ssh.hooks.ssh.SSHHook","filename":"ssh.py","lineno":499}
{"timestamp":"2025-12-14T23:21:09.142289Z","level":"warning","event":"bash: line 58: nc: command not found","logger":"airflow.task.hooks.airflow.providers.ssh.hooks.ssh.SSHHook","filename":"ssh.py","lineno":499}
{"timestamp":"2025-12-14T23:21:11.143997Z","level":"warning","event":"bash: line 58: nc: command not found","logger":"airflow.task.hooks.airflow.providers.ssh.hooks.ssh.SSHHook","filename":"ssh.py","lineno":499}
{"timestamp":"2025-12-14T23:21:13.146172Z","level":"warning","event":"bash: line 58: nc: command not found","logger":"airflow.task.hooks.airflow.providers.ssh.hooks.ssh.SSHHook","filename":"ssh.py","lineno":499}
{"timestamp":"2025-12-14T23:21:15.148637Z","level":"warning","event":"bash: line 58: nc: command not found","logger":"airflow.task.hooks.airflow.providers.ssh.hooks.ssh.SSHHook","filename":"ssh.py","lineno":499}
{"timestamp":"2025-12-14T23:21:17.150772Z","level":"warning","event":"bash: line 58: nc: command not found","logger":"airflow.task.hooks.airflow.providers.ssh.hooks.ssh.SSHHook","filename":"ssh.py","lineno":499}
{"timestamp":"2025-12-14T23:21:19.153160Z","level":"warning","event":"bash: line 58: nc: command not found","logger":"airflow.task.hooks.airflow.providers.ssh.hooks.ssh.SSHHook","filename":"ssh.py","lineno":499}
{"timestamp":"2025-12-14T23:21:21.155070Z","level":"warning","event":"bash: line 58: nc: command not found","logger":"airflow.task.hooks.airflow.providers.ssh.hooks.ssh.SSHHook","filename":"ssh.py","lineno":499}
{"timestamp":"2025-12-14T23:21:23.157393Z","level":"info","event":"MongoDB failed to start!","logger":"airflow.task.hooks.airflow.providers.ssh.hooks.ssh.SSHHook","filename":"ssh.py","lineno":494}
{"timestamp":"2025-12-14T23:21:23.173678Z","level":"error","event":"Task failed with exception","logger":"task","filename":"task_runner.py","lineno":980,"error_detail":[{"exc_type":"AirflowException","exc_value":"SSH operator error: exit status = 1","exc_notes":[],"syntax_error":null,"is_cause":false,"frames":[{"filename":"/repos/labs/.venv/lib/python3.10/site-packages/airflow/sdk/execution_time/task_runner.py","lineno":928,"name":"run"},{"filename":"/repos/labs/.venv/lib/python3.10/site-packages/airflow/sdk/execution_time/task_runner.py","lineno":1315,"name":"_execute_task"},{"filename":"/repos/labs/.venv/lib/python3.10/site-packages/airflow/sdk/bases/operator.py","lineno":416,"name":"wrapper"},{"filename":"/repos/labs/.venv/lib/python3.10/site-packages/airflow/providers/ssh/operators/ssh.py","lineno":176,"name":"execute"},{"filename":"/repos/labs/.venv/lib/python3.10/site-packages/airflow/providers/ssh/operators/ssh.py","lineno":164,"name":"run_ssh_client_command"},{"filename":"/repos/labs/.venv/lib/python3.10/site-packages/airflow/providers/ssh/operators/ssh.py","lineno":158,"name":"raise_for_status"}],"is_group":false,"exceptions":[]}]}
{"timestamp":"2025-12-14T23:21:23.191775Z","level":"info","event":"Task instance in failure state","logger":"task.stdout"}
{"timestamp":"2025-12-14T23:21:23.192022Z","level":"info","event":"Task start","logger":"task.stdout"}
{"timestamp":"2025-12-14T23:21:23.192081Z","level":"info","event":"Task:<Task(SSHOperator): upgrade_secondary>","logger":"task.stdout"}
{"timestamp":"2025-12-14T23:21:23.192123Z","level":"info","event":"Failure caused by SSH operator error: exit status = 1","logger":"task.stdout"}
