{"timestamp":"2025-12-14T23:22:06.831680Z","level":"info","event":"DAG bundles loaded: dags-folder, example_dags","logger":"airflow.dag_processing.bundles.manager.DagBundlesManager","filename":"manager.py","lineno":179}
{"timestamp":"2025-12-14T23:22:06.832292Z","level":"info","event":"Filling up the DagBag from /repos/labs/airflow/dags/mongodb_rs_upgrade.py","logger":"airflow.models.dagbag.DagBag","filename":"dagbag.py","lineno":593}
{"timestamp":"2025-12-14T23:22:06.967182Z","level":"info","event":"Task instance is in running state","logger":"task.stdout"}
{"timestamp":"2025-12-14T23:22:06.967296Z","level":"info","event":" Previous state of the Task instance: TaskInstanceState.QUEUED","logger":"task.stdout"}
{"timestamp":"2025-12-14T23:22:06.967417Z","level":"info","event":"Current task name:upgrade_secondary","logger":"task.stdout"}
{"timestamp":"2025-12-14T23:22:06.967471Z","level":"info","event":"Dag name:mongodb_rs_upgrade_v7_to_v8","logger":"task.stdout"}
{"timestamp":"2025-12-14T23:22:06.967586Z","level":"info","event":"ssh_hook is not provided or invalid. Trying ssh_conn_id to create SSHHook.","logger":"airflow.task.operators.airflow.providers.ssh.operators.ssh.SSHOperator","filename":"ssh.py","lineno":126}
{"timestamp":"2025-12-14T23:22:06.967655Z","level":"info","event":"remote_host is provided explicitly. It will replace the remote_host which was defined in ssh_hook or predefined in connection of ssh_conn_id.","logger":"airflow.task.operators.airflow.providers.ssh.operators.ssh.SSHOperator","filename":"ssh.py","lineno":128}
{"timestamp":"2025-12-14T23:22:07.008530Z","level":"warning","event":"No Host Key Verification. This won't protect against Man-In-The-Middle attacks","logger":"airflow.task.hooks.airflow.providers.ssh.hooks.ssh.SSHHook","filename":"ssh.py","lineno":297}
{"timestamp":"2025-12-14T23:22:07.018965Z","level":"info","event":"Connected (version 2.0, client OpenSSH_8.7)","logger":"paramiko.transport","filename":"transport.py","lineno":1944}
{"timestamp":"2025-12-14T23:22:07.077120Z","level":"info","event":"Authentication (publickey) successful!","logger":"paramiko.transport","filename":"transport.py","lineno":1944}
{"timestamp":"2025-12-14T23:22:07.077681Z","level":"info","event":"Running command: \n    echo \"Starting Upgrade on $(hostname)...\"\n    \n    # OS Detection\n    if [ -f /etc/os-release ]; then\n        . /etc/os-release\n        OS=$ID\n    else\n        echo \"Cannot detect OS, assuming Debian-based...\"\n        OS=debian\n    fi\n\n    echo \"Detected OS: $OS\"\n\n    echo \"Stopping MongoDB...\"\n    # Universal service stop (systemd)\n    if command -v systemctl &> /dev/null; then\n        sudo systemctl stop mongod\n    else\n        sudo service mongod stop\n    fi\n    \n    if [[ \"$OS\" == \"debian\" || \"$OS\" == \"ubuntu\" ]]; then\n        echo \"Running Debian/Ubuntu upgrade path...\"\n        export DEBIAN_FRONTEND=noninteractive\n        \n        echo \"Updating Repositories...\"\n        sudo percona-release enable psmdb-80 release \n        sudo apt-get update\n        \n        echo \"Installing Percona Server for MongoDB 8.0...\"\n        sudo apt-get install -y percona-server-mongodb\n        \n    elif [[ \"$OS\" == \"rhel\" || \"$OS\" == \"rocky\" || \"$OS\" == \"centos\" || \"$OS\" == \"almalinux\" ]]; then\n        echo \"Running RHEL/Rocky upgrade path...\"\n        \n        echo \"Installing Percona Server for MongoDB 8.0...\"\n        # Simply install/update the package. DNF handles dependencies.\n        # Ensure the repo is enabled beforehand or enable specific module if needed.\n        sudo percona-release enable psmdb-80 release\n        sudo dnf install -y percona-server-mongodb\n        \n    else\n        echo \"Unsupported OS: $OS\"\n        exit 1\n    fi\n    \n    echo \"Starting MongoDB...\"\n    if command -v systemctl &> /dev/null; then\n        sudo systemctl start mongod\n    else\n        sudo service mongod start\n    fi\n    \n    echo \"Waiting for health check...\"\n    # Simple check loop\n    for i in {1..30}; do\n        if nc -z localhost 27017; then\n            echo \"MongoDB is up!\"\n            exit 0\n        fi\n        sleep 2\n    done\n    echo \"MongoDB failed to start!\"\n    exit 1\n    ","logger":"airflow.task.hooks.airflow.providers.ssh.hooks.ssh.SSHHook","filename":"ssh.py","lineno":448}
{"timestamp":"2025-12-14T23:22:07.160834Z","level":"info","event":"Starting Upgrade on db-3...","logger":"airflow.task.hooks.airflow.providers.ssh.hooks.ssh.SSHHook","filename":"ssh.py","lineno":494}
{"timestamp":"2025-12-14T23:22:07.161042Z","level":"info","event":"Detected OS: rocky","logger":"airflow.task.hooks.airflow.providers.ssh.hooks.ssh.SSHHook","filename":"ssh.py","lineno":494}
{"timestamp":"2025-12-14T23:22:07.161080Z","level":"info","event":"Stopping MongoDB...","logger":"airflow.task.hooks.airflow.providers.ssh.hooks.ssh.SSHHook","filename":"ssh.py","lineno":494}
{"timestamp":"2025-12-14T23:22:22.497449Z","level":"info","event":"Running RHEL/Rocky upgrade path...","logger":"airflow.task.hooks.airflow.providers.ssh.hooks.ssh.SSHHook","filename":"ssh.py","lineno":494}
{"timestamp":"2025-12-14T23:22:22.497565Z","level":"info","event":"Installing Percona Server for MongoDB 8.0...","logger":"airflow.task.hooks.airflow.providers.ssh.hooks.ssh.SSHHook","filename":"ssh.py","lineno":494}
{"timestamp":"2025-12-14T23:22:29.022445Z","level":"info","event":"* Enabling the Percona Server for MongoDB 8.0 repository","logger":"airflow.task.hooks.airflow.providers.ssh.hooks.ssh.SSHHook","filename":"ssh.py","lineno":494}
{"timestamp":"2025-12-14T23:22:29.028758Z","level":"info","event":"<*> All done!","logger":"airflow.task.hooks.airflow.providers.ssh.hooks.ssh.SSHHook","filename":"ssh.py","lineno":494}
{"timestamp":"2025-12-14T23:22:29.627982Z","level":"info","event":"Percona Server for MongoDB 8.0 release/x86_64 Y 3.8 kB/s | 1.5 kB     00:00    ","logger":"airflow.task.hooks.airflow.providers.ssh.hooks.ssh.SSHHook","filename":"ssh.py","lineno":494}
{"timestamp":"2025-12-14T23:22:29.713812Z","level":"info","event":"Package percona-server-mongodb-8.0.16-5.el9.x86_64 is already installed.","logger":"airflow.task.hooks.airflow.providers.ssh.hooks.ssh.SSHHook","filename":"ssh.py","lineno":494}
{"timestamp":"2025-12-14T23:22:29.721163Z","level":"info","event":"Dependencies resolved.","logger":"airflow.task.hooks.airflow.providers.ssh.hooks.ssh.SSHHook","filename":"ssh.py","lineno":494}
{"timestamp":"2025-12-14T23:22:29.721849Z","level":"info","event":"Nothing to do.","logger":"airflow.task.hooks.airflow.providers.ssh.hooks.ssh.SSHHook","filename":"ssh.py","lineno":494}
{"timestamp":"2025-12-14T23:22:29.722020Z","level":"info","event":"Complete!","logger":"airflow.task.hooks.airflow.providers.ssh.hooks.ssh.SSHHook","filename":"ssh.py","lineno":494}
{"timestamp":"2025-12-14T23:22:29.761621Z","level":"info","event":"Starting MongoDB...","logger":"airflow.task.hooks.airflow.providers.ssh.hooks.ssh.SSHHook","filename":"ssh.py","lineno":494}
{"timestamp":"2025-12-14T23:22:29.834441Z","level":"info","event":"Waiting for health check...","logger":"airflow.task.hooks.airflow.providers.ssh.hooks.ssh.SSHHook","filename":"ssh.py","lineno":494}
{"timestamp":"2025-12-14T23:22:31.859865Z","level":"info","event":"MongoDB is up!","logger":"airflow.task.hooks.airflow.providers.ssh.hooks.ssh.SSHHook","filename":"ssh.py","lineno":494}
{"timestamp":"2025-12-14T23:22:31.875822Z","level":"info","event":"Pushing xcom","ti":"RuntimeTaskInstance(id=UUID('019b1f2b-d8ac-7a81-a471-0a650c603d68'), task_id='upgrade_secondary', dag_id='mongodb_rs_upgrade_v7_to_v8', run_id='manual__2025-12-14T23:19:56+00:00', try_number=2, dag_version_id=UUID('019b1e9d-63f4-711d-a6b7-86ce5088b46c'), map_index=1, hostname='grow', context_carrier={}, task=<Task(SSHOperator): upgrade_secondary>, bundle_instance=LocalDagBundle(name=dags-folder), max_tries=2, start_date=datetime.datetime(2025, 12, 14, 23, 22, 6, 810946, tzinfo=datetime.timezone.utc), end_date=None, state=<TaskInstanceState.RUNNING: 'running'>, is_mapped=True, rendered_map_index=None)","logger":"task","filename":"task_runner.py","lineno":1360}
{"timestamp":"2025-12-14T23:22:31.906688Z","level":"info","event":"Task instance in success state","logger":"task.stdout"}
{"timestamp":"2025-12-14T23:22:31.906799Z","level":"info","event":" Previous state of the Task instance: TaskInstanceState.RUNNING","logger":"task.stdout"}
{"timestamp":"2025-12-14T23:22:31.906952Z","level":"info","event":"Task operator:<Task(SSHOperator): upgrade_secondary>","logger":"task.stdout"}
