{"timestamp":"2026-01-04T23:48:05.759564Z","level":"info","event":"DAG bundles loaded: dags-folder, example_dags","logger":"airflow.dag_processing.bundles.manager.DagBundlesManager","filename":"manager.py","lineno":179}
{"timestamp":"2026-01-04T23:48:05.760059Z","level":"info","event":"Filling up the DagBag from /repos/labs/airflow/dags/mongodb_rs_rollback.py","logger":"airflow.models.dagbag.DagBag","filename":"dagbag.py","lineno":593}
{"timestamp":"2026-01-04T23:48:05.862451Z","level":"info","event":"Task instance is in running state","logger":"task.stdout"}
{"timestamp":"2026-01-04T23:48:05.862585Z","level":"info","event":" Previous state of the Task instance: TaskInstanceState.QUEUED","logger":"task.stdout"}
{"timestamp":"2026-01-04T23:48:05.862731Z","level":"info","event":"Current task name:downgrade_secondaries_sequentially","logger":"task.stdout"}
{"timestamp":"2026-01-04T23:48:05.862771Z","level":"info","event":"Dag name:mongodb_rs_rollback_v8_to_v7","logger":"task.stdout"}
{"timestamp":"2026-01-04T23:48:05.871254Z","level":"info","event":"Starting downgrade for secondary: db-1","logger":"task.stdout"}
{"timestamp":"2026-01-04T23:48:05.919204Z","level":"warning","event":"No Host Key Verification. This won't protect against Man-In-The-Middle attacks","logger":"airflow.task.hooks.airflow.providers.ssh.hooks.ssh.SSHHook","filename":"ssh.py","lineno":297}
{"timestamp":"2026-01-04T23:48:05.929708Z","level":"info","event":"Connected (version 2.0, client OpenSSH_8.7)","logger":"paramiko.transport","filename":"transport.py","lineno":1944}
{"timestamp":"2026-01-04T23:48:05.989715Z","level":"info","event":"Authentication (publickey) successful!","logger":"paramiko.transport","filename":"transport.py","lineno":1944}
{"timestamp":"2026-01-04T23:48:47.775792Z","level":"info","event":"Downgrade output for db-1:","logger":"task.stdout"}
{"timestamp":"2026-01-04T23:48:47.776018Z","level":"info","event":"Starting Rollback on db-1...","logger":"task.stdout"}
{"timestamp":"2026-01-04T23:48:47.776075Z","level":"info","event":"Detected OS: rocky","logger":"task.stdout"}
{"timestamp":"2026-01-04T23:48:47.776143Z","level":"info","event":"Stopping MongoDB...","logger":"task.stdout"}
{"timestamp":"2026-01-04T23:48:47.776192Z","level":"info","event":"Running RHEL/Rocky downgrade path...","logger":"task.stdout"}
{"timestamp":"2026-01-04T23:48:47.776231Z","level":"info","event":"Switching Repositories...","logger":"task.stdout"}
{"timestamp":"2026-01-04T23:48:47.776276Z","level":"info","event":"<*> All done!","logger":"task.stdout"}
{"timestamp":"2026-01-04T23:48:47.776311Z","level":"info","event":"* Enabling the Percona Server for MongoDB 7.0 repository","logger":"task.stdout"}
{"timestamp":"2026-01-04T23:48:47.776363Z","level":"info","event":"<*> All done!","logger":"task.stdout"}
{"timestamp":"2026-01-04T23:48:47.776399Z","level":"info","event":"Downgrading to Percona Server for MongoDB 7.0...","logger":"task.stdout"}
{"timestamp":"2026-01-04T23:48:47.776443Z","level":"info","event":"Percona Server for MongoDB 7.0 release/x86_64 Y 3.8 kB/s | 1.5 kB     00:00","logger":"task.stdout"}
{"timestamp":"2026-01-04T23:48:47.776488Z","level":"info","event":"Dependencies resolved.","logger":"task.stdout"}
{"timestamp":"2026-01-04T23:48:47.776520Z","level":"info","event":"================================================================================","logger":"task.stdout"}
{"timestamp":"2026-01-04T23:48:47.776552Z","level":"info","event":" Package                     Arch   Version       Repository               Size","logger":"task.stdout"}
{"timestamp":"2026-01-04T23:48:47.776584Z","level":"info","event":"================================================================================","logger":"task.stdout"}
{"timestamp":"2026-01-04T23:48:47.776616Z","level":"info","event":"Downgrading:","logger":"task.stdout"}
{"timestamp":"2026-01-04T23:48:47.776647Z","level":"info","event":" percona-server-mongodb      x86_64 7.0.24-13.el9 psmdb-70-release-x86_64 8.2 k","logger":"task.stdout"}
{"timestamp":"2026-01-04T23:48:47.776679Z","level":"info","event":" percona-server-mongodb-mongos","logger":"task.stdout"}
{"timestamp":"2026-01-04T23:48:47.776730Z","level":"info","event":"                             x86_64 7.0.24-13.el9 psmdb-70-release-x86_64  23 M","logger":"task.stdout"}
{"timestamp":"2026-01-04T23:48:47.776789Z","level":"info","event":" percona-server-mongodb-server","logger":"task.stdout"}
{"timestamp":"2026-01-04T23:48:47.776841Z","level":"info","event":"                             x86_64 7.0.24-13.el9 psmdb-70-release-x86_64  54 M","logger":"task.stdout"}
{"timestamp":"2026-01-04T23:48:47.776877Z","level":"info","event":" percona-server-mongodb-tools","logger":"task.stdout"}
{"timestamp":"2026-01-04T23:48:47.776910Z","level":"info","event":"                             x86_64 7.0.24-13.el9 psmdb-70-release-x86_64  32 M","logger":"task.stdout"}
{"timestamp":"2026-01-04T23:48:47.776942Z","level":"info","event":"","logger":"task.stdout"}
{"timestamp":"2026-01-04T23:48:47.776974Z","level":"info","event":"Transaction Summary","logger":"task.stdout"}
{"timestamp":"2026-01-04T23:48:47.777007Z","level":"info","event":"================================================================================","logger":"task.stdout"}
{"timestamp":"2026-01-04T23:48:47.777040Z","level":"info","event":"Downgrade  4 Packages","logger":"task.stdout"}
{"timestamp":"2026-01-04T23:48:47.777071Z","level":"info","event":"","logger":"task.stdout"}
{"timestamp":"2026-01-04T23:48:47.777103Z","level":"info","event":"Total download size: 109 M","logger":"task.stdout"}
{"timestamp":"2026-01-04T23:48:47.777135Z","level":"info","event":"Downloading Packages:","logger":"task.stdout"}
{"timestamp":"2026-01-04T23:48:47.777166Z","level":"info","event":"(1/4): percona-server-mongodb-7.0.24-13.el9.x86  20 kB/s | 8.2 kB     00:00","logger":"task.stdout"}
{"timestamp":"2026-01-04T23:48:47.777198Z","level":"info","event":"(2/4): percona-server-mongodb-mongos-7.0.24-13. 5.2 MB/s |  23 MB     00:04","logger":"task.stdout"}
{"timestamp":"2026-01-04T23:48:47.777228Z","level":"info","event":"(3/4): percona-server-mongodb-tools-7.0.24-13.e 6.4 MB/s |  32 MB     00:04","logger":"task.stdout"}
{"timestamp":"2026-01-04T23:48:47.777259Z","level":"info","event":"(4/4): percona-server-mongodb-server-7.0.24-13. 6.8 MB/s |  54 MB     00:07","logger":"task.stdout"}
{"timestamp":"2026-01-04T23:48:47.777289Z","level":"info","event":"--------------------------------------------------------------------------------","logger":"task.stdout"}
{"timestamp":"2026-01-04T23:48:47.777325Z","level":"info","event":"Total                                            14 MB/s | 109 MB     00:07","logger":"task.stdout"}
{"timestamp":"2026-01-04T23:48:47.777369Z","level":"info","event":"Running transaction check","logger":"task.stdout"}
{"timestamp":"2026-01-04T23:48:47.777404Z","level":"info","event":"Transaction check succeeded.","logger":"task.stdout"}
{"timestamp":"2026-01-04T23:48:47.777436Z","level":"info","event":"Running transaction test","logger":"task.stdout"}
{"timestamp":"2026-01-04T23:48:47.777469Z","level":"info","event":"Transaction test succeeded.","logger":"task.stdout"}
{"timestamp":"2026-01-04T23:48:47.777500Z","level":"info","event":"Running transaction","logger":"task.stdout"}
{"timestamp":"2026-01-04T23:48:47.777530Z","level":"info","event":"  Preparing        :                                                        1/1","logger":"task.stdout"}
{"timestamp":"2026-01-04T23:48:47.777561Z","level":"info","event":"  Downgrading      : percona-server-mongodb-tools-7.0.24-13.el9.x86_64      1/8","logger":"task.stdout"}
{"timestamp":"2026-01-04T23:48:47.777592Z","level":"info","event":"  Running scriptlet: percona-server-mongodb-server-7.0.24-13.el9.x86_64     2/8","logger":"task.stdout"}
{"timestamp":"2026-01-04T23:48:47.777623Z","level":"info","event":"  Downgrading      : percona-server-mongodb-server-7.0.24-13.el9.x86_64     2/8","logger":"task.stdout"}
{"timestamp":"2026-01-04T23:48:47.777654Z","level":"info","event":"  Running scriptlet: percona-server-mongodb-server-7.0.24-13.el9.x86_64     2/8","logger":"task.stdout"}
{"timestamp":"2026-01-04T23:48:47.777691Z","level":"info","event":" * To start the service, configure your engine and start mongod","logger":"task.stdout"}
{"timestamp":"2026-01-04T23:48:47.777724Z","level":"info","event":"","logger":"task.stdout"}
{"timestamp":"2026-01-04T23:48:47.777756Z","level":"info","event":"  Running scriptlet: percona-server-mongodb-mongos-7.0.24-13.el9.x86_64     3/8","logger":"task.stdout"}
{"timestamp":"2026-01-04T23:48:47.777789Z","level":"info","event":"  Downgrading      : percona-server-mongodb-mongos-7.0.24-13.el9.x86_64     3/8","logger":"task.stdout"}
{"timestamp":"2026-01-04T23:48:47.777821Z","level":"info","event":"  Running scriptlet: percona-server-mongodb-mongos-7.0.24-13.el9.x86_64     3/8","logger":"task.stdout"}
{"timestamp":"2026-01-04T23:48:47.777852Z","level":"info","event":"  Downgrading      : percona-server-mongodb-7.0.24-13.el9.x86_64            4/8","logger":"task.stdout"}
{"timestamp":"2026-01-04T23:48:47.777883Z","level":"info","event":"  Cleanup          : percona-server-mongodb-7.0.26-14.el9.x86_64            5/8","logger":"task.stdout"}
{"timestamp":"2026-01-04T23:48:47.777914Z","level":"info","event":"  Cleanup          : percona-server-mongodb-mongos-7.0.26-14.el9.x86_64     6/8","logger":"task.stdout"}
{"timestamp":"2026-01-04T23:48:47.777944Z","level":"info","event":"  Running scriptlet: percona-server-mongodb-mongos-7.0.26-14.el9.x86_64     6/8","logger":"task.stdout"}
{"timestamp":"2026-01-04T23:48:47.777974Z","level":"info","event":"  Running scriptlet: percona-server-mongodb-server-7.0.26-14.el9.x86_64     7/8","logger":"task.stdout"}
{"timestamp":"2026-01-04T23:48:47.778004Z","level":"info","event":"  Cleanup          : percona-server-mongodb-server-7.0.26-14.el9.x86_64     7/8","logger":"task.stdout"}
{"timestamp":"2026-01-04T23:48:47.778034Z","level":"info","event":"  Running scriptlet: percona-server-mongodb-server-7.0.26-14.el9.x86_64     7/8","logger":"task.stdout"}
{"timestamp":"2026-01-04T23:48:47.778070Z","level":"info","event":"  Cleanup          : percona-server-mongodb-tools-7.0.26-14.el9.x86_64      8/8","logger":"task.stdout"}
{"timestamp":"2026-01-04T23:48:47.778105Z","level":"info","event":"  Running scriptlet: percona-server-mongodb-tools-7.0.26-14.el9.x86_64      8/8","logger":"task.stdout"}
{"timestamp":"2026-01-04T23:48:47.778138Z","level":"info","event":"  Verifying        : percona-server-mongodb-7.0.24-13.el9.x86_64            1/8","logger":"task.stdout"}
{"timestamp":"2026-01-04T23:48:47.778170Z","level":"info","event":"  Verifying        : percona-server-mongodb-7.0.26-14.el9.x86_64            2/8","logger":"task.stdout"}
{"timestamp":"2026-01-04T23:48:47.778201Z","level":"info","event":"  Verifying        : percona-server-mongodb-mongos-7.0.24-13.el9.x86_64     3/8","logger":"task.stdout"}
{"timestamp":"2026-01-04T23:48:47.778232Z","level":"info","event":"  Verifying        : percona-server-mongodb-mongos-7.0.26-14.el9.x86_64     4/8","logger":"task.stdout"}
{"timestamp":"2026-01-04T23:48:47.778263Z","level":"info","event":"  Verifying        : percona-server-mongodb-server-7.0.24-13.el9.x86_64     5/8","logger":"task.stdout"}
{"timestamp":"2026-01-04T23:48:47.778316Z","level":"info","event":"  Verifying        : percona-server-mongodb-server-7.0.26-14.el9.x86_64     6/8","logger":"task.stdout"}
{"timestamp":"2026-01-04T23:48:47.778378Z","level":"info","event":"  Verifying        : percona-server-mongodb-tools-7.0.24-13.el9.x86_64      7/8","logger":"task.stdout"}
{"timestamp":"2026-01-04T23:48:47.778435Z","level":"info","event":"  Verifying        : percona-server-mongodb-tools-7.0.26-14.el9.x86_64      8/8","logger":"task.stdout"}
{"timestamp":"2026-01-04T23:48:47.778490Z","level":"info","event":"","logger":"task.stdout"}
{"timestamp":"2026-01-04T23:48:47.778543Z","level":"info","event":"Downgraded:","logger":"task.stdout"}
{"timestamp":"2026-01-04T23:48:47.778600Z","level":"info","event":"  percona-server-mongodb-7.0.24-13.el9.x86_64","logger":"task.stdout"}
{"timestamp":"2026-01-04T23:48:47.778656Z","level":"info","event":"  percona-server-mongodb-mongos-7.0.24-13.el9.x86_64","logger":"task.stdout"}
{"timestamp":"2026-01-04T23:48:47.778775Z","level":"info","event":"  percona-server-mongodb-server-7.0.24-13.el9.x86_64","logger":"task.stdout"}
{"timestamp":"2026-01-04T23:48:47.778822Z","level":"info","event":"  percona-server-mongodb-tools-7.0.24-13.el9.x86_64","logger":"task.stdout"}
{"timestamp":"2026-01-04T23:48:47.778858Z","level":"info","event":"","logger":"task.stdout"}
{"timestamp":"2026-01-04T23:48:47.778893Z","level":"info","event":"Complete!","logger":"task.stdout"}
{"timestamp":"2026-01-04T23:48:47.778925Z","level":"info","event":"Starting MongoDB...","logger":"task.stdout"}
{"timestamp":"2026-01-04T23:48:47.778957Z","level":"info","event":"Waiting for health check...","logger":"task.stdout"}
{"timestamp":"2026-01-04T23:48:47.778989Z","level":"info","event":"MongoDB is up!","logger":"task.stdout"}
{"timestamp":"2026-01-04T23:48:47.779020Z","level":"info","event":"","logger":"task.stdout"}
{"timestamp":"2026-01-04T23:48:47.779059Z","level":"info","event":"Waiting for db-1 to rejoin as SECONDARY...","logger":"task.stdout"}
{"timestamp":"2026-01-04T23:48:47.782080Z","level":"info","event":"Current state of db-1: (not reachable/healthy)","logger":"task.stdout"}
{"timestamp":"2026-01-04T23:48:57.793010Z","level":"info","event":"Current state of db-1: SECONDARY","logger":"task.stdout"}
{"timestamp":"2026-01-04T23:48:57.793170Z","level":"info","event":"db-1 is healthy and caught up.","logger":"task.stdout"}
{"timestamp":"2026-01-04T23:48:57.793232Z","level":"info","event":"Starting downgrade for secondary: db-2","logger":"task.stdout"}
{"timestamp":"2026-01-04T23:48:57.846299Z","level":"warning","event":"No Host Key Verification. This won't protect against Man-In-The-Middle attacks","logger":"airflow.task.hooks.airflow.providers.ssh.hooks.ssh.SSHHook","filename":"ssh.py","lineno":297}
{"timestamp":"2026-01-04T23:48:57.857075Z","level":"info","event":"Connected (version 2.0, client OpenSSH_8.7)","logger":"paramiko.transport","filename":"transport.py","lineno":1944}
{"timestamp":"2026-01-04T23:48:57.916676Z","level":"info","event":"Authentication (publickey) successful!","logger":"paramiko.transport","filename":"transport.py","lineno":1944}
{"timestamp":"2026-01-04T23:49:45.575953Z","level":"info","event":"Downgrade output for db-2:","logger":"task.stdout"}
{"timestamp":"2026-01-04T23:49:45.576179Z","level":"info","event":"Starting Rollback on db-2...","logger":"task.stdout"}
{"timestamp":"2026-01-04T23:49:45.576244Z","level":"info","event":"Detected OS: rocky","logger":"task.stdout"}
{"timestamp":"2026-01-04T23:49:45.576290Z","level":"info","event":"Stopping MongoDB...","logger":"task.stdout"}
{"timestamp":"2026-01-04T23:49:45.576349Z","level":"info","event":"Running RHEL/Rocky downgrade path...","logger":"task.stdout"}
{"timestamp":"2026-01-04T23:49:45.576411Z","level":"info","event":"Switching Repositories...","logger":"task.stdout"}
{"timestamp":"2026-01-04T23:49:45.576485Z","level":"info","event":"<*> All done!","logger":"task.stdout"}
{"timestamp":"2026-01-04T23:49:45.576555Z","level":"info","event":"* Enabling the Percona Server for MongoDB 7.0 repository","logger":"task.stdout"}
{"timestamp":"2026-01-04T23:49:45.576630Z","level":"info","event":"<*> All done!","logger":"task.stdout"}
{"timestamp":"2026-01-04T23:49:45.576709Z","level":"info","event":"Downgrading to Percona Server for MongoDB 7.0...","logger":"task.stdout"}
{"timestamp":"2026-01-04T23:49:45.576771Z","level":"info","event":"Percona Server for MongoDB 7.0 release/x86_64 Y 3.7 kB/s | 1.5 kB     00:00","logger":"task.stdout"}
{"timestamp":"2026-01-04T23:49:45.576812Z","level":"info","event":"Dependencies resolved.","logger":"task.stdout"}
{"timestamp":"2026-01-04T23:49:45.576873Z","level":"info","event":"================================================================================","logger":"task.stdout"}
{"timestamp":"2026-01-04T23:49:45.576942Z","level":"info","event":" Package                     Arch   Version       Repository               Size","logger":"task.stdout"}
{"timestamp":"2026-01-04T23:49:45.577018Z","level":"info","event":"================================================================================","logger":"task.stdout"}
{"timestamp":"2026-01-04T23:49:45.577085Z","level":"info","event":"Downgrading:","logger":"task.stdout"}
{"timestamp":"2026-01-04T23:49:45.577137Z","level":"info","event":" percona-server-mongodb      x86_64 7.0.24-13.el9 psmdb-70-release-x86_64 8.2 k","logger":"task.stdout"}
{"timestamp":"2026-01-04T23:49:45.577190Z","level":"info","event":" percona-server-mongodb-mongos","logger":"task.stdout"}
{"timestamp":"2026-01-04T23:49:45.577249Z","level":"info","event":"                             x86_64 7.0.24-13.el9 psmdb-70-release-x86_64  23 M","logger":"task.stdout"}
{"timestamp":"2026-01-04T23:49:45.577298Z","level":"info","event":" percona-server-mongodb-server","logger":"task.stdout"}
{"timestamp":"2026-01-04T23:49:45.577355Z","level":"info","event":"                             x86_64 7.0.24-13.el9 psmdb-70-release-x86_64  54 M","logger":"task.stdout"}
{"timestamp":"2026-01-04T23:49:45.577400Z","level":"info","event":" percona-server-mongodb-tools","logger":"task.stdout"}
{"timestamp":"2026-01-04T23:49:45.577432Z","level":"info","event":"                             x86_64 7.0.24-13.el9 psmdb-70-release-x86_64  32 M","logger":"task.stdout"}
{"timestamp":"2026-01-04T23:49:45.577462Z","level":"info","event":"","logger":"task.stdout"}
{"timestamp":"2026-01-04T23:49:45.577494Z","level":"info","event":"Transaction Summary","logger":"task.stdout"}
{"timestamp":"2026-01-04T23:49:45.577527Z","level":"info","event":"================================================================================","logger":"task.stdout"}
{"timestamp":"2026-01-04T23:49:45.577558Z","level":"info","event":"Downgrade  4 Packages","logger":"task.stdout"}
{"timestamp":"2026-01-04T23:49:45.577589Z","level":"info","event":"","logger":"task.stdout"}
{"timestamp":"2026-01-04T23:49:45.577619Z","level":"info","event":"Total download size: 109 M","logger":"task.stdout"}
{"timestamp":"2026-01-04T23:49:45.577649Z","level":"info","event":"Downloading Packages:","logger":"task.stdout"}
{"timestamp":"2026-01-04T23:49:45.577687Z","level":"info","event":"(1/4): percona-server-mongodb-7.0.24-13.el9.x86  20 kB/s | 8.2 kB     00:00","logger":"task.stdout"}
{"timestamp":"2026-01-04T23:49:45.577731Z","level":"info","event":"(2/4): percona-server-mongodb-mongos-7.0.24-13. 4.9 MB/s |  23 MB     00:04","logger":"task.stdout"}
{"timestamp":"2026-01-04T23:49:45.577762Z","level":"info","event":"(3/4): percona-server-mongodb-tools-7.0.24-13.e 6.0 MB/s |  32 MB     00:05","logger":"task.stdout"}
{"timestamp":"2026-01-04T23:49:45.577794Z","level":"info","event":"(4/4): percona-server-mongodb-server-7.0.24-13. 6.5 MB/s |  54 MB     00:08","logger":"task.stdout"}
{"timestamp":"2026-01-04T23:49:45.577824Z","level":"info","event":"--------------------------------------------------------------------------------","logger":"task.stdout"}
{"timestamp":"2026-01-04T23:49:45.577855Z","level":"info","event":"Total                                            13 MB/s | 109 MB     00:08","logger":"task.stdout"}
{"timestamp":"2026-01-04T23:49:45.577888Z","level":"info","event":"Running transaction check","logger":"task.stdout"}
{"timestamp":"2026-01-04T23:49:45.577919Z","level":"info","event":"Transaction check succeeded.","logger":"task.stdout"}
{"timestamp":"2026-01-04T23:49:45.577949Z","level":"info","event":"Running transaction test","logger":"task.stdout"}
{"timestamp":"2026-01-04T23:49:45.577987Z","level":"info","event":"Transaction test succeeded.","logger":"task.stdout"}
{"timestamp":"2026-01-04T23:49:45.578022Z","level":"info","event":"Running transaction","logger":"task.stdout"}
{"timestamp":"2026-01-04T23:49:45.578052Z","level":"info","event":"  Preparing        :                                                        1/1","logger":"task.stdout"}
{"timestamp":"2026-01-04T23:49:45.578082Z","level":"info","event":"  Downgrading      : percona-server-mongodb-tools-7.0.24-13.el9.x86_64      1/8","logger":"task.stdout"}
{"timestamp":"2026-01-04T23:49:45.578117Z","level":"info","event":"  Running scriptlet: percona-server-mongodb-server-7.0.24-13.el9.x86_64     2/8","logger":"task.stdout"}
{"timestamp":"2026-01-04T23:49:45.578148Z","level":"info","event":"  Downgrading      : percona-server-mongodb-server-7.0.24-13.el9.x86_64     2/8","logger":"task.stdout"}
{"timestamp":"2026-01-04T23:49:45.578177Z","level":"info","event":"  Running scriptlet: percona-server-mongodb-server-7.0.24-13.el9.x86_64     2/8","logger":"task.stdout"}
{"timestamp":"2026-01-04T23:49:45.578206Z","level":"info","event":" * To start the service, configure your engine and start mongod","logger":"task.stdout"}
{"timestamp":"2026-01-04T23:49:45.578236Z","level":"info","event":"","logger":"task.stdout"}
{"timestamp":"2026-01-04T23:49:45.578264Z","level":"info","event":"  Running scriptlet: percona-server-mongodb-mongos-7.0.24-13.el9.x86_64     3/8","logger":"task.stdout"}
{"timestamp":"2026-01-04T23:49:45.578293Z","level":"info","event":"  Downgrading      : percona-server-mongodb-mongos-7.0.24-13.el9.x86_64     3/8","logger":"task.stdout"}
{"timestamp":"2026-01-04T23:49:45.578327Z","level":"info","event":"  Running scriptlet: percona-server-mongodb-mongos-7.0.24-13.el9.x86_64     3/8","logger":"task.stdout"}
{"timestamp":"2026-01-04T23:49:45.578361Z","level":"info","event":"  Downgrading      : percona-server-mongodb-7.0.24-13.el9.x86_64            4/8","logger":"task.stdout"}
{"timestamp":"2026-01-04T23:49:45.578391Z","level":"info","event":"  Cleanup          : percona-server-mongodb-7.0.26-14.el9.x86_64            5/8","logger":"task.stdout"}
{"timestamp":"2026-01-04T23:49:45.578421Z","level":"info","event":"  Cleanup          : percona-server-mongodb-mongos-7.0.26-14.el9.x86_64     6/8","logger":"task.stdout"}
{"timestamp":"2026-01-04T23:49:45.578449Z","level":"info","event":"  Running scriptlet: percona-server-mongodb-mongos-7.0.26-14.el9.x86_64     6/8","logger":"task.stdout"}
{"timestamp":"2026-01-04T23:49:45.578477Z","level":"info","event":"  Running scriptlet: percona-server-mongodb-server-7.0.26-14.el9.x86_64     7/8","logger":"task.stdout"}
{"timestamp":"2026-01-04T23:49:45.578505Z","level":"info","event":"  Cleanup          : percona-server-mongodb-server-7.0.26-14.el9.x86_64     7/8","logger":"task.stdout"}
{"timestamp":"2026-01-04T23:49:45.578534Z","level":"info","event":"  Running scriptlet: percona-server-mongodb-server-7.0.26-14.el9.x86_64     7/8","logger":"task.stdout"}
{"timestamp":"2026-01-04T23:49:45.578562Z","level":"info","event":"  Cleanup          : percona-server-mongodb-tools-7.0.26-14.el9.x86_64      8/8","logger":"task.stdout"}
{"timestamp":"2026-01-04T23:49:45.578590Z","level":"info","event":"  Running scriptlet: percona-server-mongodb-tools-7.0.26-14.el9.x86_64      8/8","logger":"task.stdout"}
{"timestamp":"2026-01-04T23:49:45.578617Z","level":"info","event":"  Verifying        : percona-server-mongodb-7.0.24-13.el9.x86_64            1/8","logger":"task.stdout"}
{"timestamp":"2026-01-04T23:49:45.578645Z","level":"info","event":"  Verifying        : percona-server-mongodb-7.0.26-14.el9.x86_64            2/8","logger":"task.stdout"}
{"timestamp":"2026-01-04T23:49:45.578675Z","level":"info","event":"  Verifying        : percona-server-mongodb-mongos-7.0.24-13.el9.x86_64     3/8","logger":"task.stdout"}
{"timestamp":"2026-01-04T23:49:45.578719Z","level":"info","event":"  Verifying        : percona-server-mongodb-mongos-7.0.26-14.el9.x86_64     4/8","logger":"task.stdout"}
{"timestamp":"2026-01-04T23:49:45.578750Z","level":"info","event":"  Verifying        : percona-server-mongodb-server-7.0.24-13.el9.x86_64     5/8","logger":"task.stdout"}
{"timestamp":"2026-01-04T23:49:45.578779Z","level":"info","event":"  Verifying        : percona-server-mongodb-server-7.0.26-14.el9.x86_64     6/8","logger":"task.stdout"}
{"timestamp":"2026-01-04T23:49:45.578808Z","level":"info","event":"  Verifying        : percona-server-mongodb-tools-7.0.24-13.el9.x86_64      7/8","logger":"task.stdout"}
{"timestamp":"2026-01-04T23:49:45.578837Z","level":"info","event":"  Verifying        : percona-server-mongodb-tools-7.0.26-14.el9.x86_64      8/8","logger":"task.stdout"}
{"timestamp":"2026-01-04T23:49:45.578868Z","level":"info","event":"","logger":"task.stdout"}
{"timestamp":"2026-01-04T23:49:45.578898Z","level":"info","event":"Downgraded:","logger":"task.stdout"}
{"timestamp":"2026-01-04T23:49:45.578926Z","level":"info","event":"  percona-server-mongodb-7.0.24-13.el9.x86_64","logger":"task.stdout"}
{"timestamp":"2026-01-04T23:49:45.578955Z","level":"info","event":"  percona-server-mongodb-mongos-7.0.24-13.el9.x86_64","logger":"task.stdout"}
{"timestamp":"2026-01-04T23:49:45.579033Z","level":"info","event":"  percona-server-mongodb-server-7.0.24-13.el9.x86_64","logger":"task.stdout"}
{"timestamp":"2026-01-04T23:49:45.579072Z","level":"info","event":"  percona-server-mongodb-tools-7.0.24-13.el9.x86_64","logger":"task.stdout"}
{"timestamp":"2026-01-04T23:49:45.579104Z","level":"info","event":"","logger":"task.stdout"}
{"timestamp":"2026-01-04T23:49:45.579134Z","level":"info","event":"Complete!","logger":"task.stdout"}
{"timestamp":"2026-01-04T23:49:45.579164Z","level":"info","event":"Starting MongoDB...","logger":"task.stdout"}
{"timestamp":"2026-01-04T23:49:45.579195Z","level":"info","event":"Waiting for health check...","logger":"task.stdout"}
{"timestamp":"2026-01-04T23:49:45.579225Z","level":"info","event":"MongoDB is up!","logger":"task.stdout"}
{"timestamp":"2026-01-04T23:49:45.579256Z","level":"info","event":"","logger":"task.stdout"}
{"timestamp":"2026-01-04T23:49:45.579284Z","level":"info","event":"Waiting for db-2 to rejoin as SECONDARY...","logger":"task.stdout"}
{"timestamp":"2026-01-04T23:49:45.579313Z","level":"info","event":"Current state of db-2: (not reachable/healthy)","logger":"task.stdout"}
{"timestamp":"2026-01-04T23:49:55.587239Z","level":"info","event":"Current state of db-2: SECONDARY","logger":"task.stdout"}
{"timestamp":"2026-01-04T23:49:55.587408Z","level":"info","event":"db-2 is healthy and caught up.","logger":"task.stdout"}
{"timestamp":"2026-01-04T23:49:55.587432Z","level":"info","event":"Done. Returned value was: None","logger":"airflow.task.operators.airflow.providers.standard.decorators.python._PythonDecoratedOperator","filename":"python.py","lineno":215}
{"timestamp":"2026-01-04T23:49:55.609767Z","level":"info","event":"Task instance in success state","logger":"task.stdout"}
{"timestamp":"2026-01-04T23:49:55.609882Z","level":"info","event":" Previous state of the Task instance: TaskInstanceState.RUNNING","logger":"task.stdout"}
{"timestamp":"2026-01-04T23:49:55.610034Z","level":"info","event":"Task operator:<Task(_PythonDecoratedOperator): downgrade_secondaries_sequentially>","logger":"task.stdout"}
