{"timestamp":"2025-12-14T23:22:48.258758Z","level":"info","event":"DAG bundles loaded: dags-folder, example_dags","logger":"airflow.dag_processing.bundles.manager.DagBundlesManager","filename":"manager.py","lineno":179}
{"timestamp":"2025-12-14T23:22:48.259297Z","level":"info","event":"Filling up the DagBag from /repos/labs/airflow/dags/mongodb_rs_upgrade.py","logger":"airflow.models.dagbag.DagBag","filename":"dagbag.py","lineno":593}
{"timestamp":"2025-12-14T23:22:48.392343Z","level":"info","event":"Task instance is in running state","logger":"task.stdout"}
{"timestamp":"2025-12-14T23:22:48.392465Z","level":"info","event":" Previous state of the Task instance: TaskInstanceState.QUEUED","logger":"task.stdout"}
{"timestamp":"2025-12-14T23:22:48.392568Z","level":"info","event":"Current task name:upgrade_former_primary","logger":"task.stdout"}
{"timestamp":"2025-12-14T23:22:48.392624Z","level":"info","event":"Dag name:mongodb_rs_upgrade_v7_to_v8","logger":"task.stdout"}
{"timestamp":"2025-12-14T23:22:48.392750Z","level":"info","event":"ssh_hook is not provided or invalid. Trying ssh_conn_id to create SSHHook.","logger":"airflow.task.operators.airflow.providers.ssh.operators.ssh.SSHOperator","filename":"ssh.py","lineno":126}
{"timestamp":"2025-12-14T23:22:48.392821Z","level":"info","event":"remote_host is provided explicitly. It will replace the remote_host which was defined in ssh_hook or predefined in connection of ssh_conn_id.","logger":"airflow.task.operators.airflow.providers.ssh.operators.ssh.SSHOperator","filename":"ssh.py","lineno":128}
{"timestamp":"2025-12-14T23:22:48.433134Z","level":"warning","event":"No Host Key Verification. This won't protect against Man-In-The-Middle attacks","logger":"airflow.task.hooks.airflow.providers.ssh.hooks.ssh.SSHHook","filename":"ssh.py","lineno":297}
{"timestamp":"2025-12-14T23:22:48.443588Z","level":"info","event":"Connected (version 2.0, client OpenSSH_8.7)","logger":"paramiko.transport","filename":"transport.py","lineno":1944}
{"timestamp":"2025-12-14T23:22:48.504460Z","level":"info","event":"Authentication (publickey) successful!","logger":"paramiko.transport","filename":"transport.py","lineno":1944}
{"timestamp":"2025-12-14T23:22:48.505112Z","level":"info","event":"Running command: \n    echo \"Starting Upgrade on $(hostname)...\"\n    \n    # OS Detection\n    if [ -f /etc/os-release ]; then\n        . /etc/os-release\n        OS=$ID\n    else\n        echo \"Cannot detect OS, assuming Debian-based...\"\n        OS=debian\n    fi\n\n    echo \"Detected OS: $OS\"\n\n    echo \"Stopping MongoDB...\"\n    # Universal service stop (systemd)\n    if command -v systemctl &> /dev/null; then\n        sudo systemctl stop mongod\n    else\n        sudo service mongod stop\n    fi\n    \n    if [[ \"$OS\" == \"debian\" || \"$OS\" == \"ubuntu\" ]]; then\n        echo \"Running Debian/Ubuntu upgrade path...\"\n        export DEBIAN_FRONTEND=noninteractive\n        \n        echo \"Updating Repositories...\"\n        sudo percona-release enable psmdb-80 release \n        sudo apt-get update\n        \n        echo \"Installing Percona Server for MongoDB 8.0...\"\n        sudo apt-get install -y percona-server-mongodb\n        \n    elif [[ \"$OS\" == \"rhel\" || \"$OS\" == \"rocky\" || \"$OS\" == \"centos\" || \"$OS\" == \"almalinux\" ]]; then\n        echo \"Running RHEL/Rocky upgrade path...\"\n        \n        echo \"Installing Percona Server for MongoDB 8.0...\"\n        # Simply install/update the package. DNF handles dependencies.\n        # Ensure the repo is enabled beforehand or enable specific module if needed.\n        sudo percona-release enable psmdb-80 release\n        sudo dnf install -y percona-server-mongodb\n        \n    else\n        echo \"Unsupported OS: $OS\"\n        exit 1\n    fi\n    \n    echo \"Starting MongoDB...\"\n    if command -v systemctl &> /dev/null; then\n        sudo systemctl start mongod\n    else\n        sudo service mongod start\n    fi\n    \n    echo \"Waiting for health check...\"\n    # Simple check loop\n    for i in {1..30}; do\n        if nc -z localhost 27017; then\n            echo \"MongoDB is up!\"\n            exit 0\n        fi\n        sleep 2\n    done\n    echo \"MongoDB failed to start!\"\n    exit 1\n    ","logger":"airflow.task.hooks.airflow.providers.ssh.hooks.ssh.SSHHook","filename":"ssh.py","lineno":448}
{"timestamp":"2025-12-14T23:22:48.702958Z","level":"info","event":"Starting Upgrade on db-1...","logger":"airflow.task.hooks.airflow.providers.ssh.hooks.ssh.SSHHook","filename":"ssh.py","lineno":494}
{"timestamp":"2025-12-14T23:22:48.703165Z","level":"info","event":"Detected OS: rocky","logger":"airflow.task.hooks.airflow.providers.ssh.hooks.ssh.SSHHook","filename":"ssh.py","lineno":494}
{"timestamp":"2025-12-14T23:22:48.703207Z","level":"info","event":"Stopping MongoDB...","logger":"airflow.task.hooks.airflow.providers.ssh.hooks.ssh.SSHHook","filename":"ssh.py","lineno":494}
{"timestamp":"2025-12-14T23:23:03.861310Z","level":"info","event":"Running RHEL/Rocky upgrade path...","logger":"airflow.task.hooks.airflow.providers.ssh.hooks.ssh.SSHHook","filename":"ssh.py","lineno":494}
{"timestamp":"2025-12-14T23:23:03.861430Z","level":"info","event":"Installing Percona Server for MongoDB 8.0...","logger":"airflow.task.hooks.airflow.providers.ssh.hooks.ssh.SSHHook","filename":"ssh.py","lineno":494}
{"timestamp":"2025-12-14T23:23:05.339685Z","level":"info","event":"* Enabling the Percona Server for MongoDB 8.0 repository","logger":"airflow.task.hooks.airflow.providers.ssh.hooks.ssh.SSHHook","filename":"ssh.py","lineno":494}
{"timestamp":"2025-12-14T23:23:05.349062Z","level":"info","event":"<*> All done!","logger":"airflow.task.hooks.airflow.providers.ssh.hooks.ssh.SSHHook","filename":"ssh.py","lineno":494}
{"timestamp":"2025-12-14T23:23:06.387693Z","level":"info","event":"Percona Server for MongoDB 8.0 release/x86_64 Y  20 kB/s |  16 kB     00:00    ","logger":"airflow.task.hooks.airflow.providers.ssh.hooks.ssh.SSHHook","filename":"ssh.py","lineno":494}
{"timestamp":"2025-12-14T23:23:06.586411Z","level":"info","event":"Package percona-server-mongodb-7.0.26-14.el9.x86_64 is already installed.","logger":"airflow.task.hooks.airflow.providers.ssh.hooks.ssh.SSHHook","filename":"ssh.py","lineno":494}
{"timestamp":"2025-12-14T23:23:06.596181Z","level":"info","event":"Dependencies resolved.","logger":"airflow.task.hooks.airflow.providers.ssh.hooks.ssh.SSHHook","filename":"ssh.py","lineno":494}
{"timestamp":"2025-12-14T23:23:06.596771Z","level":"info","event":"================================================================================","logger":"airflow.task.hooks.airflow.providers.ssh.hooks.ssh.SSHHook","filename":"ssh.py","lineno":494}
{"timestamp":"2025-12-14T23:23:06.596835Z","level":"info","event":" Package                      Arch   Version      Repository               Size","logger":"airflow.task.hooks.airflow.providers.ssh.hooks.ssh.SSHHook","filename":"ssh.py","lineno":494}
{"timestamp":"2025-12-14T23:23:06.596871Z","level":"info","event":"================================================================================","logger":"airflow.task.hooks.airflow.providers.ssh.hooks.ssh.SSHHook","filename":"ssh.py","lineno":494}
{"timestamp":"2025-12-14T23:23:06.596901Z","level":"info","event":"Upgrading:","logger":"airflow.task.hooks.airflow.providers.ssh.hooks.ssh.SSHHook","filename":"ssh.py","lineno":494}
{"timestamp":"2025-12-14T23:23:06.596932Z","level":"info","event":" percona-server-mongodb       x86_64 8.0.16-5.el9 psmdb-80-release-x86_64 8.2 k","logger":"airflow.task.hooks.airflow.providers.ssh.hooks.ssh.SSHHook","filename":"ssh.py","lineno":494}
{"timestamp":"2025-12-14T23:23:06.596961Z","level":"info","event":" percona-server-mongodb-mongos","logger":"airflow.task.hooks.airflow.providers.ssh.hooks.ssh.SSHHook","filename":"ssh.py","lineno":494}
{"timestamp":"2025-12-14T23:23:06.596989Z","level":"info","event":"                              x86_64 8.0.16-5.el9 psmdb-80-release-x86_64  31 M","logger":"airflow.task.hooks.airflow.providers.ssh.hooks.ssh.SSHHook","filename":"ssh.py","lineno":494}
{"timestamp":"2025-12-14T23:23:06.597016Z","level":"info","event":" percona-server-mongodb-server","logger":"airflow.task.hooks.airflow.providers.ssh.hooks.ssh.SSHHook","filename":"ssh.py","lineno":494}
{"timestamp":"2025-12-14T23:23:06.597061Z","level":"info","event":"                              x86_64 8.0.16-5.el9 psmdb-80-release-x86_64  66 M","logger":"airflow.task.hooks.airflow.providers.ssh.hooks.ssh.SSHHook","filename":"ssh.py","lineno":494}
{"timestamp":"2025-12-14T23:23:06.597094Z","level":"info","event":" percona-server-mongodb-tools x86_64 8.0.16-5.el9 psmdb-80-release-x86_64  32 M","logger":"airflow.task.hooks.airflow.providers.ssh.hooks.ssh.SSHHook","filename":"ssh.py","lineno":494}
{"timestamp":"2025-12-14T23:23:06.597199Z","level":"info","event":"","logger":"airflow.task.hooks.airflow.providers.ssh.hooks.ssh.SSHHook","filename":"ssh.py","lineno":494}
{"timestamp":"2025-12-14T23:23:06.597232Z","level":"info","event":"Transaction Summary","logger":"airflow.task.hooks.airflow.providers.ssh.hooks.ssh.SSHHook","filename":"ssh.py","lineno":494}
{"timestamp":"2025-12-14T23:23:06.597301Z","level":"info","event":"================================================================================","logger":"airflow.task.hooks.airflow.providers.ssh.hooks.ssh.SSHHook","filename":"ssh.py","lineno":494}
{"timestamp":"2025-12-14T23:23:06.597330Z","level":"info","event":"Upgrade  4 Packages","logger":"airflow.task.hooks.airflow.providers.ssh.hooks.ssh.SSHHook","filename":"ssh.py","lineno":494}
{"timestamp":"2025-12-14T23:23:06.597378Z","level":"info","event":"Total download size: 129 M","logger":"airflow.task.hooks.airflow.providers.ssh.hooks.ssh.SSHHook","filename":"ssh.py","lineno":494}
{"timestamp":"2025-12-14T23:23:06.597407Z","level":"info","event":"Downloading Packages:","logger":"airflow.task.hooks.airflow.providers.ssh.hooks.ssh.SSHHook","filename":"ssh.py","lineno":494}
{"timestamp":"2025-12-14T23:23:08.016862Z","level":"info","event":"(1/4): percona-server-mongodb-8.0.16-5.el9.x86_ 5.8 kB/s | 8.2 kB     00:01    ","logger":"airflow.task.hooks.airflow.providers.ssh.hooks.ssh.SSHHook","filename":"ssh.py","lineno":494}
{"timestamp":"2025-12-14T23:23:12.849272Z","level":"info","event":"(2/4): percona-server-mongodb-tools-8.0.16-5.el 6.7 MB/s |  32 MB     00:04    ","logger":"airflow.task.hooks.airflow.providers.ssh.hooks.ssh.SSHHook","filename":"ssh.py","lineno":494}
{"timestamp":"2025-12-14T23:23:18.112595Z","level":"info","event":"(3/4): percona-server-mongodb-server-8.0.16-5.e 5.7 MB/s |  66 MB     00:11    ","logger":"airflow.task.hooks.airflow.providers.ssh.hooks.ssh.SSHHook","filename":"ssh.py","lineno":494}
{"timestamp":"2025-12-14T23:23:30.612317Z","level":"info","event":"(4/4): percona-server-mongodb-mongos-8.0.16-5.e 1.3 MB/s |  31 MB     00:24    ","logger":"airflow.task.hooks.airflow.providers.ssh.hooks.ssh.SSHHook","filename":"ssh.py","lineno":494}
{"timestamp":"2025-12-14T23:23:30.612433Z","level":"info","event":"--------------------------------------------------------------------------------","logger":"airflow.task.hooks.airflow.providers.ssh.hooks.ssh.SSHHook","filename":"ssh.py","lineno":494}
{"timestamp":"2025-12-14T23:23:30.612470Z","level":"info","event":"Total                                           5.4 MB/s | 129 MB     00:24     ","logger":"airflow.task.hooks.airflow.providers.ssh.hooks.ssh.SSHHook","filename":"ssh.py","lineno":494}
{"timestamp":"2025-12-14T23:23:30.945194Z","level":"info","event":"Running transaction check","logger":"airflow.task.hooks.airflow.providers.ssh.hooks.ssh.SSHHook","filename":"ssh.py","lineno":494}
{"timestamp":"2025-12-14T23:23:30.955471Z","level":"info","event":"Transaction check succeeded.","logger":"airflow.task.hooks.airflow.providers.ssh.hooks.ssh.SSHHook","filename":"ssh.py","lineno":494}
{"timestamp":"2025-12-14T23:23:30.955658Z","level":"info","event":"Running transaction test","logger":"airflow.task.hooks.airflow.providers.ssh.hooks.ssh.SSHHook","filename":"ssh.py","lineno":494}
{"timestamp":"2025-12-14T23:23:31.479860Z","level":"info","event":"Transaction test succeeded.","logger":"airflow.task.hooks.airflow.providers.ssh.hooks.ssh.SSHHook","filename":"ssh.py","lineno":494}
{"timestamp":"2025-12-14T23:23:31.480172Z","level":"info","event":"Running transaction","logger":"airflow.task.hooks.airflow.providers.ssh.hooks.ssh.SSHHook","filename":"ssh.py","lineno":494}
{"timestamp":"2025-12-14T23:23:32.037776Z","level":"info","event":"  Preparing        :                                                        1/1","logger":"airflow.task.hooks.airflow.providers.ssh.hooks.ssh.SSHHook","filename":"ssh.py","lineno":494}
{"timestamp":"2025-12-14T23:23:32.378161Z","level":"info","event":" ","logger":"airflow.task.hooks.airflow.providers.ssh.hooks.ssh.SSHHook","filename":"ssh.py","lineno":494}
{"timestamp":"2025-12-14T23:23:32.378304Z","level":"info","event":"  Upgrading        : percona-server-mongodb-tools-8.0.16-5.el9.x86_64       1/8","logger":"airflow.task.hooks.airflow.providers.ssh.hooks.ssh.SSHHook","filename":"ssh.py","lineno":494}
{"timestamp":"2025-12-14T23:23:32.400949Z","level":"info","event":" ","logger":"airflow.task.hooks.airflow.providers.ssh.hooks.ssh.SSHHook","filename":"ssh.py","lineno":494}
{"timestamp":"2025-12-14T23:23:32.401063Z","level":"info","event":"  Running scriptlet: percona-server-mongodb-server-8.0.16-5.el9.x86_64      2/8","logger":"airflow.task.hooks.airflow.providers.ssh.hooks.ssh.SSHHook","filename":"ssh.py","lineno":494}
{"timestamp":"2025-12-14T23:23:33.255749Z","level":"info","event":" ","logger":"airflow.task.hooks.airflow.providers.ssh.hooks.ssh.SSHHook","filename":"ssh.py","lineno":494}
{"timestamp":"2025-12-14T23:23:33.255881Z","level":"info","event":"  Upgrading        : percona-server-mongodb-server-8.0.16-5.el9.x86_64      2/8","logger":"airflow.task.hooks.airflow.providers.ssh.hooks.ssh.SSHHook","filename":"ssh.py","lineno":494}
{"timestamp":"2025-12-14T23:23:33.256040Z","level":"info","event":" ","logger":"airflow.task.hooks.airflow.providers.ssh.hooks.ssh.SSHHook","filename":"ssh.py","lineno":494}
{"timestamp":"2025-12-14T23:23:33.256084Z","level":"info","event":"warning: /etc/mongod.conf created as /etc/mongod.conf.rpmnew","logger":"airflow.task.hooks.airflow.providers.ssh.hooks.ssh.SSHHook","filename":"ssh.py","lineno":494}
{"timestamp":"2025-12-14T23:23:33.397288Z","level":"info","event":"  Running scriptlet: percona-server-mongodb-server-8.0.16-5.el9.x86_64      2/8","logger":"airflow.task.hooks.airflow.providers.ssh.hooks.ssh.SSHHook","filename":"ssh.py","lineno":494}
{"timestamp":"2025-12-14T23:23:45.050226Z","level":"info","event":" ","logger":"airflow.task.hooks.airflow.providers.ssh.hooks.ssh.SSHHook","filename":"ssh.py","lineno":494}
{"timestamp":"2025-12-14T23:23:45.050349Z","level":"info","event":" * To start the service, configure your engine and start mongod","logger":"airflow.task.hooks.airflow.providers.ssh.hooks.ssh.SSHHook","filename":"ssh.py","lineno":494}
{"timestamp":"2025-12-14T23:23:45.050391Z","level":"info","event":"** Join Percona Squad! **","logger":"airflow.task.hooks.airflow.providers.ssh.hooks.ssh.SSHHook","filename":"ssh.py","lineno":494}
{"timestamp":"2025-12-14T23:23:45.050429Z","level":"info","event":"","logger":"airflow.task.hooks.airflow.providers.ssh.hooks.ssh.SSHHook","filename":"ssh.py","lineno":494}
{"timestamp":"2025-12-14T23:23:45.050461Z","level":"info","event":"Participate in monthly SWAG raffles, get early access to new product features,","logger":"airflow.task.hooks.airflow.providers.ssh.hooks.ssh.SSHHook","filename":"ssh.py","lineno":494}
{"timestamp":"2025-12-14T23:23:45.050493Z","level":"info","event":"invite-only ”ask me anything” sessions with database performance experts.","logger":"airflow.task.hooks.airflow.providers.ssh.hooks.ssh.SSHHook","filename":"ssh.py","lineno":494}
{"timestamp":"2025-12-14T23:23:45.050525Z","level":"info","event":"","logger":"airflow.task.hooks.airflow.providers.ssh.hooks.ssh.SSHHook","filename":"ssh.py","lineno":494}
{"timestamp":"2025-12-14T23:23:45.050558Z","level":"info","event":"Interested? Fill in the form at https://squad.percona.com/mongodb","logger":"airflow.task.hooks.airflow.providers.ssh.hooks.ssh.SSHHook","filename":"ssh.py","lineno":494}
{"timestamp":"2025-12-14T23:23:45.053120Z","level":"info","event":"  Running scriptlet: percona-server-mongodb-mongos-8.0.16-5.el9.x86_64      3/8","logger":"airflow.task.hooks.airflow.providers.ssh.hooks.ssh.SSHHook","filename":"ssh.py","lineno":494}
{"timestamp":"2025-12-14T23:23:45.438227Z","level":"info","event":" ","logger":"airflow.task.hooks.airflow.providers.ssh.hooks.ssh.SSHHook","filename":"ssh.py","lineno":494}
{"timestamp":"2025-12-14T23:23:45.438365Z","level":"info","event":"  Upgrading        : percona-server-mongodb-mongos-8.0.16-5.el9.x86_64      3/8","logger":"airflow.task.hooks.airflow.providers.ssh.hooks.ssh.SSHHook","filename":"ssh.py","lineno":494}
{"timestamp":"2025-12-14T23:23:45.500302Z","level":"info","event":" ","logger":"airflow.task.hooks.airflow.providers.ssh.hooks.ssh.SSHHook","filename":"ssh.py","lineno":494}
{"timestamp":"2025-12-14T23:23:45.500406Z","level":"info","event":"  Running scriptlet: percona-server-mongodb-mongos-8.0.16-5.el9.x86_64      3/8","logger":"airflow.task.hooks.airflow.providers.ssh.hooks.ssh.SSHHook","filename":"ssh.py","lineno":494}
{"timestamp":"2025-12-14T23:23:45.509012Z","level":"info","event":" ","logger":"airflow.task.hooks.airflow.providers.ssh.hooks.ssh.SSHHook","filename":"ssh.py","lineno":494}
{"timestamp":"2025-12-14T23:23:45.509123Z","level":"info","event":"  Upgrading        : percona-server-mongodb-8.0.16-5.el9.x86_64             4/8","logger":"airflow.task.hooks.airflow.providers.ssh.hooks.ssh.SSHHook","filename":"ssh.py","lineno":494}
{"timestamp":"2025-12-14T23:23:45.513283Z","level":"info","event":" ","logger":"airflow.task.hooks.airflow.providers.ssh.hooks.ssh.SSHHook","filename":"ssh.py","lineno":494}
{"timestamp":"2025-12-14T23:23:45.513338Z","level":"info","event":"  Cleanup          : percona-server-mongodb-7.0.26-14.el9.x86_64            5/8","logger":"airflow.task.hooks.airflow.providers.ssh.hooks.ssh.SSHHook","filename":"ssh.py","lineno":494}
{"timestamp":"2025-12-14T23:23:45.518576Z","level":"info","event":" ","logger":"airflow.task.hooks.airflow.providers.ssh.hooks.ssh.SSHHook","filename":"ssh.py","lineno":494}
{"timestamp":"2025-12-14T23:23:45.518656Z","level":"info","event":"  Cleanup          : percona-server-mongodb-mongos-7.0.26-14.el9.x86_64     6/8","logger":"airflow.task.hooks.airflow.providers.ssh.hooks.ssh.SSHHook","filename":"ssh.py","lineno":494}
{"timestamp":"2025-12-14T23:23:45.518776Z","level":"info","event":" ","logger":"airflow.task.hooks.airflow.providers.ssh.hooks.ssh.SSHHook","filename":"ssh.py","lineno":494}
{"timestamp":"2025-12-14T23:23:45.518807Z","level":"info","event":"  Running scriptlet: percona-server-mongodb-mongos-7.0.26-14.el9.x86_64     6/8","logger":"airflow.task.hooks.airflow.providers.ssh.hooks.ssh.SSHHook","filename":"ssh.py","lineno":494}
{"timestamp":"2025-12-14T23:23:45.532131Z","level":"info","event":" ","logger":"airflow.task.hooks.airflow.providers.ssh.hooks.ssh.SSHHook","filename":"ssh.py","lineno":494}
{"timestamp":"2025-12-14T23:23:45.532247Z","level":"info","event":"  Running scriptlet: percona-server-mongodb-server-7.0.26-14.el9.x86_64     7/8","logger":"airflow.task.hooks.airflow.providers.ssh.hooks.ssh.SSHHook","filename":"ssh.py","lineno":494}
{"timestamp":"2025-12-14T23:23:45.538408Z","level":"info","event":" ","logger":"airflow.task.hooks.airflow.providers.ssh.hooks.ssh.SSHHook","filename":"ssh.py","lineno":494}
{"timestamp":"2025-12-14T23:23:45.538526Z","level":"info","event":"  Cleanup          : percona-server-mongodb-server-7.0.26-14.el9.x86_64     7/8 ","logger":"airflow.task.hooks.airflow.providers.ssh.hooks.ssh.SSHHook","filename":"ssh.py","lineno":494}
{"timestamp":"2025-12-14T23:23:45.538563Z","level":"info","event":"  Running scriptlet: percona-server-mongodb-server-7.0.26-14.el9.x86_64     7/8","logger":"airflow.task.hooks.airflow.providers.ssh.hooks.ssh.SSHHook","filename":"ssh.py","lineno":494}
{"timestamp":"2025-12-14T23:23:45.552977Z","level":"info","event":" ","logger":"airflow.task.hooks.airflow.providers.ssh.hooks.ssh.SSHHook","filename":"ssh.py","lineno":494}
{"timestamp":"2025-12-14T23:23:45.553077Z","level":"info","event":"  Cleanup          : percona-server-mongodb-tools-7.0.26-14.el9.x86_64      8/8","logger":"airflow.task.hooks.airflow.providers.ssh.hooks.ssh.SSHHook","filename":"ssh.py","lineno":494}
{"timestamp":"2025-12-14T23:23:45.574938Z","level":"info","event":" ","logger":"airflow.task.hooks.airflow.providers.ssh.hooks.ssh.SSHHook","filename":"ssh.py","lineno":494}
{"timestamp":"2025-12-14T23:23:45.575047Z","level":"info","event":"  Running scriptlet: percona-server-mongodb-tools-7.0.26-14.el9.x86_64      8/8","logger":"airflow.task.hooks.airflow.providers.ssh.hooks.ssh.SSHHook","filename":"ssh.py","lineno":494}
{"timestamp":"2025-12-14T23:23:45.999910Z","level":"info","event":" ","logger":"airflow.task.hooks.airflow.providers.ssh.hooks.ssh.SSHHook","filename":"ssh.py","lineno":494}
{"timestamp":"2025-12-14T23:23:46.000114Z","level":"info","event":"  Verifying        : percona-server-mongodb-8.0.16-5.el9.x86_64             1/8 ","logger":"airflow.task.hooks.airflow.providers.ssh.hooks.ssh.SSHHook","filename":"ssh.py","lineno":494}
{"timestamp":"2025-12-14T23:23:46.000187Z","level":"info","event":"  Verifying        : percona-server-mongodb-7.0.26-14.el9.x86_64            2/8","logger":"airflow.task.hooks.airflow.providers.ssh.hooks.ssh.SSHHook","filename":"ssh.py","lineno":494}
{"timestamp":"2025-12-14T23:23:46.000349Z","level":"info","event":" ","logger":"airflow.task.hooks.airflow.providers.ssh.hooks.ssh.SSHHook","filename":"ssh.py","lineno":494}
{"timestamp":"2025-12-14T23:23:46.000387Z","level":"info","event":"  Verifying        : percona-server-mongodb-mongos-8.0.16-5.el9.x86_64      3/8 ","logger":"airflow.task.hooks.airflow.providers.ssh.hooks.ssh.SSHHook","filename":"ssh.py","lineno":494}
{"timestamp":"2025-12-14T23:23:46.000415Z","level":"info","event":"  Verifying        : percona-server-mongodb-mongos-7.0.26-14.el9.x86_64     4/8 ","logger":"airflow.task.hooks.airflow.providers.ssh.hooks.ssh.SSHHook","filename":"ssh.py","lineno":494}
{"timestamp":"2025-12-14T23:23:46.000473Z","level":"info","event":"  Verifying        : percona-server-mongodb-server-8.0.16-5.el9.x86_64      5/8","logger":"airflow.task.hooks.airflow.providers.ssh.hooks.ssh.SSHHook","filename":"ssh.py","lineno":494}
{"timestamp":"2025-12-14T23:23:46.000618Z","level":"info","event":" ","logger":"airflow.task.hooks.airflow.providers.ssh.hooks.ssh.SSHHook","filename":"ssh.py","lineno":494}
{"timestamp":"2025-12-14T23:23:46.000666Z","level":"info","event":"  Verifying        : percona-server-mongodb-server-7.0.26-14.el9.x86_64     6/8","logger":"airflow.task.hooks.airflow.providers.ssh.hooks.ssh.SSHHook","filename":"ssh.py","lineno":494}
{"timestamp":"2025-12-14T23:23:46.000832Z","level":"info","event":" ","logger":"airflow.task.hooks.airflow.providers.ssh.hooks.ssh.SSHHook","filename":"ssh.py","lineno":494}
{"timestamp":"2025-12-14T23:23:46.000873Z","level":"info","event":"  Verifying        : percona-server-mongodb-tools-8.0.16-5.el9.x86_64       7/8","logger":"airflow.task.hooks.airflow.providers.ssh.hooks.ssh.SSHHook","filename":"ssh.py","lineno":494}
{"timestamp":"2025-12-14T23:23:46.001014Z","level":"info","event":" ","logger":"airflow.task.hooks.airflow.providers.ssh.hooks.ssh.SSHHook","filename":"ssh.py","lineno":494}
{"timestamp":"2025-12-14T23:23:46.001051Z","level":"info","event":"  Verifying        : percona-server-mongodb-tools-7.0.26-14.el9.x86_64      8/8","logger":"airflow.task.hooks.airflow.providers.ssh.hooks.ssh.SSHHook","filename":"ssh.py","lineno":494}
{"timestamp":"2025-12-14T23:23:46.111267Z","level":"info","event":" ","logger":"airflow.task.hooks.airflow.providers.ssh.hooks.ssh.SSHHook","filename":"ssh.py","lineno":494}
{"timestamp":"2025-12-14T23:23:46.111389Z","level":"info","event":"","logger":"airflow.task.hooks.airflow.providers.ssh.hooks.ssh.SSHHook","filename":"ssh.py","lineno":494}
{"timestamp":"2025-12-14T23:23:46.111432Z","level":"info","event":"Upgraded:","logger":"airflow.task.hooks.airflow.providers.ssh.hooks.ssh.SSHHook","filename":"ssh.py","lineno":494}
{"timestamp":"2025-12-14T23:23:46.111467Z","level":"info","event":"  percona-server-mongodb-8.0.16-5.el9.x86_64                                    ","logger":"airflow.task.hooks.airflow.providers.ssh.hooks.ssh.SSHHook","filename":"ssh.py","lineno":494}
{"timestamp":"2025-12-14T23:23:46.111500Z","level":"info","event":"  percona-server-mongodb-mongos-8.0.16-5.el9.x86_64                             ","logger":"airflow.task.hooks.airflow.providers.ssh.hooks.ssh.SSHHook","filename":"ssh.py","lineno":494}
{"timestamp":"2025-12-14T23:23:46.111533Z","level":"info","event":"  percona-server-mongodb-server-8.0.16-5.el9.x86_64                             ","logger":"airflow.task.hooks.airflow.providers.ssh.hooks.ssh.SSHHook","filename":"ssh.py","lineno":494}
{"timestamp":"2025-12-14T23:23:46.111564Z","level":"info","event":"  percona-server-mongodb-tools-8.0.16-5.el9.x86_64                              ","logger":"airflow.task.hooks.airflow.providers.ssh.hooks.ssh.SSHHook","filename":"ssh.py","lineno":494}
{"timestamp":"2025-12-14T23:23:46.111597Z","level":"info","event":"","logger":"airflow.task.hooks.airflow.providers.ssh.hooks.ssh.SSHHook","filename":"ssh.py","lineno":494}
{"timestamp":"2025-12-14T23:23:46.111628Z","level":"info","event":"Complete!","logger":"airflow.task.hooks.airflow.providers.ssh.hooks.ssh.SSHHook","filename":"ssh.py","lineno":494}
{"timestamp":"2025-12-14T23:23:46.169406Z","level":"info","event":"Starting MongoDB...","logger":"airflow.task.hooks.airflow.providers.ssh.hooks.ssh.SSHHook","filename":"ssh.py","lineno":494}
{"timestamp":"2025-12-14T23:23:46.248284Z","level":"info","event":"Waiting for health check...","logger":"airflow.task.hooks.airflow.providers.ssh.hooks.ssh.SSHHook","filename":"ssh.py","lineno":494}
{"timestamp":"2025-12-14T23:23:48.275076Z","level":"info","event":"MongoDB is up!","logger":"airflow.task.hooks.airflow.providers.ssh.hooks.ssh.SSHHook","filename":"ssh.py","lineno":494}
{"timestamp":"2025-12-14T23:23:48.291544Z","level":"info","event":"Pushing xcom","ti":"RuntimeTaskInstance(id=UUID('019b1f2b-d8a5-767b-ba84-0a98c45a5760'), task_id='upgrade_former_primary', dag_id='mongodb_rs_upgrade_v7_to_v8', run_id='manual__2025-12-14T23:19:56+00:00', try_number=1, dag_version_id=UUID('019b1e9d-63f4-711d-a6b7-86ce5088b46c'), map_index=-1, hostname='grow', context_carrier={}, task=<Task(SSHOperator): upgrade_former_primary>, bundle_instance=LocalDagBundle(name=dags-folder), max_tries=1, start_date=datetime.datetime(2025, 12, 14, 23, 22, 48, 227402, tzinfo=datetime.timezone.utc), end_date=None, state=<TaskInstanceState.RUNNING: 'running'>, is_mapped=False, rendered_map_index=None)","logger":"task","filename":"task_runner.py","lineno":1360}
{"timestamp":"2025-12-14T23:23:48.322095Z","level":"info","event":"Task instance in success state","logger":"task.stdout"}
{"timestamp":"2025-12-14T23:23:48.322205Z","level":"info","event":" Previous state of the Task instance: TaskInstanceState.RUNNING","logger":"task.stdout"}
{"timestamp":"2025-12-14T23:23:48.322322Z","level":"info","event":"Task operator:<Task(SSHOperator): upgrade_former_primary>","logger":"task.stdout"}
